Information: Propagating switching activity (low effort zero delay simulation). (PWR-6)
Warning: Design has unannotated primary inputs. (PWR-414)
Warning: Design has unannotated sequential cell outputs. (PWR-415)
Warning: Design has unannotated black box outputs. (PWR-428)
 
****************************************
Report : power
        -hier
        -analysis_effort low
Design : hsOptFlowTop
Version: G-2012.06-SP3
Date   : Mon Dec  3 23:35:26 2012
****************************************


Library(s) Used:

    saed32hvt_tt1p05v25c (File: /home/ff/cs250/stdcells/synopsys-32nm/multi_vt/db/saed32hvt_tt1p05v25c.db)
    saed32rvt_tt1p05v25c (File: /home/ff/cs250/stdcells/synopsys-32nm/multi_vt/db/saed32rvt_tt1p05v25c.db)
    SRAM1R1W131072x32 (File: /scratch/hsOptFlow/vlsi/ref/SRAM1R1W131072x32.db)
    saed32lvt_tt1p05v25c (File: /home/ff/cs250/stdcells/synopsys-32nm/multi_vt/db/saed32lvt_tt1p05v25c.db)
    SRAM1R1W512x32 (File: /scratch/hsOptFlow/vlsi/ref/SRAM1R1W512x32.db)


Operating Conditions: tt1p05v25c   Library: saed32hvt_tt1p05v25c
Wire Load Model Mode: Inactive.


Global Operating Voltage = 1.05 
Power-specific unit information :
    Voltage Units = 1V
    Capacitance Units = 1.000000ff
    Time Units = 1ns
    Dynamic Power Units = 1uW    (derived from V,C,T units)
    Leakage Power Units = 1pW


--------------------------------------------------------------------------------
                                       Switch   Int      Leak     Total
Hierarchy                              Power    Power    Power    Power    %
--------------------------------------------------------------------------------
hsOptFlowTop                            286.888 4.34e+03 1.03e+09 5.65e+03 100.0
  uvMemory (uvMem)                        1.806 3.32e+03 2.98e+08 3.62e+03  64.0
  iterCalc (uvIteration)                257.529  648.020 5.32e+08 1.44e+03  25.4
    winBuf3_v_row2buf (hsOptFlowTop_uvIteration_windowBuf3x3__row2buf_1)    0.399   65.715 7.97e+05   66.911   1.2
    winBuf3_v_row1buf (hsOptFlowTop_uvIteration_windowBuf3x3__row1buf_1)    0.335   65.758 8.63e+05   66.957   1.2
    winBuf3_u_row2buf (hsOptFlowTop_uvIteration_windowBuf3x3__row2buf_0)    0.145   65.721 7.63e+05   66.629   1.2
    winBuf3_u_row1buf (hsOptFlowTop_uvIteration_windowBuf3x3__row1buf_0)    0.460   65.750 8.58e+05   67.067   1.2
  pDeriv (partialDeriv)                   3.386    5.564 9.62e+06   18.571   0.3
  winBuf2x2x2 (windowBuf2x2x2)            3.472  154.468 3.19e+07  189.865   3.4
  gaussianF2 (gaussian_1)                 7.152   11.748 1.25e+07   31.355   0.6
  gaussianF1 (gaussian_0)                 7.023   11.700 1.29e+07   31.606   0.6
  winBuf5x5_2 (windowBuf5x5_1)            1.974   88.690 4.81e+07  138.742   2.5
  winBuf5x5_1 (windowBuf5x5)              1.657   88.574 4.54e+07  135.620   2.4
  control (control)                       1.472    4.038 7.34e+06   12.852   0.2
1
