 
****************************************
Report : area
Design : hsOptFlowTop
Version: G-2012.06-SP3
Date   : Mon Dec  3 23:35:20 2012
****************************************

Library(s) Used:

    saed32hvt_tt1p05v25c (File: /home/ff/cs250/stdcells/synopsys-32nm/multi_vt/db/saed32hvt_tt1p05v25c.db)
    saed32rvt_tt1p05v25c (File: /home/ff/cs250/stdcells/synopsys-32nm/multi_vt/db/saed32rvt_tt1p05v25c.db)
    SRAM1R1W131072x32 (File: /scratch/hsOptFlow/vlsi/ref/SRAM1R1W131072x32.db)
    saed32lvt_tt1p05v25c (File: /home/ff/cs250/stdcells/synopsys-32nm/multi_vt/db/saed32lvt_tt1p05v25c.db)
    SRAM1R1W512x32 (File: /scratch/hsOptFlow/vlsi/ref/SRAM1R1W512x32.db)

Number of ports:                           72
Number of nets:                          1601
Number of cells:                          747
Number of combinational cells:            683
Number of sequential cells:                55
Number of macros:                           0
Number of buf/inv:                        581
Number of references:                      24

Combinational area:       130332.920973
Buf/Inv area:             22845.004798
Noncombinational area:    4059572.840801
Net Interconnect area:      undefined  (Wire load has zero net area)

Total cell area:          4189905.761774
Total area:                 undefined

Hierarchical area distribution
------------------------------

                                  Global cell area                 Local cell area
                                  ---------------------  ------------------------------------ 
Hierarchical cell                 Absolute      Percent  Combi-       Noncombi-  Black
                                  Total         Total    national     national   boxes         Design
--------------------------------  ------------  -------  -----------  ---------  ------------  ------------------------------------------------
hsOptFlowTop                      4189905.7618    100.0    1489.0297   363.9342        0.0000  hsOptFlowTop
control                               621.1280      0.0     344.1110   265.3263        0.0000  control
control/clk_gate_count_x_reg            5.8453      0.0       0.0000     5.8453        0.0000  SNPS_CLOCK_GATE_HIGH_control_1
control/clk_gate_iterCount_reg          5.8453      0.0       0.0000     5.8453        0.0000  SNPS_CLOCK_GATE_HIGH_control_0
gaussianF1                           2483.2410      0.1    2483.2410     0.0000        0.0000  gaussian_0
gaussianF2                           2546.5228      0.1    2546.5228     0.0000        0.0000  gaussian_1
iterCalc                           158877.4963      3.8  117706.0304  3218.9880        0.0000  uvIteration
iterCalc/winBuf3_u_row1buf           9501.8433      0.2      97.5913     0.0000     9404.2520  hsOptFlowTop_uvIteration_windowBuf3x3__row1buf_0
iterCalc/winBuf3_u_row2buf           9467.2797      0.2      63.0277     0.0000     9404.2520  hsOptFlowTop_uvIteration_windowBuf3x3__row2buf_0
iterCalc/winBuf3_v_row1buf           9503.8764      0.2      99.6245     0.0000     9404.2520  hsOptFlowTop_uvIteration_windowBuf3x3__row1buf_1
iterCalc/winBuf3_v_row2buf           9479.4786      0.2      75.2266     0.0000     9404.2520  hsOptFlowTop_uvIteration_windowBuf3x3__row2buf_1
pDeriv                               1626.2674      0.0    1626.2674     0.0000        0.0000  partialDeriv
uvMemory                          3977538.1857     94.9    1237.9355   132.1549  3976162.2500  uvMem
uvMemory/clk_gate_count_reg             5.8453      0.0       0.0000     5.8453        0.0000  SNPS_CLOCK_GATE_HIGH_uvMem
winBuf2x2x2                         21395.9441      0.5    1175.9243  1411.5158    18808.5039  windowBuf2x2x2
winBuf5x5_1                         11448.0781      0.3     659.7579  1384.0683     9404.2520  windowBuf5x5
winBuf5x5_2                         11515.9345      0.3     728.6309  1383.0517     9404.2520  windowBuf5x5_1
--------------------------------  ------------  -------  -----------  ---------  ------------  ------------------------------------------------
Total                                                    130332.9210  8176.5752  4051396.2656

1
