Information: Propagating switching activity (low effort zero delay simulation). (PWR-6)
Warning: Design has unannotated primary inputs. (PWR-414)
Warning: Design has unannotated sequential cell outputs. (PWR-415)
Warning: Design has unannotated black box outputs. (PWR-428)
 
****************************************
Report : power
        -hier
        -analysis_effort low
Design : hsOptFlowTop
Version: G-2012.06-SP3
Date   : Sun Dec  2 00:20:28 2012
****************************************


Library(s) Used:

    gtech (File: /home/ff/cs250/tools/synopsys/dc/current/libraries/syn/gtech.db)


Operating Conditions: tt1p05v25c   Library: saed32hvt_tt1p05v25c
Wire Load Model Mode: enclosed

Design        Wire Load Model            Library
------------------------------------------------
hsOptFlowTop           ForQA             saed32hvt_tt1p05v25c


Global Operating Voltage = 1.05 
Power-specific unit information :
    Voltage Units = 1V
    Capacitance Units = 1.000000ff
    Time Units = 1ns
    Dynamic Power Units = 1uW    (derived from V,C,T units)
    Leakage Power Units = 1pW


--------------------------------------------------------------------------------
                                       Switch   Int      Leak     Total
Hierarchy                              Power    Power    Power    Power    %
--------------------------------------------------------------------------------
hsOptFlowTop                            315.547    0.000    0.000  315.547 100.0
  C130 (*SELECT_OP_2.26_2.1_26)           0.000    0.000    0.000    0.000   0.0
  C129 (*SELECT_OP_2.26_2.1_26)           0.000    0.000    0.000    0.000   0.0
  C128 (*SELECT_OP_2.25_2.1_25)        4.54e-03    0.000    0.000 4.54e-03   0.0
  C127 (*SELECT_OP_2.25_2.1_25)        4.60e-03    0.000    0.000 4.60e-03   0.0
  iterCalc (uvIteration)                256.216    0.000    0.000  256.216  81.2
    uvAverage (uvAvg)                     1.136    0.000    0.000    1.136   0.4
      add_1662 (*ADD_UNS_OP_32_32_32)  3.38e-02    0.000    0.000 3.38e-02   0.0
      add_1674 (*ADD_UNS_OP_32_32_32)  3.41e-02    0.000    0.000 3.41e-02   0.0
      mult_1663 (*MULT_UNS_OP_26_13_32)    0.242    0.000    0.000    0.242   0.1
      mult_1667 (*MULT_UNS_OP_26_14_32)    0.279    0.000    0.000    0.279   0.1
      mult_1675 (*MULT_UNS_OP_26_13_32)    0.244    0.000    0.000    0.244   0.1
      mult_1679 (*MULT_UNS_OP_26_14_32)    0.278    0.000    0.000    0.278   0.1
      add_1664 (*ADD_UNS_OP_26_26_26)  4.44e-03    0.000    0.000 4.44e-03   0.0
      add_1668 (*ADD_UNS_OP_26_26_26)  4.42e-03    0.000    0.000 4.42e-03   0.0
      add_1676 (*ADD_UNS_OP_26_26_26)  4.47e-03    0.000    0.000 4.47e-03   0.0
      add_1680 (*ADD_UNS_OP_26_26_26)  4.39e-03    0.000    0.000 4.39e-03   0.0
      add_1665 (*ADD_UNS_OP_26_26_26)  2.52e-03    0.000    0.000 2.52e-03   0.0
      add_1669 (*ADD_UNS_OP_26_26_26)  2.58e-03    0.000    0.000 2.58e-03   0.0
      add_1677 (*ADD_UNS_OP_26_26_26)  2.56e-03    0.000    0.000 2.56e-03   0.0
      add_1681 (*ADD_UNS_OP_26_26_26)  2.48e-03    0.000    0.000 2.48e-03   0.0
      add_1666 (*ADD_UNS_OP_26_26_26)       N/A    0.000    0.000      N/A   N/A
      add_1670 (*ADD_UNS_OP_26_26_26)       N/A    0.000    0.000      N/A   N/A
      add_1678 (*ADD_UNS_OP_26_26_26)       N/A    0.000    0.000      N/A   N/A
      add_1682 (*ADD_UNS_OP_26_26_26)       N/A    0.000    0.000      N/A   N/A
    uvCalculation (uvCalc)              169.972    0.000    0.000  169.972  53.9
      sub_1583 (*SUB_TC_OP_26_26_26)   4.53e-02    0.000    0.000 4.53e-02   0.0
      sub_1575 (*SUB_TC_OP_26_26_26)   4.54e-02    0.000    0.000 4.54e-02   0.0
      div_1584 (*DIV_TC_OP_58_32_58)     35.962    0.000    0.000   35.962  11.4
      div_1576 (*DIV_TC_OP_58_32_58)     35.953    0.000    0.000   35.953  11.4
      mult_1585 (*MULT_TC_OP_26_32_58)   23.817    0.000    0.000   23.817   7.5
      mult_1577 (*MULT_TC_OP_26_32_58)   23.825    0.000    0.000   23.825   7.6
      add_1605 (*ADD_TC_OP_32_26_32)      0.280    0.000    0.000    0.280   0.1
      add_1592 (*ADD_TC_OP_48_34_48)      0.449    0.000    0.000    0.449   0.1
      add_1609 (*ADD_TC_OP_32_32_32)   1.99e-03    0.000    0.000 1.99e-03   0.0
      add_1598 (*ADD_TC_OP_48_48_48)      0.521    0.000    0.000    0.521   0.2
      mult_1610 (*MULT_TC_OP_26_26_32)    5.002    0.000    0.000    5.002   1.6
      mult_1611 (*MULT_TC_OP_26_26_32)    4.988    0.000    0.000    4.988   1.6
      mult_1599 (*MULT_TC_OP_26_26_48)   19.545    0.000    0.000   19.545   6.2
      mult_1600 (*MULT_TC_OP_26_26_48)   19.539    0.000    0.000   19.539   6.2
    winBuf3_v (windowBuf3x3)             38.677    0.000    0.000   38.677  12.3
      C422 (*SELECT_OP_2.26_2.1_26)       0.000    0.000    0.000    0.000   0.0
      C421 (*SELECT_OP_2.26_2.1_26)       0.000    0.000    0.000    0.000   0.0
      C420 (*SELECT_OP_2.26_2.1_26)       0.000    0.000    0.000    0.000   0.0
      C419 (*SELECT_OP_2.26_2.1_26)    1.96e-02    0.000    0.000 1.96e-02   0.0
      C418 (*SELECT_OP_2.26_2.1_26)    1.75e-02    0.000    0.000 1.75e-02   0.0
      C417 (*SELECT_OP_2.26_2.1_26)    1.58e-02    0.000    0.000 1.58e-02   0.0
      C416 (*SELECT_OP_2.9_2.1_9)      8.03e-03    0.000    0.000 8.03e-03   0.0
      C415 (*SELECT_OP_2.26_2.1_26)    1.94e-02    0.000    0.000 1.94e-02   0.0
      C414 (*SELECT_OP_2.26_2.1_26)    1.73e-02    0.000    0.000 1.73e-02   0.0
      C413 (*SELECT_OP_2.26_2.1_26)    1.56e-02    0.000    0.000 1.56e-02   0.0
      C412 (*SELECT_OP_2.9_2.1_9)      9.52e-03    0.000    0.000 9.52e-03   0.0
      C411 (*SELECT_OP_2.9_2.1_9)      5.11e-03    0.000    0.000 5.11e-03   0.0
      add_1472 (*ADD_UNS_OP_9_1_9)          N/A    0.000    0.000      N/A   N/A
      add_1465 (*ADD_UNS_OP_9_1_9)          N/A    0.000    0.000      N/A   N/A
      row1buf (hsOptFlowTop_uvIteration_windowBuf3x3__row1buf)   15.366    0.000    0.000   15.366   4.9
      row2buf (hsOptFlowTop_uvIteration_windowBuf3x3__row2buf)   15.377    0.000    0.000   15.377   4.9
    winBuf3_u (windowBuf3x3)             38.677    0.000    0.000   38.677  12.3
      C422 (*SELECT_OP_2.26_2.1_26)       0.000    0.000    0.000    0.000   0.0
      C421 (*SELECT_OP_2.26_2.1_26)       0.000    0.000    0.000    0.000   0.0
      C420 (*SELECT_OP_2.26_2.1_26)       0.000    0.000    0.000    0.000   0.0
      C419 (*SELECT_OP_2.26_2.1_26)    1.95e-02    0.000    0.000 1.95e-02   0.0
      C418 (*SELECT_OP_2.26_2.1_26)    1.74e-02    0.000    0.000 1.74e-02   0.0
      C417 (*SELECT_OP_2.26_2.1_26)    1.58e-02    0.000    0.000 1.58e-02   0.0
      C416 (*SELECT_OP_2.9_2.1_9)      8.07e-03    0.000    0.000 8.07e-03   0.0
      C415 (*SELECT_OP_2.26_2.1_26)    1.94e-02    0.000    0.000 1.94e-02   0.0
      C414 (*SELECT_OP_2.26_2.1_26)    1.73e-02    0.000    0.000 1.73e-02   0.0
      C413 (*SELECT_OP_2.26_2.1_26)    1.56e-02    0.000    0.000 1.56e-02   0.0
      C412 (*SELECT_OP_2.9_2.1_9)      9.56e-03    0.000    0.000 9.56e-03   0.0
      C411 (*SELECT_OP_2.9_2.1_9)      5.11e-03    0.000    0.000 5.11e-03   0.0
      add_1472 (*ADD_UNS_OP_9_1_9)          N/A    0.000    0.000      N/A   N/A
      add_1465 (*ADD_UNS_OP_9_1_9)          N/A    0.000    0.000      N/A   N/A
      row1buf (hsOptFlowTop_uvIteration_windowBuf3x3__row1buf)   15.366    0.000    0.000   15.366   4.9
      row2buf (hsOptFlowTop_uvIteration_windowBuf3x3__row2buf)   15.377    0.000    0.000   15.377   4.9
  pDeriv (partialDeriv)                   2.585    0.000    0.000    2.585   0.8
    add_1364 (*ADD_TC_OP_26_26_26)        0.184    0.000    0.000    0.184   0.1
    add_1373 (*ADD_TC_OP_26_26_26)        0.605    0.000    0.000    0.605   0.2
    add_1382 (*ADD_TC_OP_26_26_26)        0.603    0.000    0.000    0.603   0.2
    sub_1365 (*SUB_TC_OP_26_26_26)     9.16e-02    0.000    0.000 9.16e-02   0.0
    sub_1368 (*SUB_TC_OP_26_26_26)     3.07e-02    0.000    0.000 3.07e-02   0.0
    sub_1374 (*SUB_TC_OP_26_26_26)        0.106    0.000    0.000    0.106   0.0
    sub_1377 (*SUB_TC_OP_26_26_26)        0.106    0.000    0.000    0.106   0.0
    sub_1383 (*SUB_TC_OP_26_26_26)        0.104    0.000    0.000    0.104   0.0
    sub_1386 (*SUB_TC_OP_26_26_26)        0.103    0.000    0.000    0.103   0.0
    add_1366 (*ADD_TC_OP_26_26_26)     6.70e-02    0.000    0.000 6.70e-02   0.0
    add_1369 (*ADD_TC_OP_26_26_26)          N/A    0.000    0.000      N/A   N/A
    add_1375 (*ADD_TC_OP_26_26_26)          N/A    0.000    0.000      N/A   N/A
    add_1378 (*ADD_TC_OP_26_26_26)          N/A    0.000    0.000      N/A   N/A
    add_1384 (*ADD_TC_OP_26_26_26)     7.78e-02    0.000    0.000 7.78e-02   0.0
    add_1387 (*ADD_TC_OP_26_26_26)     7.78e-02    0.000    0.000 7.78e-02   0.0
    sub_1367 (*SUB_TC_OP_26_26_26)     7.42e-02    0.000    0.000 7.42e-02   0.0
    sub_1370 (*SUB_TC_OP_26_26_26)     1.90e-02    0.000    0.000 1.90e-02   0.0
    sub_1376 (*SUB_TC_OP_26_26_26)     6.50e-02    0.000    0.000 6.50e-02   0.0
    sub_1379 (*SUB_TC_OP_26_26_26)     6.47e-02    0.000    0.000 6.47e-02   0.0
    sub_1385 (*SUB_TC_OP_26_26_26)          N/A    0.000    0.000      N/A   N/A
    sub_1388 (*SUB_TC_OP_26_26_26)          N/A    0.000    0.000      N/A   N/A
  winBuf2x2x2 (windowBuf2x2x2)           39.158    0.000    0.000   39.158  12.4
    C358 (*SELECT_OP_2.26_2.1_26)      4.41e-03    0.000    0.000 4.41e-03   0.0
    C357 (*SELECT_OP_2.26_2.1_26)      3.97e-03    0.000    0.000 3.97e-03   0.0
    C356 (*SELECT_OP_2.26_2.1_26)      1.94e-02    0.000    0.000 1.94e-02   0.0
    C355 (*SELECT_OP_2.26_2.1_26)      1.73e-02    0.000    0.000 1.73e-02   0.0
    C354 (*SELECT_OP_2.26_2.1_26)      4.46e-03    0.000    0.000 4.46e-03   0.0
    C353 (*SELECT_OP_2.26_2.1_26)      4.01e-03    0.000    0.000 4.01e-03   0.0
    C352 (*SELECT_OP_2.9_2.1_9)        8.04e-03    0.000    0.000 8.04e-03   0.0
    C351 (*SELECT_OP_2.26_2.1_26)      1.94e-02    0.000    0.000 1.94e-02   0.0
    C350 (*SELECT_OP_2.26_2.1_26)      1.73e-02    0.000    0.000 1.73e-02   0.0
    C349 (*SELECT_OP_2.9_2.1_9)        9.62e-03    0.000    0.000 9.62e-03   0.0
    add_1273 (*ADD_UNS_OP_9_1_9)            N/A    0.000    0.000      N/A   N/A
    rowbuf1 (hsOptFlowTop_windowBuf2x2x2__rowbuf1)   15.401    0.000    0.000   15.401   4.9
    rowbuf2 (hsOptFlowTop_windowBuf2x2x2__rowbuf2)   15.401    0.000    0.000   15.401   4.9
  gaussianF2 (gaussian)                   9.884    0.000    0.000    9.884   3.1
    add_976 (*ADD_UNS_OP_25_25_25)        0.226    0.000    0.000    0.226   0.1
    add_1057 (*ADD_UNS_OP_24_25_25)       0.203    0.000    0.000    0.203   0.1
    add_978 (*ADD_UNS_OP_24_19_25)        0.101    0.000    0.000    0.101   0.0
    add_1129 (*ADD_UNS_OP_22_23_24)       0.117    0.000    0.000    0.117   0.0
    add_1059 (*ADD_UNS_OP_23_24_25)       0.169    0.000    0.000    0.169   0.1
    add_987 (*ADD_UNS_OP_23_22_24)        0.119    0.000    0.000    0.119   0.0
    add_1165 (*ADD_UNS_OP_21_21_22)    6.29e-02    0.000    0.000 6.29e-02   0.0
    add_1131 (*ADD_UNS_OP_21_22_23)    9.94e-02    0.000    0.000 9.94e-02   0.0
    add_1095 (*ADD_UNS_OP_22_22_23)       0.106    0.000    0.000    0.106   0.0
    add_1061 (*ADD_UNS_OP_23_21_24)    9.73e-02    0.000    0.000 9.73e-02   0.0
    add_1023 (*ADD_UNS_OP_22_22_23)    9.77e-02    0.000    0.000 9.77e-02   0.0
    add_989 (*ADD_UNS_OP_21_21_22)     6.29e-02    0.000    0.000 6.29e-02   0.0
    add_1183 (*ADD_UNS_OP_19_20_21)    5.11e-02    0.000    0.000 5.11e-02   0.0
    add_1167 (*ADD_UNS_OP_20_20_21)    4.43e-02    0.000    0.000 4.43e-02   0.0
    add_1149 (*ADD_UNS_OP_19_20_21)    8.33e-02    0.000    0.000 8.33e-02   0.0
    add_1133 (*ADD_UNS_OP_21_21_22)    4.49e-02    0.000    0.000 4.49e-02   0.0
    add_1113 (*ADD_UNS_OP_21_20_22)    6.82e-02    0.000    0.000 6.82e-02   0.0
    add_1097 (*ADD_UNS_OP_20_21_22)    5.51e-02    0.000    0.000 5.51e-02   0.0
    add_1079 (*ADD_UNS_OP_22_21_23)    4.51e-02    0.000    0.000 4.51e-02   0.0
    add_1063 (*ADD_UNS_OP_20_20_21)    8.29e-02    0.000    0.000 8.29e-02   0.0
    add_1041 (*ADD_UNS_OP_21_21_22)    4.50e-02    0.000    0.000 4.50e-02   0.0
    add_1025 (*ADD_UNS_OP_21_20_22)    6.84e-02    0.000    0.000 6.84e-02   0.0
    add_1007 (*ADD_UNS_OP_19_20_21)    5.11e-02    0.000    0.000 5.11e-02   0.0
    add_991 (*ADD_UNS_OP_20_20_21)     4.48e-02    0.000    0.000 4.48e-02   0.0
    mult_1194 (*MULT_UNS_OP_11_8_19)      0.313    0.000    0.000    0.313   0.1
    mult_1187 (*MULT_UNS_OP_12_8_20)      0.323    0.000    0.000    0.323   0.1
    mult_1178 (*MULT_UNS_OP_12_8_20)      0.242    0.000    0.000    0.242   0.1
    mult_1171 (*MULT_UNS_OP_12_8_20)      0.265    0.000    0.000    0.265   0.1
    mult_1160 (*MULT_UNS_OP_11_8_19)      0.439    0.000    0.000    0.439   0.1
    mult_1153 (*MULT_UNS_OP_12_8_20)      0.355    0.000    0.000    0.355   0.1
    mult_1144 (*MULT_UNS_OP_13_8_21)      0.220    0.000    0.000    0.220   0.1
    mult_1137 (*MULT_UNS_OP_13_8_21)      0.321    0.000    0.000    0.321   0.1
    mult_1124 (*MULT_UNS_OP_13_8_21)      0.181    0.000    0.000    0.181   0.1
    mult_1117 (*MULT_UNS_OP_12_8_20)      0.506    0.000    0.000    0.506   0.2
    mult_1108 (*MULT_UNS_OP_12_8_20)      0.298    0.000    0.000    0.298   0.1
    mult_1101 (*MULT_UNS_OP_13_8_21)      0.363    0.000    0.000    0.363   0.1
    mult_1090 (*MULT_UNS_OP_14_8_22)      0.285    0.000    0.000    0.285   0.1
    mult_1083 (*MULT_UNS_OP_13_8_21)      0.297    0.000    0.000    0.297   0.1
    mult_1074 (*MULT_UNS_OP_12_8_20)      0.394    0.000    0.000    0.394   0.1
    mult_1067 (*MULT_UNS_OP_12_8_20)      0.354    0.000    0.000    0.354   0.1
    mult_1052 (*MULT_UNS_OP_13_8_21)      0.219    0.000    0.000    0.219   0.1
    mult_1045 (*MULT_UNS_OP_13_8_21)      0.322    0.000    0.000    0.322   0.1
    mult_1036 (*MULT_UNS_OP_13_8_21)      0.181    0.000    0.000    0.181   0.1
    mult_1029 (*MULT_UNS_OP_12_8_20)      0.508    0.000    0.000    0.508   0.2
    mult_1018 (*MULT_UNS_OP_11_8_19)      0.312    0.000    0.000    0.312   0.1
    mult_1011 (*MULT_UNS_OP_12_8_20)      0.321    0.000    0.000    0.321   0.1
    mult_1002 (*MULT_UNS_OP_12_8_20)      0.242    0.000    0.000    0.242   0.1
    mult_995 (*MULT_UNS_OP_12_8_20)       0.266    0.000    0.000    0.266   0.1
    mult_982 (*MULT_UNS_OP_11_8_19)       0.210    0.000    0.000    0.210   0.1
  gaussianF1 (gaussian)                   9.856    0.000    0.000    9.856   3.1
    add_976 (*ADD_UNS_OP_25_25_25)        0.227    0.000    0.000    0.227   0.1
    add_1057 (*ADD_UNS_OP_24_25_25)       0.204    0.000    0.000    0.204   0.1
    add_978 (*ADD_UNS_OP_24_19_25)        0.101    0.000    0.000    0.101   0.0
    add_1129 (*ADD_UNS_OP_22_23_24)       0.117    0.000    0.000    0.117   0.0
    add_1059 (*ADD_UNS_OP_23_24_25)       0.169    0.000    0.000    0.169   0.1
    add_987 (*ADD_UNS_OP_23_22_24)        0.119    0.000    0.000    0.119   0.0
    add_1165 (*ADD_UNS_OP_21_21_22)    6.28e-02    0.000    0.000 6.28e-02   0.0
    add_1131 (*ADD_UNS_OP_21_22_23)    9.95e-02    0.000    0.000 9.95e-02   0.0
    add_1095 (*ADD_UNS_OP_22_22_23)       0.106    0.000    0.000    0.106   0.0
    add_1061 (*ADD_UNS_OP_23_21_24)    9.72e-02    0.000    0.000 9.72e-02   0.0
    add_1023 (*ADD_UNS_OP_22_22_23)    9.71e-02    0.000    0.000 9.71e-02   0.0
    add_989 (*ADD_UNS_OP_21_21_22)     6.28e-02    0.000    0.000 6.28e-02   0.0
    add_1183 (*ADD_UNS_OP_19_20_21)    5.09e-02    0.000    0.000 5.09e-02   0.0
    add_1167 (*ADD_UNS_OP_20_20_21)    4.40e-02    0.000    0.000 4.40e-02   0.0
    add_1149 (*ADD_UNS_OP_19_20_21)    8.33e-02    0.000    0.000 8.33e-02   0.0
    add_1133 (*ADD_UNS_OP_21_21_22)    4.49e-02    0.000    0.000 4.49e-02   0.0
    add_1113 (*ADD_UNS_OP_21_20_22)    6.81e-02    0.000    0.000 6.81e-02   0.0
    add_1097 (*ADD_UNS_OP_20_21_22)    5.49e-02    0.000    0.000 5.49e-02   0.0
    add_1079 (*ADD_UNS_OP_22_21_23)    4.48e-02    0.000    0.000 4.48e-02   0.0
    add_1063 (*ADD_UNS_OP_20_20_21)    8.28e-02    0.000    0.000 8.28e-02   0.0
    add_1041 (*ADD_UNS_OP_21_21_22)    4.50e-02    0.000    0.000 4.50e-02   0.0
    add_1025 (*ADD_UNS_OP_21_20_22)    6.83e-02    0.000    0.000 6.83e-02   0.0
    add_1007 (*ADD_UNS_OP_19_20_21)    5.12e-02    0.000    0.000 5.12e-02   0.0
    add_991 (*ADD_UNS_OP_20_20_21)     4.43e-02    0.000    0.000 4.43e-02   0.0
    mult_1194 (*MULT_UNS_OP_11_8_19)      0.312    0.000    0.000    0.312   0.1
    mult_1187 (*MULT_UNS_OP_12_8_20)      0.320    0.000    0.000    0.320   0.1
    mult_1178 (*MULT_UNS_OP_12_8_20)      0.240    0.000    0.000    0.240   0.1
    mult_1171 (*MULT_UNS_OP_12_8_20)      0.262    0.000    0.000    0.262   0.1
    mult_1160 (*MULT_UNS_OP_11_8_19)      0.438    0.000    0.000    0.438   0.1
    mult_1153 (*MULT_UNS_OP_12_8_20)      0.354    0.000    0.000    0.354   0.1
    mult_1144 (*MULT_UNS_OP_13_8_21)      0.220    0.000    0.000    0.220   0.1
    mult_1137 (*MULT_UNS_OP_13_8_21)      0.322    0.000    0.000    0.322   0.1
    mult_1124 (*MULT_UNS_OP_13_8_21)      0.181    0.000    0.000    0.181   0.1
    mult_1117 (*MULT_UNS_OP_12_8_20)      0.505    0.000    0.000    0.505   0.2
    mult_1108 (*MULT_UNS_OP_12_8_20)      0.296    0.000    0.000    0.296   0.1
    mult_1101 (*MULT_UNS_OP_13_8_21)      0.359    0.000    0.000    0.359   0.1
    mult_1090 (*MULT_UNS_OP_14_8_22)      0.283    0.000    0.000    0.283   0.1
    mult_1083 (*MULT_UNS_OP_13_8_21)      0.295    0.000    0.000    0.295   0.1
    mult_1074 (*MULT_UNS_OP_12_8_20)      0.396    0.000    0.000    0.396   0.1
    mult_1067 (*MULT_UNS_OP_12_8_20)      0.356    0.000    0.000    0.356   0.1
    mult_1052 (*MULT_UNS_OP_13_8_21)      0.221    0.000    0.000    0.221   0.1
    mult_1045 (*MULT_UNS_OP_13_8_21)      0.324    0.000    0.000    0.324   0.1
    mult_1036 (*MULT_UNS_OP_13_8_21)      0.182    0.000    0.000    0.182   0.1
    mult_1029 (*MULT_UNS_OP_12_8_20)      0.504    0.000    0.000    0.504   0.2
    mult_1018 (*MULT_UNS_OP_11_8_19)      0.311    0.000    0.000    0.311   0.1
    mult_1011 (*MULT_UNS_OP_12_8_20)      0.319    0.000    0.000    0.319   0.1
    mult_1002 (*MULT_UNS_OP_12_8_20)      0.240    0.000    0.000    0.240   0.1
    mult_995 (*MULT_UNS_OP_12_8_20)       0.262    0.000    0.000    0.262   0.1
    mult_982 (*MULT_UNS_OP_11_8_19)       0.208    0.000    0.000    0.208   0.1
  winBuf5x5_2 (windowBuf5x5_1)           15.898    0.000    0.000   15.898   5.0
    C483 (*SELECT_OP_2.8_2.1_8)        5.93e-03    0.000    0.000 5.93e-03   0.0
    C482 (*SELECT_OP_2.8_2.1_8)        5.28e-03    0.000    0.000 5.28e-03   0.0
    C481 (*SELECT_OP_2.8_2.1_8)        4.78e-03    0.000    0.000 4.78e-03   0.0
    C480 (*SELECT_OP_2.8_2.1_8)        4.36e-03    0.000    0.000 4.36e-03   0.0
    C479 (*SELECT_OP_2.8_2.1_8)        3.92e-03    0.000    0.000 3.92e-03   0.0
    C478 (*SELECT_OP_2.8_2.1_8)        6.06e-03    0.000    0.000 6.06e-03   0.0
    C477 (*SELECT_OP_2.8_2.1_8)        5.42e-03    0.000    0.000 5.42e-03   0.0
    C476 (*SELECT_OP_2.8_2.1_8)        4.89e-03    0.000    0.000 4.89e-03   0.0
    C475 (*SELECT_OP_2.8_2.1_8)        4.46e-03    0.000    0.000 4.46e-03   0.0
    C474 (*SELECT_OP_2.8_2.1_8)        4.01e-03    0.000    0.000 4.01e-03   0.0
    C473 (*SELECT_OP_2.8_2.1_8)        5.98e-03    0.000    0.000 5.98e-03   0.0
    C472 (*SELECT_OP_2.8_2.1_8)        5.31e-03    0.000    0.000 5.31e-03   0.0
    C471 (*SELECT_OP_2.8_2.1_8)        4.79e-03    0.000    0.000 4.79e-03   0.0
    C470 (*SELECT_OP_2.8_2.1_8)        4.37e-03    0.000    0.000 4.37e-03   0.0
    C469 (*SELECT_OP_2.8_2.1_8)        3.93e-03    0.000    0.000 3.93e-03   0.0
    C468 (*SELECT_OP_2.8_2.1_8)        6.00e-03    0.000    0.000 6.00e-03   0.0
    C467 (*SELECT_OP_2.8_2.1_8)        5.38e-03    0.000    0.000 5.38e-03   0.0
    C466 (*SELECT_OP_2.8_2.1_8)        4.86e-03    0.000    0.000 4.86e-03   0.0
    C465 (*SELECT_OP_2.8_2.1_8)        4.42e-03    0.000    0.000 4.42e-03   0.0
    C464 (*SELECT_OP_2.8_2.1_8)        3.97e-03    0.000    0.000 3.97e-03   0.0
    C463 (*SELECT_OP_2.9_2.1_9)        8.03e-03    0.000    0.000 8.03e-03   0.0
    C462 (*SELECT_OP_2.8_2.1_8)        5.98e-03    0.000    0.000 5.98e-03   0.0
    C461 (*SELECT_OP_2.8_2.1_8)        5.33e-03    0.000    0.000 5.33e-03   0.0
    C460 (*SELECT_OP_2.8_2.1_8)        4.83e-03    0.000    0.000 4.83e-03   0.0
    C459 (*SELECT_OP_2.8_2.1_8)        4.42e-03    0.000    0.000 4.42e-03   0.0
    C458 (*SELECT_OP_2.8_2.1_8)        3.99e-03    0.000    0.000 3.99e-03   0.0
    C457 (*SELECT_OP_2.9_2.1_9)        9.57e-03    0.000    0.000 9.57e-03   0.0
    C456 (*SELECT_OP_2.9_2.1_9)        3.43e-03    0.000    0.000 3.43e-03   0.0
    add_635 (*ADD_UNS_OP_9_1_9)             N/A    0.000    0.000      N/A   N/A
    add_628 (*ADD_UNS_OP_9_1_9)             N/A    0.000    0.000      N/A   N/A
    rowbuf (hsOptFlowTop_windowBuf5x5__rowbuf)   15.417    0.000    0.000   15.417   4.9
  winBuf5x5_1 (windowBuf5x5)             15.897    0.000    0.000   15.897   5.0
    C483 (*SELECT_OP_2.8_2.1_8)        5.99e-03    0.000    0.000 5.99e-03   0.0
    C482 (*SELECT_OP_2.8_2.1_8)        5.34e-03    0.000    0.000 5.34e-03   0.0
    C481 (*SELECT_OP_2.8_2.1_8)        4.82e-03    0.000    0.000 4.82e-03   0.0
    C480 (*SELECT_OP_2.8_2.1_8)        4.40e-03    0.000    0.000 4.40e-03   0.0
    C479 (*SELECT_OP_2.8_2.1_8)        3.96e-03    0.000    0.000 3.96e-03   0.0
    C478 (*SELECT_OP_2.8_2.1_8)        6.01e-03    0.000    0.000 6.01e-03   0.0
    C477 (*SELECT_OP_2.8_2.1_8)        5.35e-03    0.000    0.000 5.35e-03   0.0
    C476 (*SELECT_OP_2.8_2.1_8)        4.82e-03    0.000    0.000 4.82e-03   0.0
    C475 (*SELECT_OP_2.8_2.1_8)        4.41e-03    0.000    0.000 4.41e-03   0.0
    C474 (*SELECT_OP_2.8_2.1_8)        3.97e-03    0.000    0.000 3.97e-03   0.0
    C473 (*SELECT_OP_2.8_2.1_8)        5.98e-03    0.000    0.000 5.98e-03   0.0
    C472 (*SELECT_OP_2.8_2.1_8)        5.31e-03    0.000    0.000 5.31e-03   0.0
    C471 (*SELECT_OP_2.8_2.1_8)        4.80e-03    0.000    0.000 4.80e-03   0.0
    C470 (*SELECT_OP_2.8_2.1_8)        4.37e-03    0.000    0.000 4.37e-03   0.0
    C469 (*SELECT_OP_2.8_2.1_8)        3.94e-03    0.000    0.000 3.94e-03   0.0
    C468 (*SELECT_OP_2.8_2.1_8)        6.00e-03    0.000    0.000 6.00e-03   0.0
    C467 (*SELECT_OP_2.8_2.1_8)        5.36e-03    0.000    0.000 5.36e-03   0.0
    C466 (*SELECT_OP_2.8_2.1_8)        4.85e-03    0.000    0.000 4.85e-03   0.0
    C465 (*SELECT_OP_2.8_2.1_8)        4.42e-03    0.000    0.000 4.42e-03   0.0
    C464 (*SELECT_OP_2.8_2.1_8)        3.96e-03    0.000    0.000 3.96e-03   0.0
    C463 (*SELECT_OP_2.9_2.1_9)        7.91e-03    0.000    0.000 7.91e-03   0.0
    C462 (*SELECT_OP_2.8_2.1_8)        5.95e-03    0.000    0.000 5.95e-03   0.0
    C461 (*SELECT_OP_2.8_2.1_8)        5.31e-03    0.000    0.000 5.31e-03   0.0
    C460 (*SELECT_OP_2.8_2.1_8)        4.80e-03    0.000    0.000 4.80e-03   0.0
    C459 (*SELECT_OP_2.8_2.1_8)        4.37e-03    0.000    0.000 4.37e-03   0.0
    C458 (*SELECT_OP_2.8_2.1_8)        3.94e-03    0.000    0.000 3.94e-03   0.0
    C457 (*SELECT_OP_2.9_2.1_9)        9.45e-03    0.000    0.000 9.45e-03   0.0
    C456 (*SELECT_OP_2.9_2.1_9)        3.43e-03    0.000    0.000 3.43e-03   0.0
    add_418 (*ADD_UNS_OP_9_1_9)             N/A    0.000    0.000      N/A   N/A
    add_411 (*ADD_UNS_OP_9_1_9)             N/A    0.000    0.000      N/A   N/A
    rowbuf (hsOptFlowTop_windowBuf5x5__rowbuf)   15.417    0.000    0.000   15.417   4.9
  control (control)                         N/A    0.000    0.000      N/A   N/A
    C666 (*SELECT_OP_2.8_2.1_8)           0.000    0.000    0.000    0.000   0.0
    C665 (*SELECT_OP_2.9_2.1_9)        5.13e-03    0.000    0.000 5.13e-03   0.0
    C664 (*SELECT_OP_2.2_2.1_2)        5.40e-04    0.000    0.000 5.40e-04   0.0
    C663 (*SELECT_OP_2.8_2.1_8)        4.46e-04    0.000    0.000 4.46e-04   0.0
    C662 (*SELECT_OP_2.1_2.1_1)           0.000    0.000    0.000    0.000   0.0
    C661 (*SELECT_OP_2.8_2.1_8)        4.58e-04    0.000    0.000 4.58e-04   0.0
    C660 (*SELECT_OP_2.8_2.1_8)        4.58e-04    0.000    0.000 4.58e-04   0.0
    C659 (*SELECT_OP_2.8_2.1_8)        4.58e-04    0.000    0.000 4.58e-04   0.0
    C658 (*SELECT_OP_2.8_2.1_8)        4.58e-04    0.000    0.000 4.58e-04   0.0
    C657 (*SELECT_OP_2.8_2.1_8)        4.58e-04    0.000    0.000 4.58e-04   0.0
    C656 (*SELECT_OP_2.8_2.1_8)        4.58e-04    0.000    0.000 4.58e-04   0.0
    C655 (*SELECT_OP_2.2_2.1_2)           0.000    0.000    0.000    0.000   0.0
    C654 (*SELECT_OP_2.2_2.1_2)           0.000    0.000    0.000    0.000   0.0
    C653 (*SELECT_OP_2.8_2.1_8)           0.000    0.000    0.000    0.000   0.0
    C652 (*SELECT_OP_2.8_2.1_8)           0.000    0.000    0.000    0.000   0.0
    C651 (*SELECT_OP_2.8_2.1_8)           0.000    0.000    0.000    0.000   0.0
    C650 (*SELECT_OP_2.8_2.1_8)           0.000    0.000    0.000    0.000   0.0
    C649 (*SELECT_OP_2.8_2.1_8)           0.000    0.000    0.000    0.000   0.0
    C648 (*SELECT_OP_2.8_2.1_8)           0.000    0.000    0.000    0.000   0.0
    C647 (*SELECT_OP_2.9_2.1_9)        5.10e-03    0.000    0.000 5.10e-03   0.0
    C646 (*SELECT_OP_2.9_2.1_9)        5.10e-03    0.000    0.000 5.10e-03   0.0
    C645 (*SELECT_OP_2.9_2.1_9)        5.10e-03    0.000    0.000 5.10e-03   0.0
    C644 (*SELECT_OP_2.9_2.1_9)        5.10e-03    0.000    0.000 5.10e-03   0.0
    C643 (*SELECT_OP_2.9_2.1_9)        5.10e-03    0.000    0.000 5.10e-03   0.0
    C642 (*SELECT_OP_2.9_2.1_9)        5.10e-03    0.000    0.000 5.10e-03   0.0
    sub_223 (*SUB_UNS_OP_9_2_9)           0.410    0.000    0.000    0.410   0.1
    add_169 (*ADD_UNS_OP_9_1_9)        6.88e-03    0.000    0.000 6.88e-03   0.0
    add_164 (*ADD_UNS_OP_9_1_9)        6.88e-03    0.000    0.000 6.88e-03   0.0
    add_159 (*ADD_UNS_OP_9_1_9)        6.88e-03    0.000    0.000 6.88e-03   0.0
    add_231 (*ADD_UNS_OP_8_1_8)        8.26e-04    0.000    0.000 8.26e-04   0.0
    add_227 (*ADD_UNS_OP_8_1_8)        8.26e-04    0.000    0.000 8.26e-04   0.0
    add_220 (*ADD_UNS_OP_8_1_8)        8.26e-04    0.000    0.000 8.26e-04   0.0
    add_194 (*ADD_UNS_OP_8_1_8)           0.000    0.000    0.000    0.000   0.0
    add_190 (*ADD_UNS_OP_8_1_8)           0.000    0.000    0.000    0.000   0.0
    add_186 (*ADD_UNS_OP_8_1_8)           0.000    0.000    0.000    0.000   0.0
    eq_260 (*EQ_UNS_OP_9_9_1)          2.87e-02    0.000    0.000 2.87e-02   0.0
    eq_258 (*EQ_UNS_OP_9_9_1)          3.70e-02    0.000    0.000 3.70e-02   0.0
    eq_256 (*EQ_UNS_OP_9_9_1)          3.63e-02    0.000    0.000 3.63e-02   0.0
    eq_254 (*EQ_UNS_OP_9_9_1)          3.03e-02    0.000    0.000 3.03e-02   0.0
    eq_239 (*EQ_UNS_OP_9_9_1)          2.87e-02    0.000    0.000 2.87e-02   0.0
    eq_238 (*EQ_UNS_OP_9_9_1)          3.03e-02    0.000    0.000 3.03e-02   0.0
    eq_233 (*EQ_UNS_OP_9_9_1)          3.09e-02    0.000    0.000 3.09e-02   0.0
    eq_229 (*EQ_UNS_OP_9_9_1)          3.09e-02    0.000    0.000 3.09e-02   0.0
    eq_222 (*EQ_UNS_OP_9_9_1)          3.09e-02    0.000    0.000 3.09e-02   0.0
1
