Warning: Design 'hsOptFlowTop' has '5' unresolved references. For more detailed information, use the "link" command. (UID-341)
 
****************************************
Report : resources
Design : hsOptFlowTop
Version: G-2012.06-SP3
Date   : Sun Dec  2 00:20:33 2012
****************************************


Resource sharing reports are created during the compile command,
so the design must be compiled before resource sharing can be reported.

No implementations to report

No multiplexors to report
 
****************************************
Design : uvIteration
****************************************

No resource sharing information to report.

No implementations to report

No multiplexors to report
 
****************************************
Design : uvAvg
****************************************

Resource sharing reports are created during the compile command,
so the design must be compiled before resource sharing can be reported.

No implementations to report

No multiplexors to report
 
****************************************
Design : *ADD_UNS_OP_26_26_26
****************************************

No resource sharing information to report.

No implementations to report

No multiplexors to report
 
****************************************
Design : DW01_add_width26
****************************************

No resource sharing information to report.

No implementations to report

No multiplexors to report
 
****************************************
Design : *ADD_UNS_OP_26_26_26
****************************************

No resource sharing information to report.

No implementations to report

No multiplexors to report
 
****************************************
Design : DW01_add_width26
****************************************

No resource sharing information to report.

No implementations to report

No multiplexors to report
 
****************************************
Design : *ADD_UNS_OP_26_26_26
****************************************

No resource sharing information to report.

No implementations to report

No multiplexors to report
 
****************************************
Design : DW01_add_width26
****************************************

No resource sharing information to report.

No implementations to report

No multiplexors to report
 
****************************************
Design : *MULT_UNS_OP_26_14_32
****************************************

No resource sharing information to report.

No implementations to report

No multiplexors to report
 
****************************************
Design : DW02_mult
****************************************

No resource sharing information to report.

No implementations to report

No multiplexors to report
 
****************************************
Design : *ADD_UNS_OP_26_26_26
****************************************

No resource sharing information to report.

No implementations to report

No multiplexors to report
 
****************************************
Design : DW01_add_width26
****************************************

No resource sharing information to report.

No implementations to report

No multiplexors to report
 
****************************************
Design : *ADD_UNS_OP_26_26_26
****************************************

No resource sharing information to report.

No implementations to report

No multiplexors to report
 
****************************************
Design : DW01_add_width26
****************************************

No resource sharing information to report.

No implementations to report

No multiplexors to report
 
****************************************
Design : *ADD_UNS_OP_26_26_26
****************************************

No resource sharing information to report.

No implementations to report

No multiplexors to report
 
****************************************
Design : DW01_add_width26
****************************************

No resource sharing information to report.

No implementations to report

No multiplexors to report
 
****************************************
Design : *MULT_UNS_OP_26_13_32
****************************************

No resource sharing information to report.

No implementations to report

No multiplexors to report
 
****************************************
Design : DW02_mult
****************************************

No resource sharing information to report.

No implementations to report

No multiplexors to report
 
****************************************
Design : *ADD_UNS_OP_32_32_32
****************************************

No resource sharing information to report.

No implementations to report

No multiplexors to report
 
****************************************
Design : DW01_add_width32
****************************************

No resource sharing information to report.

No implementations to report

No multiplexors to report
 
****************************************
Design : *ADD_UNS_OP_26_26_26
****************************************

No resource sharing information to report.

No implementations to report

No multiplexors to report
 
****************************************
Design : DW01_add_width26
****************************************

No resource sharing information to report.

No implementations to report

No multiplexors to report
 
****************************************
Design : *ADD_UNS_OP_26_26_26
****************************************

No resource sharing information to report.

No implementations to report

No multiplexors to report
 
****************************************
Design : DW01_add_width26
****************************************

No resource sharing information to report.

No implementations to report

No multiplexors to report
 
****************************************
Design : *ADD_UNS_OP_26_26_26
****************************************

No resource sharing information to report.

No implementations to report

No multiplexors to report
 
****************************************
Design : DW01_add_width26
****************************************

No resource sharing information to report.

No implementations to report

No multiplexors to report
 
****************************************
Design : *MULT_UNS_OP_26_14_32
****************************************

No resource sharing information to report.

No implementations to report

No multiplexors to report
 
****************************************
Design : DW02_mult
****************************************

No resource sharing information to report.

No implementations to report

No multiplexors to report
 
****************************************
Design : *ADD_UNS_OP_26_26_26
****************************************

No resource sharing information to report.

No implementations to report

No multiplexors to report
 
****************************************
Design : DW01_add_width26
****************************************

No resource sharing information to report.

No implementations to report

No multiplexors to report
 
****************************************
Design : *ADD_UNS_OP_26_26_26
****************************************

No resource sharing information to report.

No implementations to report

No multiplexors to report
 
****************************************
Design : DW01_add_width26
****************************************

No resource sharing information to report.

No implementations to report

No multiplexors to report
 
****************************************
Design : *ADD_UNS_OP_26_26_26
****************************************

No resource sharing information to report.

No implementations to report

No multiplexors to report
 
****************************************
Design : DW01_add_width26
****************************************

No resource sharing information to report.

No implementations to report

No multiplexors to report
 
****************************************
Design : *MULT_UNS_OP_26_13_32
****************************************

No resource sharing information to report.

No implementations to report

No multiplexors to report
 
****************************************
Design : DW02_mult
****************************************

No resource sharing information to report.

No implementations to report

No multiplexors to report
 
****************************************
Design : *ADD_UNS_OP_32_32_32
****************************************

No resource sharing information to report.

No implementations to report

No multiplexors to report
 
****************************************
Design : DW01_add_width32
****************************************

No resource sharing information to report.

No implementations to report

No multiplexors to report
 
****************************************
Design : uvCalc
****************************************

Resource sharing reports are created during the compile command,
so the design must be compiled before resource sharing can be reported.

No implementations to report

No multiplexors to report
 
****************************************
Design : *MULT_TC_OP_26_26_32
****************************************

No resource sharing information to report.

No implementations to report

No multiplexors to report
 
****************************************
Design : DW02_mult
****************************************

No resource sharing information to report.

No implementations to report

No multiplexors to report
 
****************************************
Design : *MULT_TC_OP_26_26_32
****************************************

No resource sharing information to report.

No implementations to report

No multiplexors to report
 
****************************************
Design : DW02_mult
****************************************

No resource sharing information to report.

No implementations to report

No multiplexors to report
 
****************************************
Design : *ADD_TC_OP_32_32_32
****************************************

No resource sharing information to report.

No implementations to report

No multiplexors to report
 
****************************************
Design : DW01_add_width32
****************************************

No resource sharing information to report.

No implementations to report

No multiplexors to report
 
****************************************
Design : *ADD_TC_OP_32_26_32
****************************************

No resource sharing information to report.

No implementations to report

No multiplexors to report
 
****************************************
Design : DW01_add_width32
****************************************

No resource sharing information to report.

No implementations to report

No multiplexors to report
 
****************************************
Design : *MULT_TC_OP_26_26_48
****************************************

No resource sharing information to report.

No implementations to report

No multiplexors to report
 
****************************************
Design : DW02_mult
****************************************

No resource sharing information to report.

No implementations to report

No multiplexors to report
 
****************************************
Design : *MULT_TC_OP_26_26_48
****************************************

No resource sharing information to report.

No implementations to report

No multiplexors to report
 
****************************************
Design : DW02_mult
****************************************

No resource sharing information to report.

No implementations to report

No multiplexors to report
 
****************************************
Design : *ADD_TC_OP_48_48_48
****************************************

No resource sharing information to report.

No implementations to report

No multiplexors to report
 
****************************************
Design : DW01_add_width48
****************************************

No resource sharing information to report.

No implementations to report

No multiplexors to report
 
****************************************
Design : *ADD_TC_OP_48_34_48
****************************************

No resource sharing information to report.

No implementations to report

No multiplexors to report
 
****************************************
Design : DW01_add_width48
****************************************

No resource sharing information to report.

No implementations to report

No multiplexors to report
 
****************************************
Design : *MULT_TC_OP_26_32_58
****************************************

No resource sharing information to report.

No implementations to report

No multiplexors to report
 
****************************************
Design : DW02_mult
****************************************

No resource sharing information to report.

No implementations to report

No multiplexors to report
 
****************************************
Design : *DIV_TC_OP_58_32_58
****************************************

No resource sharing information to report.

No implementations to report

No multiplexors to report
 
****************************************
Design : DW_div_tc_a_width58_b_width32
****************************************

No resource sharing information to report.

No implementations to report

No multiplexors to report
 
****************************************
Design : *SUB_TC_OP_26_26_26
****************************************

No resource sharing information to report.

No implementations to report

No multiplexors to report
 
****************************************
Design : DW01_sub_width26
****************************************

No resource sharing information to report.

No implementations to report

No multiplexors to report
 
****************************************
Design : *MULT_TC_OP_26_32_58
****************************************

No resource sharing information to report.

No implementations to report

No multiplexors to report
 
****************************************
Design : DW02_mult
****************************************

No resource sharing information to report.

No implementations to report

No multiplexors to report
 
****************************************
Design : *DIV_TC_OP_58_32_58
****************************************

No resource sharing information to report.

No implementations to report

No multiplexors to report
 
****************************************
Design : DW_div_tc_a_width58_b_width32
****************************************

No resource sharing information to report.

No implementations to report

No multiplexors to report
 
****************************************
Design : *SUB_TC_OP_26_26_26
****************************************

No resource sharing information to report.

No implementations to report

No multiplexors to report
 
****************************************
Design : DW01_sub_width26
****************************************

No resource sharing information to report.

No implementations to report

No multiplexors to report
 
****************************************
Design : windowBuf3x3
****************************************

Resource sharing reports are created during the compile command,
so the design must be compiled before resource sharing can be reported.

No implementations to report

No multiplexors to report
 
****************************************
Design : *ADD_UNS_OP_9_1_9
****************************************

No resource sharing information to report.

No implementations to report

No multiplexors to report
 
****************************************
Design : DW01_inc_width9
****************************************

No resource sharing information to report.

No implementations to report

No multiplexors to report
 
****************************************
Design : *ADD_UNS_OP_9_1_9
****************************************

No resource sharing information to report.

No implementations to report

No multiplexors to report
 
****************************************
Design : DW01_inc_width9
****************************************

No resource sharing information to report.

No implementations to report

No multiplexors to report
 
****************************************
Design : hsOptFlowTop_uvIteration_windowBuf3x3__row1buf
****************************************

No resource sharing information to report.

No implementations to report

No multiplexors to report
 
****************************************
Design : hsOptFlowTop_uvIteration_windowBuf3x3__row2buf
****************************************

No resource sharing information to report.

No implementations to report

No multiplexors to report
 
****************************************
Design : windowBuf3x3
****************************************

Resource sharing reports are created during the compile command,
so the design must be compiled before resource sharing can be reported.

No implementations to report

No multiplexors to report
 
****************************************
Design : *ADD_UNS_OP_9_1_9
****************************************

No resource sharing information to report.

No implementations to report

No multiplexors to report
 
****************************************
Design : DW01_inc_width9
****************************************

No resource sharing information to report.

No implementations to report

No multiplexors to report
 
****************************************
Design : *ADD_UNS_OP_9_1_9
****************************************

No resource sharing information to report.

No implementations to report

No multiplexors to report
 
****************************************
Design : DW01_inc_width9
****************************************

No resource sharing information to report.

No implementations to report

No multiplexors to report
 
****************************************
Design : hsOptFlowTop_uvIteration_windowBuf3x3__row1buf
****************************************

No resource sharing information to report.

No implementations to report

No multiplexors to report
 
****************************************
Design : hsOptFlowTop_uvIteration_windowBuf3x3__row2buf
****************************************

No resource sharing information to report.

No implementations to report

No multiplexors to report
 
****************************************
Design : partialDeriv
****************************************

Resource sharing reports are created during the compile command,
so the design must be compiled before resource sharing can be reported.

No implementations to report

No multiplexors to report
 
****************************************
Design : *SUB_TC_OP_26_26_26
****************************************

No resource sharing information to report.

No implementations to report

No multiplexors to report
 
****************************************
Design : DW01_sub_width26
****************************************

No resource sharing information to report.

No implementations to report

No multiplexors to report
 
****************************************
Design : *ADD_TC_OP_26_26_26
****************************************

No resource sharing information to report.

No implementations to report

No multiplexors to report
 
****************************************
Design : DW01_add_width26
****************************************

No resource sharing information to report.

No implementations to report

No multiplexors to report
 
****************************************
Design : *SUB_TC_OP_26_26_26
****************************************

No resource sharing information to report.

No implementations to report

No multiplexors to report
 
****************************************
Design : DW01_sub_width26
****************************************

No resource sharing information to report.

No implementations to report

No multiplexors to report
 
****************************************
Design : *SUB_TC_OP_26_26_26
****************************************

No resource sharing information to report.

No implementations to report

No multiplexors to report
 
****************************************
Design : DW01_sub_width26
****************************************

No resource sharing information to report.

No implementations to report

No multiplexors to report
 
****************************************
Design : *ADD_TC_OP_26_26_26
****************************************

No resource sharing information to report.

No implementations to report

No multiplexors to report
 
****************************************
Design : DW01_add_width26
****************************************

No resource sharing information to report.

No implementations to report

No multiplexors to report
 
****************************************
Design : *SUB_TC_OP_26_26_26
****************************************

No resource sharing information to report.

No implementations to report

No multiplexors to report
 
****************************************
Design : DW01_sub_width26
****************************************

No resource sharing information to report.

No implementations to report

No multiplexors to report
 
****************************************
Design : *ADD_TC_OP_26_26_26
****************************************

No resource sharing information to report.

No implementations to report

No multiplexors to report
 
****************************************
Design : DW01_add_width26
****************************************

No resource sharing information to report.

No implementations to report

No multiplexors to report
 
****************************************
Design : *SUB_TC_OP_26_26_26
****************************************

No resource sharing information to report.

No implementations to report

No multiplexors to report
 
****************************************
Design : DW01_sub_width26
****************************************

No resource sharing information to report.

No implementations to report

No multiplexors to report
 
****************************************
Design : *ADD_TC_OP_26_26_26
****************************************

No resource sharing information to report.

No implementations to report

No multiplexors to report
 
****************************************
Design : DW01_add_width26
****************************************

No resource sharing information to report.

No implementations to report

No multiplexors to report
 
****************************************
Design : *SUB_TC_OP_26_26_26
****************************************

No resource sharing information to report.

No implementations to report

No multiplexors to report
 
****************************************
Design : DW01_sub_width26
****************************************

No resource sharing information to report.

No implementations to report

No multiplexors to report
 
****************************************
Design : *SUB_TC_OP_26_26_26
****************************************

No resource sharing information to report.

No implementations to report

No multiplexors to report
 
****************************************
Design : DW01_sub_width26
****************************************

No resource sharing information to report.

No implementations to report

No multiplexors to report
 
****************************************
Design : *ADD_TC_OP_26_26_26
****************************************

No resource sharing information to report.

No implementations to report

No multiplexors to report
 
****************************************
Design : DW01_add_width26
****************************************

No resource sharing information to report.

No implementations to report

No multiplexors to report
 
****************************************
Design : *SUB_TC_OP_26_26_26
****************************************

No resource sharing information to report.

No implementations to report

No multiplexors to report
 
****************************************
Design : DW01_sub_width26
****************************************

No resource sharing information to report.

No implementations to report

No multiplexors to report
 
****************************************
Design : *ADD_TC_OP_26_26_26
****************************************

No resource sharing information to report.

No implementations to report

No multiplexors to report
 
****************************************
Design : DW01_add_width26
****************************************

No resource sharing information to report.

No implementations to report

No multiplexors to report
 
****************************************
Design : *SUB_TC_OP_26_26_26
****************************************

No resource sharing information to report.

No implementations to report

No multiplexors to report
 
****************************************
Design : DW01_sub_width26
****************************************

No resource sharing information to report.

No implementations to report

No multiplexors to report
 
****************************************
Design : *ADD_TC_OP_26_26_26
****************************************

No resource sharing information to report.

No implementations to report

No multiplexors to report
 
****************************************
Design : DW01_add_width26
****************************************

No resource sharing information to report.

No implementations to report

No multiplexors to report
 
****************************************
Design : *SUB_TC_OP_26_26_26
****************************************

No resource sharing information to report.

No implementations to report

No multiplexors to report
 
****************************************
Design : DW01_sub_width26
****************************************

No resource sharing information to report.

No implementations to report

No multiplexors to report
 
****************************************
Design : *SUB_TC_OP_26_26_26
****************************************

No resource sharing information to report.

No implementations to report

No multiplexors to report
 
****************************************
Design : DW01_sub_width26
****************************************

No resource sharing information to report.

No implementations to report

No multiplexors to report
 
****************************************
Design : *ADD_TC_OP_26_26_26
****************************************

No resource sharing information to report.

No implementations to report

No multiplexors to report
 
****************************************
Design : DW01_add_width26
****************************************

No resource sharing information to report.

No implementations to report

No multiplexors to report
 
****************************************
Design : *SUB_TC_OP_26_26_26
****************************************

No resource sharing information to report.

No implementations to report

No multiplexors to report
 
****************************************
Design : DW01_sub_width26
****************************************

No resource sharing information to report.

No implementations to report

No multiplexors to report
 
****************************************
Design : *ADD_TC_OP_26_26_26
****************************************

No resource sharing information to report.

No implementations to report

No multiplexors to report
 
****************************************
Design : DW01_add_width26
****************************************

No resource sharing information to report.

No implementations to report

No multiplexors to report
 
****************************************
Design : windowBuf2x2x2
****************************************

Resource sharing reports are created during the compile command,
so the design must be compiled before resource sharing can be reported.

No implementations to report

No multiplexors to report
 
****************************************
Design : *ADD_UNS_OP_9_1_9
****************************************

No resource sharing information to report.

No implementations to report

No multiplexors to report
 
****************************************
Design : DW01_inc_width9
****************************************

No resource sharing information to report.

No implementations to report

No multiplexors to report
 
****************************************
Design : hsOptFlowTop_windowBuf2x2x2__rowbuf1
****************************************

No resource sharing information to report.

No implementations to report

No multiplexors to report
 
****************************************
Design : hsOptFlowTop_windowBuf2x2x2__rowbuf2
****************************************

No resource sharing information to report.

No implementations to report

No multiplexors to report
 
****************************************
Design : gaussian
****************************************

Resource sharing reports are created during the compile command,
so the design must be compiled before resource sharing can be reported.

No implementations to report

No multiplexors to report
 
****************************************
Design : *MULT_UNS_OP_11_8_19
****************************************

No resource sharing information to report.

No implementations to report

No multiplexors to report
 
****************************************
Design : DW02_mult
****************************************

No resource sharing information to report.

No implementations to report

No multiplexors to report
 
****************************************
Design : *MULT_UNS_OP_12_8_20
****************************************

No resource sharing information to report.

No implementations to report

No multiplexors to report
 
****************************************
Design : DW02_mult
****************************************

No resource sharing information to report.

No implementations to report

No multiplexors to report
 
****************************************
Design : *ADD_UNS_OP_19_20_21
****************************************

No resource sharing information to report.

No implementations to report

No multiplexors to report
 
****************************************
Design : DW01_add_width21
****************************************

No resource sharing information to report.

No implementations to report

No multiplexors to report
 
****************************************
Design : *MULT_UNS_OP_12_8_20
****************************************

No resource sharing information to report.

No implementations to report

No multiplexors to report
 
****************************************
Design : DW02_mult
****************************************

No resource sharing information to report.

No implementations to report

No multiplexors to report
 
****************************************
Design : *MULT_UNS_OP_12_8_20
****************************************

No resource sharing information to report.

No implementations to report

No multiplexors to report
 
****************************************
Design : DW02_mult
****************************************

No resource sharing information to report.

No implementations to report

No multiplexors to report
 
****************************************
Design : *ADD_UNS_OP_20_20_21
****************************************

No resource sharing information to report.

No implementations to report

No multiplexors to report
 
****************************************
Design : DW01_add_width21
****************************************

No resource sharing information to report.

No implementations to report

No multiplexors to report
 
****************************************
Design : *ADD_UNS_OP_21_21_22
****************************************

No resource sharing information to report.

No implementations to report

No multiplexors to report
 
****************************************
Design : DW01_add_width22
****************************************

No resource sharing information to report.

No implementations to report

No multiplexors to report
 
****************************************
Design : *MULT_UNS_OP_11_8_19
****************************************

No resource sharing information to report.

No implementations to report

No multiplexors to report
 
****************************************
Design : DW02_mult
****************************************

No resource sharing information to report.

No implementations to report

No multiplexors to report
 
****************************************
Design : *MULT_UNS_OP_12_8_20
****************************************

No resource sharing information to report.

No implementations to report

No multiplexors to report
 
****************************************
Design : DW02_mult
****************************************

No resource sharing information to report.

No implementations to report

No multiplexors to report
 
****************************************
Design : *ADD_UNS_OP_19_20_21
****************************************

No resource sharing information to report.

No implementations to report

No multiplexors to report
 
****************************************
Design : DW01_add_width21
****************************************

No resource sharing information to report.

No implementations to report

No multiplexors to report
 
****************************************
Design : *MULT_UNS_OP_13_8_21
****************************************

No resource sharing information to report.

No implementations to report

No multiplexors to report
 
****************************************
Design : DW02_mult
****************************************

No resource sharing information to report.

No implementations to report

No multiplexors to report
 
****************************************
Design : *MULT_UNS_OP_13_8_21
****************************************

No resource sharing information to report.

No implementations to report

No multiplexors to report
 
****************************************
Design : DW02_mult
****************************************

No resource sharing information to report.

No implementations to report

No multiplexors to report
 
****************************************
Design : *ADD_UNS_OP_21_21_22
****************************************

No resource sharing information to report.

No implementations to report

No multiplexors to report
 
****************************************
Design : DW01_add_width22
****************************************

No resource sharing information to report.

No implementations to report

No multiplexors to report
 
****************************************
Design : *ADD_UNS_OP_21_22_23
****************************************

No resource sharing information to report.

No implementations to report

No multiplexors to report
 
****************************************
Design : DW01_add_width23
****************************************

No resource sharing information to report.

No implementations to report

No multiplexors to report
 
****************************************
Design : *ADD_UNS_OP_22_23_24
****************************************

No resource sharing information to report.

No implementations to report

No multiplexors to report
 
****************************************
Design : DW01_add_width24
****************************************

No resource sharing information to report.

No implementations to report

No multiplexors to report
 
****************************************
Design : *MULT_UNS_OP_13_8_21
****************************************

No resource sharing information to report.

No implementations to report

No multiplexors to report
 
****************************************
Design : DW02_mult
****************************************

No resource sharing information to report.

No implementations to report

No multiplexors to report
 
****************************************
Design : *MULT_UNS_OP_12_8_20
****************************************

No resource sharing information to report.

No implementations to report

No multiplexors to report
 
****************************************
Design : DW02_mult
****************************************

No resource sharing information to report.

No implementations to report

No multiplexors to report
 
****************************************
Design : *ADD_UNS_OP_21_20_22
****************************************

No resource sharing information to report.

No implementations to report

No multiplexors to report
 
****************************************
Design : DW01_add_width22
****************************************

No resource sharing information to report.

No implementations to report

No multiplexors to report
 
****************************************
Design : *MULT_UNS_OP_12_8_20
****************************************

No resource sharing information to report.

No implementations to report

No multiplexors to report
 
****************************************
Design : DW02_mult
****************************************

No resource sharing information to report.

No implementations to report

No multiplexors to report
 
****************************************
Design : *MULT_UNS_OP_13_8_21
****************************************

No resource sharing information to report.

No implementations to report

No multiplexors to report
 
****************************************
Design : DW02_mult
****************************************

No resource sharing information to report.

No implementations to report

No multiplexors to report
 
****************************************
Design : *ADD_UNS_OP_20_21_22
****************************************

No resource sharing information to report.

No implementations to report

No multiplexors to report
 
****************************************
Design : DW01_add_width22
****************************************

No resource sharing information to report.

No implementations to report

No multiplexors to report
 
****************************************
Design : *ADD_UNS_OP_22_22_23
****************************************

No resource sharing information to report.

No implementations to report

No multiplexors to report
 
****************************************
Design : DW01_add_width23
****************************************

No resource sharing information to report.

No implementations to report

No multiplexors to report
 
****************************************
Design : *MULT_UNS_OP_14_8_22
****************************************

No resource sharing information to report.

No implementations to report

No multiplexors to report
 
****************************************
Design : DW02_mult
****************************************

No resource sharing information to report.

No implementations to report

No multiplexors to report
 
****************************************
Design : *MULT_UNS_OP_13_8_21
****************************************

No resource sharing information to report.

No implementations to report

No multiplexors to report
 
****************************************
Design : DW02_mult
****************************************

No resource sharing information to report.

No implementations to report

No multiplexors to report
 
****************************************
Design : *ADD_UNS_OP_22_21_23
****************************************

No resource sharing information to report.

No implementations to report

No multiplexors to report
 
****************************************
Design : DW01_add_width23
****************************************

No resource sharing information to report.

No implementations to report

No multiplexors to report
 
****************************************
Design : *MULT_UNS_OP_12_8_20
****************************************

No resource sharing information to report.

No implementations to report

No multiplexors to report
 
****************************************
Design : DW02_mult
****************************************

No resource sharing information to report.

No implementations to report

No multiplexors to report
 
****************************************
Design : *MULT_UNS_OP_12_8_20
****************************************

No resource sharing information to report.

No implementations to report

No multiplexors to report
 
****************************************
Design : DW02_mult
****************************************

No resource sharing information to report.

No implementations to report

No multiplexors to report
 
****************************************
Design : *ADD_UNS_OP_20_20_21
****************************************

No resource sharing information to report.

No implementations to report

No multiplexors to report
 
****************************************
Design : DW01_add_width21
****************************************

No resource sharing information to report.

No implementations to report

No multiplexors to report
 
****************************************
Design : *ADD_UNS_OP_23_21_24
****************************************

No resource sharing information to report.

No implementations to report

No multiplexors to report
 
****************************************
Design : DW01_add_width24
****************************************

No resource sharing information to report.

No implementations to report

No multiplexors to report
 
****************************************
Design : *ADD_UNS_OP_23_24_25
****************************************

No resource sharing information to report.

No implementations to report

No multiplexors to report
 
****************************************
Design : DW01_add_width25
****************************************

No resource sharing information to report.

No implementations to report

No multiplexors to report
 
****************************************
Design : *ADD_UNS_OP_24_25_25
****************************************

No resource sharing information to report.

No implementations to report

No multiplexors to report
 
****************************************
Design : DW01_add_width25
****************************************

No resource sharing information to report.

No implementations to report

No multiplexors to report
 
****************************************
Design : *MULT_UNS_OP_13_8_21
****************************************

No resource sharing information to report.

No implementations to report

No multiplexors to report
 
****************************************
Design : DW02_mult
****************************************

No resource sharing information to report.

No implementations to report

No multiplexors to report
 
****************************************
Design : *MULT_UNS_OP_13_8_21
****************************************

No resource sharing information to report.

No implementations to report

No multiplexors to report
 
****************************************
Design : DW02_mult
****************************************

No resource sharing information to report.

No implementations to report

No multiplexors to report
 
****************************************
Design : *ADD_UNS_OP_21_21_22
****************************************

No resource sharing information to report.

No implementations to report

No multiplexors to report
 
****************************************
Design : DW01_add_width22
****************************************

No resource sharing information to report.

No implementations to report

No multiplexors to report
 
****************************************
Design : *MULT_UNS_OP_13_8_21
****************************************

No resource sharing information to report.

No implementations to report

No multiplexors to report
 
****************************************
Design : DW02_mult
****************************************

No resource sharing information to report.

No implementations to report

No multiplexors to report
 
****************************************
Design : *MULT_UNS_OP_12_8_20
****************************************

No resource sharing information to report.

No implementations to report

No multiplexors to report
 
****************************************
Design : DW02_mult
****************************************

No resource sharing information to report.

No implementations to report

No multiplexors to report
 
****************************************
Design : *ADD_UNS_OP_21_20_22
****************************************

No resource sharing information to report.

No implementations to report

No multiplexors to report
 
****************************************
Design : DW01_add_width22
****************************************

No resource sharing information to report.

No implementations to report

No multiplexors to report
 
****************************************
Design : *ADD_UNS_OP_22_22_23
****************************************

No resource sharing information to report.

No implementations to report

No multiplexors to report
 
****************************************
Design : DW01_add_width23
****************************************

No resource sharing information to report.

No implementations to report

No multiplexors to report
 
****************************************
Design : *MULT_UNS_OP_11_8_19
****************************************

No resource sharing information to report.

No implementations to report

No multiplexors to report
 
****************************************
Design : DW02_mult
****************************************

No resource sharing information to report.

No implementations to report

No multiplexors to report
 
****************************************
Design : *MULT_UNS_OP_12_8_20
****************************************

No resource sharing information to report.

No implementations to report

No multiplexors to report
 
****************************************
Design : DW02_mult
****************************************

No resource sharing information to report.

No implementations to report

No multiplexors to report
 
****************************************
Design : *ADD_UNS_OP_19_20_21
****************************************

No resource sharing information to report.

No implementations to report

No multiplexors to report
 
****************************************
Design : DW01_add_width21
****************************************

No resource sharing information to report.

No implementations to report

No multiplexors to report
 
****************************************
Design : *MULT_UNS_OP_12_8_20
****************************************

No resource sharing information to report.

No implementations to report

No multiplexors to report
 
****************************************
Design : DW02_mult
****************************************

No resource sharing information to report.

No implementations to report

No multiplexors to report
 
****************************************
Design : *MULT_UNS_OP_12_8_20
****************************************

No resource sharing information to report.

No implementations to report

No multiplexors to report
 
****************************************
Design : DW02_mult
****************************************

No resource sharing information to report.

No implementations to report

No multiplexors to report
 
****************************************
Design : *ADD_UNS_OP_20_20_21
****************************************

No resource sharing information to report.

No implementations to report

No multiplexors to report
 
****************************************
Design : DW01_add_width21
****************************************

No resource sharing information to report.

No implementations to report

No multiplexors to report
 
****************************************
Design : *ADD_UNS_OP_21_21_22
****************************************

No resource sharing information to report.

No implementations to report

No multiplexors to report
 
****************************************
Design : DW01_add_width22
****************************************

No resource sharing information to report.

No implementations to report

No multiplexors to report
 
****************************************
Design : *ADD_UNS_OP_23_22_24
****************************************

No resource sharing information to report.

No implementations to report

No multiplexors to report
 
****************************************
Design : DW01_add_width24
****************************************

No resource sharing information to report.

No implementations to report

No multiplexors to report
 
****************************************
Design : *MULT_UNS_OP_11_8_19
****************************************

No resource sharing information to report.

No implementations to report

No multiplexors to report
 
****************************************
Design : DW02_mult
****************************************

No resource sharing information to report.

No implementations to report

No multiplexors to report
 
****************************************
Design : *ADD_UNS_OP_24_19_25
****************************************

No resource sharing information to report.

No implementations to report

No multiplexors to report
 
****************************************
Design : DW01_add_width25
****************************************

No resource sharing information to report.

No implementations to report

No multiplexors to report
 
****************************************
Design : *ADD_UNS_OP_25_25_25
****************************************

No resource sharing information to report.

No implementations to report

No multiplexors to report
 
****************************************
Design : DW01_add_width25
****************************************

No resource sharing information to report.

No implementations to report

No multiplexors to report
 
****************************************
Design : gaussian
****************************************

Resource sharing reports are created during the compile command,
so the design must be compiled before resource sharing can be reported.

No implementations to report

No multiplexors to report
 
****************************************
Design : *MULT_UNS_OP_11_8_19
****************************************

No resource sharing information to report.

No implementations to report

No multiplexors to report
 
****************************************
Design : DW02_mult
****************************************

No resource sharing information to report.

No implementations to report

No multiplexors to report
 
****************************************
Design : *MULT_UNS_OP_12_8_20
****************************************

No resource sharing information to report.

No implementations to report

No multiplexors to report
 
****************************************
Design : DW02_mult
****************************************

No resource sharing information to report.

No implementations to report

No multiplexors to report
 
****************************************
Design : *ADD_UNS_OP_19_20_21
****************************************

No resource sharing information to report.

No implementations to report

No multiplexors to report
 
****************************************
Design : DW01_add_width21
****************************************

No resource sharing information to report.

No implementations to report

No multiplexors to report
 
****************************************
Design : *MULT_UNS_OP_12_8_20
****************************************

No resource sharing information to report.

No implementations to report

No multiplexors to report
 
****************************************
Design : DW02_mult
****************************************

No resource sharing information to report.

No implementations to report

No multiplexors to report
 
****************************************
Design : *MULT_UNS_OP_12_8_20
****************************************

No resource sharing information to report.

No implementations to report

No multiplexors to report
 
****************************************
Design : DW02_mult
****************************************

No resource sharing information to report.

No implementations to report

No multiplexors to report
 
****************************************
Design : *ADD_UNS_OP_20_20_21
****************************************

No resource sharing information to report.

No implementations to report

No multiplexors to report
 
****************************************
Design : DW01_add_width21
****************************************

No resource sharing information to report.

No implementations to report

No multiplexors to report
 
****************************************
Design : *ADD_UNS_OP_21_21_22
****************************************

No resource sharing information to report.

No implementations to report

No multiplexors to report
 
****************************************
Design : DW01_add_width22
****************************************

No resource sharing information to report.

No implementations to report

No multiplexors to report
 
****************************************
Design : *MULT_UNS_OP_11_8_19
****************************************

No resource sharing information to report.

No implementations to report

No multiplexors to report
 
****************************************
Design : DW02_mult
****************************************

No resource sharing information to report.

No implementations to report

No multiplexors to report
 
****************************************
Design : *MULT_UNS_OP_12_8_20
****************************************

No resource sharing information to report.

No implementations to report

No multiplexors to report
 
****************************************
Design : DW02_mult
****************************************

No resource sharing information to report.

No implementations to report

No multiplexors to report
 
****************************************
Design : *ADD_UNS_OP_19_20_21
****************************************

No resource sharing information to report.

No implementations to report

No multiplexors to report
 
****************************************
Design : DW01_add_width21
****************************************

No resource sharing information to report.

No implementations to report

No multiplexors to report
 
****************************************
Design : *MULT_UNS_OP_13_8_21
****************************************

No resource sharing information to report.

No implementations to report

No multiplexors to report
 
****************************************
Design : DW02_mult
****************************************

No resource sharing information to report.

No implementations to report

No multiplexors to report
 
****************************************
Design : *MULT_UNS_OP_13_8_21
****************************************

No resource sharing information to report.

No implementations to report

No multiplexors to report
 
****************************************
Design : DW02_mult
****************************************

No resource sharing information to report.

No implementations to report

No multiplexors to report
 
****************************************
Design : *ADD_UNS_OP_21_21_22
****************************************

No resource sharing information to report.

No implementations to report

No multiplexors to report
 
****************************************
Design : DW01_add_width22
****************************************

No resource sharing information to report.

No implementations to report

No multiplexors to report
 
****************************************
Design : *ADD_UNS_OP_21_22_23
****************************************

No resource sharing information to report.

No implementations to report

No multiplexors to report
 
****************************************
Design : DW01_add_width23
****************************************

No resource sharing information to report.

No implementations to report

No multiplexors to report
 
****************************************
Design : *ADD_UNS_OP_22_23_24
****************************************

No resource sharing information to report.

No implementations to report

No multiplexors to report
 
****************************************
Design : DW01_add_width24
****************************************

No resource sharing information to report.

No implementations to report

No multiplexors to report
 
****************************************
Design : *MULT_UNS_OP_13_8_21
****************************************

No resource sharing information to report.

No implementations to report

No multiplexors to report
 
****************************************
Design : DW02_mult
****************************************

No resource sharing information to report.

No implementations to report

No multiplexors to report
 
****************************************
Design : *MULT_UNS_OP_12_8_20
****************************************

No resource sharing information to report.

No implementations to report

No multiplexors to report
 
****************************************
Design : DW02_mult
****************************************

No resource sharing information to report.

No implementations to report

No multiplexors to report
 
****************************************
Design : *ADD_UNS_OP_21_20_22
****************************************

No resource sharing information to report.

No implementations to report

No multiplexors to report
 
****************************************
Design : DW01_add_width22
****************************************

No resource sharing information to report.

No implementations to report

No multiplexors to report
 
****************************************
Design : *MULT_UNS_OP_12_8_20
****************************************

No resource sharing information to report.

No implementations to report

No multiplexors to report
 
****************************************
Design : DW02_mult
****************************************

No resource sharing information to report.

No implementations to report

No multiplexors to report
 
****************************************
Design : *MULT_UNS_OP_13_8_21
****************************************

No resource sharing information to report.

No implementations to report

No multiplexors to report
 
****************************************
Design : DW02_mult
****************************************

No resource sharing information to report.

No implementations to report

No multiplexors to report
 
****************************************
Design : *ADD_UNS_OP_20_21_22
****************************************

No resource sharing information to report.

No implementations to report

No multiplexors to report
 
****************************************
Design : DW01_add_width22
****************************************

No resource sharing information to report.

No implementations to report

No multiplexors to report
 
****************************************
Design : *ADD_UNS_OP_22_22_23
****************************************

No resource sharing information to report.

No implementations to report

No multiplexors to report
 
****************************************
Design : DW01_add_width23
****************************************

No resource sharing information to report.

No implementations to report

No multiplexors to report
 
****************************************
Design : *MULT_UNS_OP_14_8_22
****************************************

No resource sharing information to report.

No implementations to report

No multiplexors to report
 
****************************************
Design : DW02_mult
****************************************

No resource sharing information to report.

No implementations to report

No multiplexors to report
 
****************************************
Design : *MULT_UNS_OP_13_8_21
****************************************

No resource sharing information to report.

No implementations to report

No multiplexors to report
 
****************************************
Design : DW02_mult
****************************************

No resource sharing information to report.

No implementations to report

No multiplexors to report
 
****************************************
Design : *ADD_UNS_OP_22_21_23
****************************************

No resource sharing information to report.

No implementations to report

No multiplexors to report
 
****************************************
Design : DW01_add_width23
****************************************

No resource sharing information to report.

No implementations to report

No multiplexors to report
 
****************************************
Design : *MULT_UNS_OP_12_8_20
****************************************

No resource sharing information to report.

No implementations to report

No multiplexors to report
 
****************************************
Design : DW02_mult
****************************************

No resource sharing information to report.

No implementations to report

No multiplexors to report
 
****************************************
Design : *MULT_UNS_OP_12_8_20
****************************************

No resource sharing information to report.

No implementations to report

No multiplexors to report
 
****************************************
Design : DW02_mult
****************************************

No resource sharing information to report.

No implementations to report

No multiplexors to report
 
****************************************
Design : *ADD_UNS_OP_20_20_21
****************************************

No resource sharing information to report.

No implementations to report

No multiplexors to report
 
****************************************
Design : DW01_add_width21
****************************************

No resource sharing information to report.

No implementations to report

No multiplexors to report
 
****************************************
Design : *ADD_UNS_OP_23_21_24
****************************************

No resource sharing information to report.

No implementations to report

No multiplexors to report
 
****************************************
Design : DW01_add_width24
****************************************

No resource sharing information to report.

No implementations to report

No multiplexors to report
 
****************************************
Design : *ADD_UNS_OP_23_24_25
****************************************

No resource sharing information to report.

No implementations to report

No multiplexors to report
 
****************************************
Design : DW01_add_width25
****************************************

No resource sharing information to report.

No implementations to report

No multiplexors to report
 
****************************************
Design : *ADD_UNS_OP_24_25_25
****************************************

No resource sharing information to report.

No implementations to report

No multiplexors to report
 
****************************************
Design : DW01_add_width25
****************************************

No resource sharing information to report.

No implementations to report

No multiplexors to report
 
****************************************
Design : *MULT_UNS_OP_13_8_21
****************************************

No resource sharing information to report.

No implementations to report

No multiplexors to report
 
****************************************
Design : DW02_mult
****************************************

No resource sharing information to report.

No implementations to report

No multiplexors to report
 
****************************************
Design : *MULT_UNS_OP_13_8_21
****************************************

No resource sharing information to report.

No implementations to report

No multiplexors to report
 
****************************************
Design : DW02_mult
****************************************

No resource sharing information to report.

No implementations to report

No multiplexors to report
 
****************************************
Design : *ADD_UNS_OP_21_21_22
****************************************

No resource sharing information to report.

No implementations to report

No multiplexors to report
 
****************************************
Design : DW01_add_width22
****************************************

No resource sharing information to report.

No implementations to report

No multiplexors to report
 
****************************************
Design : *MULT_UNS_OP_13_8_21
****************************************

No resource sharing information to report.

No implementations to report

No multiplexors to report
 
****************************************
Design : DW02_mult
****************************************

No resource sharing information to report.

No implementations to report

No multiplexors to report
 
****************************************
Design : *MULT_UNS_OP_12_8_20
****************************************

No resource sharing information to report.

No implementations to report

No multiplexors to report
 
****************************************
Design : DW02_mult
****************************************

No resource sharing information to report.

No implementations to report

No multiplexors to report
 
****************************************
Design : *ADD_UNS_OP_21_20_22
****************************************

No resource sharing information to report.

No implementations to report

No multiplexors to report
 
****************************************
Design : DW01_add_width22
****************************************

No resource sharing information to report.

No implementations to report

No multiplexors to report
 
****************************************
Design : *ADD_UNS_OP_22_22_23
****************************************

No resource sharing information to report.

No implementations to report

No multiplexors to report
 
****************************************
Design : DW01_add_width23
****************************************

No resource sharing information to report.

No implementations to report

No multiplexors to report
 
****************************************
Design : *MULT_UNS_OP_11_8_19
****************************************

No resource sharing information to report.

No implementations to report

No multiplexors to report
 
****************************************
Design : DW02_mult
****************************************

No resource sharing information to report.

No implementations to report

No multiplexors to report
 
****************************************
Design : *MULT_UNS_OP_12_8_20
****************************************

No resource sharing information to report.

No implementations to report

No multiplexors to report
 
****************************************
Design : DW02_mult
****************************************

No resource sharing information to report.

No implementations to report

No multiplexors to report
 
****************************************
Design : *ADD_UNS_OP_19_20_21
****************************************

No resource sharing information to report.

No implementations to report

No multiplexors to report
 
****************************************
Design : DW01_add_width21
****************************************

No resource sharing information to report.

No implementations to report

No multiplexors to report
 
****************************************
Design : *MULT_UNS_OP_12_8_20
****************************************

No resource sharing information to report.

No implementations to report

No multiplexors to report
 
****************************************
Design : DW02_mult
****************************************

No resource sharing information to report.

No implementations to report

No multiplexors to report
 
****************************************
Design : *MULT_UNS_OP_12_8_20
****************************************

No resource sharing information to report.

No implementations to report

No multiplexors to report
 
****************************************
Design : DW02_mult
****************************************

No resource sharing information to report.

No implementations to report

No multiplexors to report
 
****************************************
Design : *ADD_UNS_OP_20_20_21
****************************************

No resource sharing information to report.

No implementations to report

No multiplexors to report
 
****************************************
Design : DW01_add_width21
****************************************

No resource sharing information to report.

No implementations to report

No multiplexors to report
 
****************************************
Design : *ADD_UNS_OP_21_21_22
****************************************

No resource sharing information to report.

No implementations to report

No multiplexors to report
 
****************************************
Design : DW01_add_width22
****************************************

No resource sharing information to report.

No implementations to report

No multiplexors to report
 
****************************************
Design : *ADD_UNS_OP_23_22_24
****************************************

No resource sharing information to report.

No implementations to report

No multiplexors to report
 
****************************************
Design : DW01_add_width24
****************************************

No resource sharing information to report.

No implementations to report

No multiplexors to report
 
****************************************
Design : *MULT_UNS_OP_11_8_19
****************************************

No resource sharing information to report.

No implementations to report

No multiplexors to report
 
****************************************
Design : DW02_mult
****************************************

No resource sharing information to report.

No implementations to report

No multiplexors to report
 
****************************************
Design : *ADD_UNS_OP_24_19_25
****************************************

No resource sharing information to report.

No implementations to report

No multiplexors to report
 
****************************************
Design : DW01_add_width25
****************************************

No resource sharing information to report.

No implementations to report

No multiplexors to report
 
****************************************
Design : *ADD_UNS_OP_25_25_25
****************************************

No resource sharing information to report.

No implementations to report

No multiplexors to report
 
****************************************
Design : DW01_add_width25
****************************************

No resource sharing information to report.

No implementations to report

No multiplexors to report
 
****************************************
Design : windowBuf5x5_1
****************************************

Resource sharing reports are created during the compile command,
so the design must be compiled before resource sharing can be reported.

No implementations to report

No multiplexors to report
 
****************************************
Design : *ADD_UNS_OP_9_1_9
****************************************

No resource sharing information to report.

No implementations to report

No multiplexors to report
 
****************************************
Design : DW01_inc_width9
****************************************

No resource sharing information to report.

No implementations to report

No multiplexors to report
 
****************************************
Design : *ADD_UNS_OP_9_1_9
****************************************

No resource sharing information to report.

No implementations to report

No multiplexors to report
 
****************************************
Design : DW01_inc_width9
****************************************

No resource sharing information to report.

No implementations to report

No multiplexors to report
 
****************************************
Design : hsOptFlowTop_windowBuf5x5__rowbuf
****************************************

No resource sharing information to report.

No implementations to report

No multiplexors to report
 
****************************************
Design : windowBuf5x5
****************************************

Resource sharing reports are created during the compile command,
so the design must be compiled before resource sharing can be reported.

No implementations to report

No multiplexors to report
 
****************************************
Design : *ADD_UNS_OP_9_1_9
****************************************

No resource sharing information to report.

No implementations to report

No multiplexors to report
 
****************************************
Design : DW01_inc_width9
****************************************

No resource sharing information to report.

No implementations to report

No multiplexors to report
 
****************************************
Design : *ADD_UNS_OP_9_1_9
****************************************

No resource sharing information to report.

No implementations to report

No multiplexors to report
 
****************************************
Design : DW01_inc_width9
****************************************

No resource sharing information to report.

No implementations to report

No multiplexors to report
 
****************************************
Design : hsOptFlowTop_windowBuf5x5__rowbuf
****************************************

No resource sharing information to report.

No implementations to report

No multiplexors to report
 
****************************************
Design : control
****************************************

Resource sharing reports are created during the compile command,
so the design must be compiled before resource sharing can be reported.

No implementations to report

No multiplexors to report
 
****************************************
Design : *EQ_UNS_OP_9_9_1
****************************************

No resource sharing information to report.

No implementations to report

No multiplexors to report
 
****************************************
Design : DW01_cmp6_width9
****************************************

No resource sharing information to report.

No implementations to report

No multiplexors to report
 
****************************************
Design : *EQ_UNS_OP_9_9_1
****************************************

No resource sharing information to report.

No implementations to report

No multiplexors to report
 
****************************************
Design : DW01_cmp6_width9
****************************************

No resource sharing information to report.

No implementations to report

No multiplexors to report
 
****************************************
Design : *EQ_UNS_OP_9_9_1
****************************************

No resource sharing information to report.

No implementations to report

No multiplexors to report
 
****************************************
Design : DW01_cmp6_width9
****************************************

No resource sharing information to report.

No implementations to report

No multiplexors to report
 
****************************************
Design : *EQ_UNS_OP_9_9_1
****************************************

No resource sharing information to report.

No implementations to report

No multiplexors to report
 
****************************************
Design : DW01_cmp6_width9
****************************************

No resource sharing information to report.

No implementations to report

No multiplexors to report
 
****************************************
Design : *EQ_UNS_OP_9_9_1
****************************************

No resource sharing information to report.

No implementations to report

No multiplexors to report
 
****************************************
Design : DW01_cmp6_width9
****************************************

No resource sharing information to report.

No implementations to report

No multiplexors to report
 
****************************************
Design : *EQ_UNS_OP_9_9_1
****************************************

No resource sharing information to report.

No implementations to report

No multiplexors to report
 
****************************************
Design : DW01_cmp6_width9
****************************************

No resource sharing information to report.

No implementations to report

No multiplexors to report
 
****************************************
Design : *EQ_UNS_OP_9_9_1
****************************************

No resource sharing information to report.

No implementations to report

No multiplexors to report
 
****************************************
Design : DW01_cmp6_width9
****************************************

No resource sharing information to report.

No implementations to report

No multiplexors to report
 
****************************************
Design : *ADD_UNS_OP_8_1_8
****************************************

No resource sharing information to report.

No implementations to report

No multiplexors to report
 
****************************************
Design : DW01_inc_width8
****************************************

No resource sharing information to report.

No implementations to report

No multiplexors to report
 
****************************************
Design : *EQ_UNS_OP_9_9_1
****************************************

No resource sharing information to report.

No implementations to report

No multiplexors to report
 
****************************************
Design : DW01_cmp6_width9
****************************************

No resource sharing information to report.

No implementations to report

No multiplexors to report
 
****************************************
Design : *ADD_UNS_OP_8_1_8
****************************************

No resource sharing information to report.

No implementations to report

No multiplexors to report
 
****************************************
Design : DW01_inc_width8
****************************************

No resource sharing information to report.

No implementations to report

No multiplexors to report
 
****************************************
Design : *SUB_UNS_OP_9_2_9
****************************************

No resource sharing information to report.

No implementations to report

No multiplexors to report
 
****************************************
Design : DW01_sub_width9
****************************************

No resource sharing information to report.

No implementations to report

No multiplexors to report
 
****************************************
Design : *EQ_UNS_OP_9_9_1
****************************************

No resource sharing information to report.

No implementations to report

No multiplexors to report
 
****************************************
Design : DW01_cmp6_width9
****************************************

No resource sharing information to report.

No implementations to report

No multiplexors to report
 
****************************************
Design : *ADD_UNS_OP_8_1_8
****************************************

No resource sharing information to report.

No implementations to report

No multiplexors to report
 
****************************************
Design : DW01_inc_width8
****************************************

No resource sharing information to report.

No implementations to report

No multiplexors to report
 
****************************************
Design : *ADD_UNS_OP_8_1_8
****************************************

No resource sharing information to report.

No implementations to report

No multiplexors to report
 
****************************************
Design : DW01_inc_width8
****************************************

No resource sharing information to report.

No implementations to report

No multiplexors to report
 
****************************************
Design : *ADD_UNS_OP_8_1_8
****************************************

No resource sharing information to report.

No implementations to report

No multiplexors to report
 
****************************************
Design : DW01_inc_width8
****************************************

No resource sharing information to report.

No implementations to report

No multiplexors to report
 
****************************************
Design : *ADD_UNS_OP_8_1_8
****************************************

No resource sharing information to report.

No implementations to report

No multiplexors to report
 
****************************************
Design : DW01_inc_width8
****************************************

No resource sharing information to report.

No implementations to report

No multiplexors to report
 
****************************************
Design : *ADD_UNS_OP_9_1_9
****************************************

No resource sharing information to report.

No implementations to report

No multiplexors to report
 
****************************************
Design : DW01_inc_width9
****************************************

No resource sharing information to report.

No implementations to report

No multiplexors to report
 
****************************************
Design : *ADD_UNS_OP_9_1_9
****************************************

No resource sharing information to report.

No implementations to report

No multiplexors to report
 
****************************************
Design : DW01_inc_width9
****************************************

No resource sharing information to report.

No implementations to report

No multiplexors to report
 
****************************************
Design : *ADD_UNS_OP_9_1_9
****************************************

No resource sharing information to report.

No implementations to report

No multiplexors to report
 
****************************************
Design : DW01_inc_width9
****************************************

No resource sharing information to report.

No implementations to report

No multiplexors to report
1
