Warning: Design 'hsOptFlowTop' has '5' unresolved references. For more detailed information, use the "link" command. (UID-341)
 
****************************************
Report : area
Design : hsOptFlowTop
Version: G-2012.06-SP3
Date   : Sun Dec  2 00:20:20 2012
****************************************

Library(s) Used:

    gtech (File: /home/ff/cs250/tools/synopsys/dc/current/libraries/syn/gtech.db)

Number of ports:                           72
Number of nets:                           975
Number of cells:                           73
Number of combinational cells:             10
Number of sequential cells:                55
Number of macros:                           0
Number of buf/inv:                          6
Number of references:                      12

Combinational area:          0.000000
Buf/Inv area:                0.000000
Noncombinational area:       0.000000
Net Interconnect area:    13742.922364 

Total cell area:             0.000000
Total area:               13742.922364

Information: This design contains unmapped logic. (RPT-7)
Information: This design contains black box (unknown) components. (RPT-8)

Hierarchical area distribution
------------------------------

                                  Global cell area          Local cell area
                                  ------------------  --------------------------- 
Hierarchical cell                 Absolute   Percent  Combi-    Noncombi-  Black
                                  Total      Total    national  national   boxes   Design
--------------------------------  ---------  -------  --------  ---------  ------  ----------------------------------------------
hsOptFlowTop                         0.0000      0.0    0.0000     0.0000  0.0000  hsOptFlowTop
control                              0.0000      0.0    0.0000     0.0000  0.0000  control
control/add_159                      0.0000      0.0    0.0000     0.0000  0.0000  *ADD_UNS_OP_9_1_9
control/add_159/*cell*67             0.0000      0.0    0.0000     0.0000  0.0000  DW01_inc_width9
control/add_164                      0.0000      0.0    0.0000     0.0000  0.0000  *ADD_UNS_OP_9_1_9
control/add_164/*cell*69             0.0000      0.0    0.0000     0.0000  0.0000  DW01_inc_width9
control/add_169                      0.0000      0.0    0.0000     0.0000  0.0000  *ADD_UNS_OP_9_1_9
control/add_169/*cell*71             0.0000      0.0    0.0000     0.0000  0.0000  DW01_inc_width9
control/add_186                      0.0000      0.0    0.0000     0.0000  0.0000  *ADD_UNS_OP_8_1_8
control/add_186/*cell*73             0.0000      0.0    0.0000     0.0000  0.0000  DW01_inc_width8
control/add_190                      0.0000      0.0    0.0000     0.0000  0.0000  *ADD_UNS_OP_8_1_8
control/add_190/*cell*75             0.0000      0.0    0.0000     0.0000  0.0000  DW01_inc_width8
control/add_194                      0.0000      0.0    0.0000     0.0000  0.0000  *ADD_UNS_OP_8_1_8
control/add_194/*cell*77             0.0000      0.0    0.0000     0.0000  0.0000  DW01_inc_width8
control/add_220                      0.0000      0.0    0.0000     0.0000  0.0000  *ADD_UNS_OP_8_1_8
control/add_220/*cell*79             0.0000      0.0    0.0000     0.0000  0.0000  DW01_inc_width8
control/add_227                      0.0000      0.0    0.0000     0.0000  0.0000  *ADD_UNS_OP_8_1_8
control/add_227/*cell*87             0.0000      0.0    0.0000     0.0000  0.0000  DW01_inc_width8
control/add_231                      0.0000      0.0    0.0000     0.0000  0.0000  *ADD_UNS_OP_8_1_8
control/add_231/*cell*92             0.0000      0.0    0.0000     0.0000  0.0000  DW01_inc_width8
control/eq_222                       0.0000      0.0    0.0000     0.0000  0.0000  *EQ_UNS_OP_9_9_1
control/eq_222/*cell*81              0.0000      0.0    0.0000     0.0000  0.0000  DW01_cmp6_width9
control/eq_229                       0.0000      0.0    0.0000     0.0000  0.0000  *EQ_UNS_OP_9_9_1
control/eq_229/*cell*89              0.0000      0.0    0.0000     0.0000  0.0000  DW01_cmp6_width9
control/eq_233                       0.0000      0.0    0.0000     0.0000  0.0000  *EQ_UNS_OP_9_9_1
control/eq_233/*cell*94              0.0000      0.0    0.0000     0.0000  0.0000  DW01_cmp6_width9
control/eq_238                       0.0000      0.0    0.0000     0.0000  0.0000  *EQ_UNS_OP_9_9_1
control/eq_238/*cell*97              0.0000      0.0    0.0000     0.0000  0.0000  DW01_cmp6_width9
control/eq_239                       0.0000      0.0    0.0000     0.0000  0.0000  *EQ_UNS_OP_9_9_1
control/eq_239/*cell*100             0.0000      0.0    0.0000     0.0000  0.0000  DW01_cmp6_width9
control/eq_254                       0.0000      0.0    0.0000     0.0000  0.0000  *EQ_UNS_OP_9_9_1
control/eq_254/*cell*103             0.0000      0.0    0.0000     0.0000  0.0000  DW01_cmp6_width9
control/eq_256                       0.0000      0.0    0.0000     0.0000  0.0000  *EQ_UNS_OP_9_9_1
control/eq_256/*cell*106             0.0000      0.0    0.0000     0.0000  0.0000  DW01_cmp6_width9
control/eq_258                       0.0000      0.0    0.0000     0.0000  0.0000  *EQ_UNS_OP_9_9_1
control/eq_258/*cell*109             0.0000      0.0    0.0000     0.0000  0.0000  DW01_cmp6_width9
control/eq_260                       0.0000      0.0    0.0000     0.0000  0.0000  *EQ_UNS_OP_9_9_1
control/eq_260/*cell*112             0.0000      0.0    0.0000     0.0000  0.0000  DW01_cmp6_width9
control/sub_223                      0.0000      0.0    0.0000     0.0000  0.0000  *SUB_UNS_OP_9_2_9
control/sub_223/*cell*84             0.0000      0.0    0.0000     0.0000  0.0000  DW01_sub_width9
gaussianF1                           0.0000      0.0    0.0000     0.0000  0.0000  gaussian
gaussianF1/add_1007                  0.0000      0.0    0.0000     0.0000  0.0000  *ADD_UNS_OP_19_20_21
gaussianF1/add_1007/*cell*150        0.0000      0.0    0.0000     0.0000  0.0000  DW01_add_width21
gaussianF1/add_1023                  0.0000      0.0    0.0000     0.0000  0.0000  *ADD_UNS_OP_22_22_23
gaussianF1/add_1023/*cell*159        0.0000      0.0    0.0000     0.0000  0.0000  DW01_add_width23
gaussianF1/add_1025                  0.0000      0.0    0.0000     0.0000  0.0000  *ADD_UNS_OP_21_20_22
gaussianF1/add_1025/*cell*162        0.0000      0.0    0.0000     0.0000  0.0000  DW01_add_width22
gaussianF1/add_1041                  0.0000      0.0    0.0000     0.0000  0.0000  *ADD_UNS_OP_21_21_22
gaussianF1/add_1041/*cell*171        0.0000      0.0    0.0000     0.0000  0.0000  DW01_add_width22
gaussianF1/add_1057                  0.0000      0.0    0.0000     0.0000  0.0000  *ADD_UNS_OP_24_25_25
gaussianF1/add_1057/*cell*180        0.0000      0.0    0.0000     0.0000  0.0000  DW01_add_width25
gaussianF1/add_1059                  0.0000      0.0    0.0000     0.0000  0.0000  *ADD_UNS_OP_23_24_25
gaussianF1/add_1059/*cell*183        0.0000      0.0    0.0000     0.0000  0.0000  DW01_add_width25
gaussianF1/add_1061                  0.0000      0.0    0.0000     0.0000  0.0000  *ADD_UNS_OP_23_21_24
gaussianF1/add_1061/*cell*186        0.0000      0.0    0.0000     0.0000  0.0000  DW01_add_width24
gaussianF1/add_1063                  0.0000      0.0    0.0000     0.0000  0.0000  *ADD_UNS_OP_20_20_21
gaussianF1/add_1063/*cell*189        0.0000      0.0    0.0000     0.0000  0.0000  DW01_add_width21
gaussianF1/add_1079                  0.0000      0.0    0.0000     0.0000  0.0000  *ADD_UNS_OP_22_21_23
gaussianF1/add_1079/*cell*198        0.0000      0.0    0.0000     0.0000  0.0000  DW01_add_width23
gaussianF1/add_1095                  0.0000      0.0    0.0000     0.0000  0.0000  *ADD_UNS_OP_22_22_23
gaussianF1/add_1095/*cell*207        0.0000      0.0    0.0000     0.0000  0.0000  DW01_add_width23
gaussianF1/add_1097                  0.0000      0.0    0.0000     0.0000  0.0000  *ADD_UNS_OP_20_21_22
gaussianF1/add_1097/*cell*210        0.0000      0.0    0.0000     0.0000  0.0000  DW01_add_width22
gaussianF1/add_1113                  0.0000      0.0    0.0000     0.0000  0.0000  *ADD_UNS_OP_21_20_22
gaussianF1/add_1113/*cell*219        0.0000      0.0    0.0000     0.0000  0.0000  DW01_add_width22
gaussianF1/add_1129                  0.0000      0.0    0.0000     0.0000  0.0000  *ADD_UNS_OP_22_23_24
gaussianF1/add_1129/*cell*228        0.0000      0.0    0.0000     0.0000  0.0000  DW01_add_width24
gaussianF1/add_1131                  0.0000      0.0    0.0000     0.0000  0.0000  *ADD_UNS_OP_21_22_23
gaussianF1/add_1131/*cell*231        0.0000      0.0    0.0000     0.0000  0.0000  DW01_add_width23
gaussianF1/add_1133                  0.0000      0.0    0.0000     0.0000  0.0000  *ADD_UNS_OP_21_21_22
gaussianF1/add_1133/*cell*234        0.0000      0.0    0.0000     0.0000  0.0000  DW01_add_width22
gaussianF1/add_1149                  0.0000      0.0    0.0000     0.0000  0.0000  *ADD_UNS_OP_19_20_21
gaussianF1/add_1149/*cell*243        0.0000      0.0    0.0000     0.0000  0.0000  DW01_add_width21
gaussianF1/add_1165                  0.0000      0.0    0.0000     0.0000  0.0000  *ADD_UNS_OP_21_21_22
gaussianF1/add_1165/*cell*252        0.0000      0.0    0.0000     0.0000  0.0000  DW01_add_width22
gaussianF1/add_1167                  0.0000      0.0    0.0000     0.0000  0.0000  *ADD_UNS_OP_20_20_21
gaussianF1/add_1167/*cell*255        0.0000      0.0    0.0000     0.0000  0.0000  DW01_add_width21
gaussianF1/add_1183                  0.0000      0.0    0.0000     0.0000  0.0000  *ADD_UNS_OP_19_20_21
gaussianF1/add_1183/*cell*264        0.0000      0.0    0.0000     0.0000  0.0000  DW01_add_width21
gaussianF1/add_976                   0.0000      0.0    0.0000     0.0000  0.0000  *ADD_UNS_OP_25_25_25
gaussianF1/add_976/*cell*126         0.0000      0.0    0.0000     0.0000  0.0000  DW01_add_width25
gaussianF1/add_978                   0.0000      0.0    0.0000     0.0000  0.0000  *ADD_UNS_OP_24_19_25
gaussianF1/add_978/*cell*129         0.0000      0.0    0.0000     0.0000  0.0000  DW01_add_width25
gaussianF1/add_987                   0.0000      0.0    0.0000     0.0000  0.0000  *ADD_UNS_OP_23_22_24
gaussianF1/add_987/*cell*135         0.0000      0.0    0.0000     0.0000  0.0000  DW01_add_width24
gaussianF1/add_989                   0.0000      0.0    0.0000     0.0000  0.0000  *ADD_UNS_OP_21_21_22
gaussianF1/add_989/*cell*138         0.0000      0.0    0.0000     0.0000  0.0000  DW01_add_width22
gaussianF1/add_991                   0.0000      0.0    0.0000     0.0000  0.0000  *ADD_UNS_OP_20_20_21
gaussianF1/add_991/*cell*141         0.0000      0.0    0.0000     0.0000  0.0000  DW01_add_width21
gaussianF1/mult_1002                 0.0000      0.0    0.0000     0.0000  0.0000  *MULT_UNS_OP_12_8_20
gaussianF1/mult_1002/*cell*147       0.0000      0.0    0.0000     0.0000  0.0000  DW02_mult
gaussianF1/mult_1011                 0.0000      0.0    0.0000     0.0000  0.0000  *MULT_UNS_OP_12_8_20
gaussianF1/mult_1011/*cell*153       0.0000      0.0    0.0000     0.0000  0.0000  DW02_mult
gaussianF1/mult_1018                 0.0000      0.0    0.0000     0.0000  0.0000  *MULT_UNS_OP_11_8_19
gaussianF1/mult_1018/*cell*156       0.0000      0.0    0.0000     0.0000  0.0000  DW02_mult
gaussianF1/mult_1029                 0.0000      0.0    0.0000     0.0000  0.0000  *MULT_UNS_OP_12_8_20
gaussianF1/mult_1029/*cell*165       0.0000      0.0    0.0000     0.0000  0.0000  DW02_mult
gaussianF1/mult_1036                 0.0000      0.0    0.0000     0.0000  0.0000  *MULT_UNS_OP_13_8_21
gaussianF1/mult_1036/*cell*168       0.0000      0.0    0.0000     0.0000  0.0000  DW02_mult
gaussianF1/mult_1045                 0.0000      0.0    0.0000     0.0000  0.0000  *MULT_UNS_OP_13_8_21
gaussianF1/mult_1045/*cell*174       0.0000      0.0    0.0000     0.0000  0.0000  DW02_mult
gaussianF1/mult_1052                 0.0000      0.0    0.0000     0.0000  0.0000  *MULT_UNS_OP_13_8_21
gaussianF1/mult_1052/*cell*177       0.0000      0.0    0.0000     0.0000  0.0000  DW02_mult
gaussianF1/mult_1067                 0.0000      0.0    0.0000     0.0000  0.0000  *MULT_UNS_OP_12_8_20
gaussianF1/mult_1067/*cell*192       0.0000      0.0    0.0000     0.0000  0.0000  DW02_mult
gaussianF1/mult_1074                 0.0000      0.0    0.0000     0.0000  0.0000  *MULT_UNS_OP_12_8_20
gaussianF1/mult_1074/*cell*195       0.0000      0.0    0.0000     0.0000  0.0000  DW02_mult
gaussianF1/mult_1083                 0.0000      0.0    0.0000     0.0000  0.0000  *MULT_UNS_OP_13_8_21
gaussianF1/mult_1083/*cell*201       0.0000      0.0    0.0000     0.0000  0.0000  DW02_mult
gaussianF1/mult_1090                 0.0000      0.0    0.0000     0.0000  0.0000  *MULT_UNS_OP_14_8_22
gaussianF1/mult_1090/*cell*204       0.0000      0.0    0.0000     0.0000  0.0000  DW02_mult
gaussianF1/mult_1101                 0.0000      0.0    0.0000     0.0000  0.0000  *MULT_UNS_OP_13_8_21
gaussianF1/mult_1101/*cell*213       0.0000      0.0    0.0000     0.0000  0.0000  DW02_mult
gaussianF1/mult_1108                 0.0000      0.0    0.0000     0.0000  0.0000  *MULT_UNS_OP_12_8_20
gaussianF1/mult_1108/*cell*216       0.0000      0.0    0.0000     0.0000  0.0000  DW02_mult
gaussianF1/mult_1117                 0.0000      0.0    0.0000     0.0000  0.0000  *MULT_UNS_OP_12_8_20
gaussianF1/mult_1117/*cell*222       0.0000      0.0    0.0000     0.0000  0.0000  DW02_mult
gaussianF1/mult_1124                 0.0000      0.0    0.0000     0.0000  0.0000  *MULT_UNS_OP_13_8_21
gaussianF1/mult_1124/*cell*225       0.0000      0.0    0.0000     0.0000  0.0000  DW02_mult
gaussianF1/mult_1137                 0.0000      0.0    0.0000     0.0000  0.0000  *MULT_UNS_OP_13_8_21
gaussianF1/mult_1137/*cell*237       0.0000      0.0    0.0000     0.0000  0.0000  DW02_mult
gaussianF1/mult_1144                 0.0000      0.0    0.0000     0.0000  0.0000  *MULT_UNS_OP_13_8_21
gaussianF1/mult_1144/*cell*240       0.0000      0.0    0.0000     0.0000  0.0000  DW02_mult
gaussianF1/mult_1153                 0.0000      0.0    0.0000     0.0000  0.0000  *MULT_UNS_OP_12_8_20
gaussianF1/mult_1153/*cell*246       0.0000      0.0    0.0000     0.0000  0.0000  DW02_mult
gaussianF1/mult_1160                 0.0000      0.0    0.0000     0.0000  0.0000  *MULT_UNS_OP_11_8_19
gaussianF1/mult_1160/*cell*249       0.0000      0.0    0.0000     0.0000  0.0000  DW02_mult
gaussianF1/mult_1171                 0.0000      0.0    0.0000     0.0000  0.0000  *MULT_UNS_OP_12_8_20
gaussianF1/mult_1171/*cell*258       0.0000      0.0    0.0000     0.0000  0.0000  DW02_mult
gaussianF1/mult_1178                 0.0000      0.0    0.0000     0.0000  0.0000  *MULT_UNS_OP_12_8_20
gaussianF1/mult_1178/*cell*261       0.0000      0.0    0.0000     0.0000  0.0000  DW02_mult
gaussianF1/mult_1187                 0.0000      0.0    0.0000     0.0000  0.0000  *MULT_UNS_OP_12_8_20
gaussianF1/mult_1187/*cell*267       0.0000      0.0    0.0000     0.0000  0.0000  DW02_mult
gaussianF1/mult_1194                 0.0000      0.0    0.0000     0.0000  0.0000  *MULT_UNS_OP_11_8_19
gaussianF1/mult_1194/*cell*270       0.0000      0.0    0.0000     0.0000  0.0000  DW02_mult
gaussianF1/mult_982                  0.0000      0.0    0.0000     0.0000  0.0000  *MULT_UNS_OP_11_8_19
gaussianF1/mult_982/*cell*132        0.0000      0.0    0.0000     0.0000  0.0000  DW02_mult
gaussianF1/mult_995                  0.0000      0.0    0.0000     0.0000  0.0000  *MULT_UNS_OP_12_8_20
gaussianF1/mult_995/*cell*144        0.0000      0.0    0.0000     0.0000  0.0000  DW02_mult
gaussianF2                           0.0000      0.0    0.0000     0.0000  0.0000  gaussian
gaussianF2/add_1007                  0.0000      0.0    0.0000     0.0000  0.0000  *ADD_UNS_OP_19_20_21
gaussianF2/add_1007/*cell*298        0.0000      0.0    0.0000     0.0000  0.0000  DW01_add_width21
gaussianF2/add_1023                  0.0000      0.0    0.0000     0.0000  0.0000  *ADD_UNS_OP_22_22_23
gaussianF2/add_1023/*cell*307        0.0000      0.0    0.0000     0.0000  0.0000  DW01_add_width23
gaussianF2/add_1025                  0.0000      0.0    0.0000     0.0000  0.0000  *ADD_UNS_OP_21_20_22
gaussianF2/add_1025/*cell*310        0.0000      0.0    0.0000     0.0000  0.0000  DW01_add_width22
gaussianF2/add_1041                  0.0000      0.0    0.0000     0.0000  0.0000  *ADD_UNS_OP_21_21_22
gaussianF2/add_1041/*cell*319        0.0000      0.0    0.0000     0.0000  0.0000  DW01_add_width22
gaussianF2/add_1057                  0.0000      0.0    0.0000     0.0000  0.0000  *ADD_UNS_OP_24_25_25
gaussianF2/add_1057/*cell*328        0.0000      0.0    0.0000     0.0000  0.0000  DW01_add_width25
gaussianF2/add_1059                  0.0000      0.0    0.0000     0.0000  0.0000  *ADD_UNS_OP_23_24_25
gaussianF2/add_1059/*cell*331        0.0000      0.0    0.0000     0.0000  0.0000  DW01_add_width25
gaussianF2/add_1061                  0.0000      0.0    0.0000     0.0000  0.0000  *ADD_UNS_OP_23_21_24
gaussianF2/add_1061/*cell*334        0.0000      0.0    0.0000     0.0000  0.0000  DW01_add_width24
gaussianF2/add_1063                  0.0000      0.0    0.0000     0.0000  0.0000  *ADD_UNS_OP_20_20_21
gaussianF2/add_1063/*cell*337        0.0000      0.0    0.0000     0.0000  0.0000  DW01_add_width21
gaussianF2/add_1079                  0.0000      0.0    0.0000     0.0000  0.0000  *ADD_UNS_OP_22_21_23
gaussianF2/add_1079/*cell*346        0.0000      0.0    0.0000     0.0000  0.0000  DW01_add_width23
gaussianF2/add_1095                  0.0000      0.0    0.0000     0.0000  0.0000  *ADD_UNS_OP_22_22_23
gaussianF2/add_1095/*cell*355        0.0000      0.0    0.0000     0.0000  0.0000  DW01_add_width23
gaussianF2/add_1097                  0.0000      0.0    0.0000     0.0000  0.0000  *ADD_UNS_OP_20_21_22
gaussianF2/add_1097/*cell*358        0.0000      0.0    0.0000     0.0000  0.0000  DW01_add_width22
gaussianF2/add_1113                  0.0000      0.0    0.0000     0.0000  0.0000  *ADD_UNS_OP_21_20_22
gaussianF2/add_1113/*cell*367        0.0000      0.0    0.0000     0.0000  0.0000  DW01_add_width22
gaussianF2/add_1129                  0.0000      0.0    0.0000     0.0000  0.0000  *ADD_UNS_OP_22_23_24
gaussianF2/add_1129/*cell*376        0.0000      0.0    0.0000     0.0000  0.0000  DW01_add_width24
gaussianF2/add_1131                  0.0000      0.0    0.0000     0.0000  0.0000  *ADD_UNS_OP_21_22_23
gaussianF2/add_1131/*cell*379        0.0000      0.0    0.0000     0.0000  0.0000  DW01_add_width23
gaussianF2/add_1133                  0.0000      0.0    0.0000     0.0000  0.0000  *ADD_UNS_OP_21_21_22
gaussianF2/add_1133/*cell*382        0.0000      0.0    0.0000     0.0000  0.0000  DW01_add_width22
gaussianF2/add_1149                  0.0000      0.0    0.0000     0.0000  0.0000  *ADD_UNS_OP_19_20_21
gaussianF2/add_1149/*cell*391        0.0000      0.0    0.0000     0.0000  0.0000  DW01_add_width21
gaussianF2/add_1165                  0.0000      0.0    0.0000     0.0000  0.0000  *ADD_UNS_OP_21_21_22
gaussianF2/add_1165/*cell*400        0.0000      0.0    0.0000     0.0000  0.0000  DW01_add_width22
gaussianF2/add_1167                  0.0000      0.0    0.0000     0.0000  0.0000  *ADD_UNS_OP_20_20_21
gaussianF2/add_1167/*cell*403        0.0000      0.0    0.0000     0.0000  0.0000  DW01_add_width21
gaussianF2/add_1183                  0.0000      0.0    0.0000     0.0000  0.0000  *ADD_UNS_OP_19_20_21
gaussianF2/add_1183/*cell*412        0.0000      0.0    0.0000     0.0000  0.0000  DW01_add_width21
gaussianF2/add_976                   0.0000      0.0    0.0000     0.0000  0.0000  *ADD_UNS_OP_25_25_25
gaussianF2/add_976/*cell*274         0.0000      0.0    0.0000     0.0000  0.0000  DW01_add_width25
gaussianF2/add_978                   0.0000      0.0    0.0000     0.0000  0.0000  *ADD_UNS_OP_24_19_25
gaussianF2/add_978/*cell*277         0.0000      0.0    0.0000     0.0000  0.0000  DW01_add_width25
gaussianF2/add_987                   0.0000      0.0    0.0000     0.0000  0.0000  *ADD_UNS_OP_23_22_24
gaussianF2/add_987/*cell*283         0.0000      0.0    0.0000     0.0000  0.0000  DW01_add_width24
gaussianF2/add_989                   0.0000      0.0    0.0000     0.0000  0.0000  *ADD_UNS_OP_21_21_22
gaussianF2/add_989/*cell*286         0.0000      0.0    0.0000     0.0000  0.0000  DW01_add_width22
gaussianF2/add_991                   0.0000      0.0    0.0000     0.0000  0.0000  *ADD_UNS_OP_20_20_21
gaussianF2/add_991/*cell*289         0.0000      0.0    0.0000     0.0000  0.0000  DW01_add_width21
gaussianF2/mult_1002                 0.0000      0.0    0.0000     0.0000  0.0000  *MULT_UNS_OP_12_8_20
gaussianF2/mult_1002/*cell*295       0.0000      0.0    0.0000     0.0000  0.0000  DW02_mult
gaussianF2/mult_1011                 0.0000      0.0    0.0000     0.0000  0.0000  *MULT_UNS_OP_12_8_20
gaussianF2/mult_1011/*cell*301       0.0000      0.0    0.0000     0.0000  0.0000  DW02_mult
gaussianF2/mult_1018                 0.0000      0.0    0.0000     0.0000  0.0000  *MULT_UNS_OP_11_8_19
gaussianF2/mult_1018/*cell*304       0.0000      0.0    0.0000     0.0000  0.0000  DW02_mult
gaussianF2/mult_1029                 0.0000      0.0    0.0000     0.0000  0.0000  *MULT_UNS_OP_12_8_20
gaussianF2/mult_1029/*cell*313       0.0000      0.0    0.0000     0.0000  0.0000  DW02_mult
gaussianF2/mult_1036                 0.0000      0.0    0.0000     0.0000  0.0000  *MULT_UNS_OP_13_8_21
gaussianF2/mult_1036/*cell*316       0.0000      0.0    0.0000     0.0000  0.0000  DW02_mult
gaussianF2/mult_1045                 0.0000      0.0    0.0000     0.0000  0.0000  *MULT_UNS_OP_13_8_21
gaussianF2/mult_1045/*cell*322       0.0000      0.0    0.0000     0.0000  0.0000  DW02_mult
gaussianF2/mult_1052                 0.0000      0.0    0.0000     0.0000  0.0000  *MULT_UNS_OP_13_8_21
gaussianF2/mult_1052/*cell*325       0.0000      0.0    0.0000     0.0000  0.0000  DW02_mult
gaussianF2/mult_1067                 0.0000      0.0    0.0000     0.0000  0.0000  *MULT_UNS_OP_12_8_20
gaussianF2/mult_1067/*cell*340       0.0000      0.0    0.0000     0.0000  0.0000  DW02_mult
gaussianF2/mult_1074                 0.0000      0.0    0.0000     0.0000  0.0000  *MULT_UNS_OP_12_8_20
gaussianF2/mult_1074/*cell*343       0.0000      0.0    0.0000     0.0000  0.0000  DW02_mult
gaussianF2/mult_1083                 0.0000      0.0    0.0000     0.0000  0.0000  *MULT_UNS_OP_13_8_21
gaussianF2/mult_1083/*cell*349       0.0000      0.0    0.0000     0.0000  0.0000  DW02_mult
gaussianF2/mult_1090                 0.0000      0.0    0.0000     0.0000  0.0000  *MULT_UNS_OP_14_8_22
gaussianF2/mult_1090/*cell*352       0.0000      0.0    0.0000     0.0000  0.0000  DW02_mult
gaussianF2/mult_1101                 0.0000      0.0    0.0000     0.0000  0.0000  *MULT_UNS_OP_13_8_21
gaussianF2/mult_1101/*cell*361       0.0000      0.0    0.0000     0.0000  0.0000  DW02_mult
gaussianF2/mult_1108                 0.0000      0.0    0.0000     0.0000  0.0000  *MULT_UNS_OP_12_8_20
gaussianF2/mult_1108/*cell*364       0.0000      0.0    0.0000     0.0000  0.0000  DW02_mult
gaussianF2/mult_1117                 0.0000      0.0    0.0000     0.0000  0.0000  *MULT_UNS_OP_12_8_20
gaussianF2/mult_1117/*cell*370       0.0000      0.0    0.0000     0.0000  0.0000  DW02_mult
gaussianF2/mult_1124                 0.0000      0.0    0.0000     0.0000  0.0000  *MULT_UNS_OP_13_8_21
gaussianF2/mult_1124/*cell*373       0.0000      0.0    0.0000     0.0000  0.0000  DW02_mult
gaussianF2/mult_1137                 0.0000      0.0    0.0000     0.0000  0.0000  *MULT_UNS_OP_13_8_21
gaussianF2/mult_1137/*cell*385       0.0000      0.0    0.0000     0.0000  0.0000  DW02_mult
gaussianF2/mult_1144                 0.0000      0.0    0.0000     0.0000  0.0000  *MULT_UNS_OP_13_8_21
gaussianF2/mult_1144/*cell*388       0.0000      0.0    0.0000     0.0000  0.0000  DW02_mult
gaussianF2/mult_1153                 0.0000      0.0    0.0000     0.0000  0.0000  *MULT_UNS_OP_12_8_20
gaussianF2/mult_1153/*cell*394       0.0000      0.0    0.0000     0.0000  0.0000  DW02_mult
gaussianF2/mult_1160                 0.0000      0.0    0.0000     0.0000  0.0000  *MULT_UNS_OP_11_8_19
gaussianF2/mult_1160/*cell*397       0.0000      0.0    0.0000     0.0000  0.0000  DW02_mult
gaussianF2/mult_1171                 0.0000      0.0    0.0000     0.0000  0.0000  *MULT_UNS_OP_12_8_20
gaussianF2/mult_1171/*cell*406       0.0000      0.0    0.0000     0.0000  0.0000  DW02_mult
gaussianF2/mult_1178                 0.0000      0.0    0.0000     0.0000  0.0000  *MULT_UNS_OP_12_8_20
gaussianF2/mult_1178/*cell*409       0.0000      0.0    0.0000     0.0000  0.0000  DW02_mult
gaussianF2/mult_1187                 0.0000      0.0    0.0000     0.0000  0.0000  *MULT_UNS_OP_12_8_20
gaussianF2/mult_1187/*cell*415       0.0000      0.0    0.0000     0.0000  0.0000  DW02_mult
gaussianF2/mult_1194                 0.0000      0.0    0.0000     0.0000  0.0000  *MULT_UNS_OP_11_8_19
gaussianF2/mult_1194/*cell*418       0.0000      0.0    0.0000     0.0000  0.0000  DW02_mult
gaussianF2/mult_982                  0.0000      0.0    0.0000     0.0000  0.0000  *MULT_UNS_OP_11_8_19
gaussianF2/mult_982/*cell*280        0.0000      0.0    0.0000     0.0000  0.0000  DW02_mult
gaussianF2/mult_995                  0.0000      0.0    0.0000     0.0000  0.0000  *MULT_UNS_OP_12_8_20
gaussianF2/mult_995/*cell*292        0.0000      0.0    0.0000     0.0000  0.0000  DW02_mult
iterCalc                             0.0000      0.0    0.0000     0.0000  0.0000  uvIteration
iterCalc/uvAverage                   0.0000      0.0    0.0000     0.0000  0.0000  uvAvg
iterCalc/uvAverage/add_1662          0.0000      0.0    0.0000     0.0000  0.0000  *ADD_UNS_OP_32_32_32
iterCalc/uvAverage/add_1662/*cell*542    0.0000     0.0   0.0000    0.0000 0.0000  DW01_add_width32
iterCalc/uvAverage/add_1664          0.0000      0.0    0.0000     0.0000  0.0000  *ADD_UNS_OP_26_26_26
iterCalc/uvAverage/add_1664/*cell*548    0.0000     0.0   0.0000    0.0000 0.0000  DW01_add_width26
iterCalc/uvAverage/add_1665          0.0000      0.0    0.0000     0.0000  0.0000  *ADD_UNS_OP_26_26_26
iterCalc/uvAverage/add_1665/*cell*551    0.0000     0.0   0.0000    0.0000 0.0000  DW01_add_width26
iterCalc/uvAverage/add_1666          0.0000      0.0    0.0000     0.0000  0.0000  *ADD_UNS_OP_26_26_26
iterCalc/uvAverage/add_1666/*cell*554    0.0000     0.0   0.0000    0.0000 0.0000  DW01_add_width26
iterCalc/uvAverage/add_1668          0.0000      0.0    0.0000     0.0000  0.0000  *ADD_UNS_OP_26_26_26
iterCalc/uvAverage/add_1668/*cell*560    0.0000     0.0   0.0000    0.0000 0.0000  DW01_add_width26
iterCalc/uvAverage/add_1669          0.0000      0.0    0.0000     0.0000  0.0000  *ADD_UNS_OP_26_26_26
iterCalc/uvAverage/add_1669/*cell*563    0.0000     0.0   0.0000    0.0000 0.0000  DW01_add_width26
iterCalc/uvAverage/add_1670          0.0000      0.0    0.0000     0.0000  0.0000  *ADD_UNS_OP_26_26_26
iterCalc/uvAverage/add_1670/*cell*566    0.0000     0.0   0.0000    0.0000 0.0000  DW01_add_width26
iterCalc/uvAverage/add_1674          0.0000      0.0    0.0000     0.0000  0.0000  *ADD_UNS_OP_32_32_32
iterCalc/uvAverage/add_1674/*cell*569    0.0000     0.0   0.0000    0.0000 0.0000  DW01_add_width32
iterCalc/uvAverage/add_1676          0.0000      0.0    0.0000     0.0000  0.0000  *ADD_UNS_OP_26_26_26
iterCalc/uvAverage/add_1676/*cell*575    0.0000     0.0   0.0000    0.0000 0.0000  DW01_add_width26
iterCalc/uvAverage/add_1677          0.0000      0.0    0.0000     0.0000  0.0000  *ADD_UNS_OP_26_26_26
iterCalc/uvAverage/add_1677/*cell*578    0.0000     0.0   0.0000    0.0000 0.0000  DW01_add_width26
iterCalc/uvAverage/add_1678          0.0000      0.0    0.0000     0.0000  0.0000  *ADD_UNS_OP_26_26_26
iterCalc/uvAverage/add_1678/*cell*581    0.0000     0.0   0.0000    0.0000 0.0000  DW01_add_width26
iterCalc/uvAverage/add_1680          0.0000      0.0    0.0000     0.0000  0.0000  *ADD_UNS_OP_26_26_26
iterCalc/uvAverage/add_1680/*cell*587    0.0000     0.0   0.0000    0.0000 0.0000  DW01_add_width26
iterCalc/uvAverage/add_1681          0.0000      0.0    0.0000     0.0000  0.0000  *ADD_UNS_OP_26_26_26
iterCalc/uvAverage/add_1681/*cell*590    0.0000     0.0   0.0000    0.0000 0.0000  DW01_add_width26
iterCalc/uvAverage/add_1682          0.0000      0.0    0.0000     0.0000  0.0000  *ADD_UNS_OP_26_26_26
iterCalc/uvAverage/add_1682/*cell*593    0.0000     0.0   0.0000    0.0000 0.0000  DW01_add_width26
iterCalc/uvAverage/mult_1663         0.0000      0.0    0.0000     0.0000  0.0000  *MULT_UNS_OP_26_13_32
iterCalc/uvAverage/mult_1663/*cell*545    0.0000     0.0   0.0000    0.0000 0.0000 DW02_mult
iterCalc/uvAverage/mult_1667         0.0000      0.0    0.0000     0.0000  0.0000  *MULT_UNS_OP_26_14_32
iterCalc/uvAverage/mult_1667/*cell*557    0.0000     0.0   0.0000    0.0000 0.0000 DW02_mult
iterCalc/uvAverage/mult_1675         0.0000      0.0    0.0000     0.0000  0.0000  *MULT_UNS_OP_26_13_32
iterCalc/uvAverage/mult_1675/*cell*572    0.0000     0.0   0.0000    0.0000 0.0000 DW02_mult
iterCalc/uvAverage/mult_1679         0.0000      0.0    0.0000     0.0000  0.0000  *MULT_UNS_OP_26_14_32
iterCalc/uvAverage/mult_1679/*cell*584    0.0000     0.0   0.0000    0.0000 0.0000 DW02_mult
iterCalc/uvCalculation               0.0000      0.0    0.0000     0.0000  0.0000  uvCalc
iterCalc/uvCalculation/add_1592      0.0000      0.0    0.0000     0.0000  0.0000  *ADD_TC_OP_48_34_48
iterCalc/uvCalculation/add_1592/*cell*517    0.0000     0.0   0.0000    0.0000 0.0000 DW01_add_width48
iterCalc/uvCalculation/add_1598      0.0000      0.0    0.0000     0.0000  0.0000  *ADD_TC_OP_48_48_48
iterCalc/uvCalculation/add_1598/*cell*520    0.0000     0.0   0.0000    0.0000 0.0000 DW01_add_width48
iterCalc/uvCalculation/add_1605      0.0000      0.0    0.0000     0.0000  0.0000  *ADD_TC_OP_32_26_32
iterCalc/uvCalculation/add_1605/*cell*529    0.0000     0.0   0.0000    0.0000 0.0000 DW01_add_width32
iterCalc/uvCalculation/add_1609      0.0000      0.0    0.0000     0.0000  0.0000  *ADD_TC_OP_32_32_32
iterCalc/uvCalculation/add_1609/*cell*532    0.0000     0.0   0.0000    0.0000 0.0000 DW01_add_width32
iterCalc/uvCalculation/div_1576      0.0000      0.0    0.0000     0.0000  0.0000  *DIV_TC_OP_58_32_58
iterCalc/uvCalculation/div_1576/*cell*502    0.0000     0.0   0.0000    0.0000 0.0000 DW_div_tc_a_width58_b_width32
iterCalc/uvCalculation/div_1584      0.0000      0.0    0.0000     0.0000  0.0000  *DIV_TC_OP_58_32_58
iterCalc/uvCalculation/div_1584/*cell*511    0.0000     0.0   0.0000    0.0000 0.0000 DW_div_tc_a_width58_b_width32
iterCalc/uvCalculation/mult_1577     0.0000      0.0    0.0000     0.0000  0.0000  *MULT_TC_OP_26_32_58
iterCalc/uvCalculation/mult_1577/*cell*505    0.0000     0.0   0.0000    0.0000 0.0000 DW02_mult
iterCalc/uvCalculation/mult_1585     0.0000      0.0    0.0000     0.0000  0.0000  *MULT_TC_OP_26_32_58
iterCalc/uvCalculation/mult_1585/*cell*514    0.0000     0.0   0.0000    0.0000 0.0000 DW02_mult
iterCalc/uvCalculation/mult_1599     0.0000      0.0    0.0000     0.0000  0.0000  *MULT_TC_OP_26_26_48
iterCalc/uvCalculation/mult_1599/*cell*523    0.0000     0.0   0.0000    0.0000 0.0000 DW02_mult
iterCalc/uvCalculation/mult_1600     0.0000      0.0    0.0000     0.0000  0.0000  *MULT_TC_OP_26_26_48
iterCalc/uvCalculation/mult_1600/*cell*526    0.0000     0.0   0.0000    0.0000 0.0000 DW02_mult
iterCalc/uvCalculation/mult_1610     0.0000      0.0    0.0000     0.0000  0.0000  *MULT_TC_OP_26_26_32
iterCalc/uvCalculation/mult_1610/*cell*535    0.0000     0.0   0.0000    0.0000 0.0000 DW02_mult
iterCalc/uvCalculation/mult_1611     0.0000      0.0    0.0000     0.0000  0.0000  *MULT_TC_OP_26_26_32
iterCalc/uvCalculation/mult_1611/*cell*538    0.0000     0.0   0.0000    0.0000 0.0000 DW02_mult
iterCalc/uvCalculation/sub_1575      0.0000      0.0    0.0000     0.0000  0.0000  *SUB_TC_OP_26_26_26
iterCalc/uvCalculation/sub_1575/*cell*499    0.0000     0.0   0.0000    0.0000 0.0000 DW01_sub_width26
iterCalc/uvCalculation/sub_1583      0.0000      0.0    0.0000     0.0000  0.0000  *SUB_TC_OP_26_26_26
iterCalc/uvCalculation/sub_1583/*cell*508    0.0000     0.0   0.0000    0.0000 0.0000 DW01_sub_width26
iterCalc/winBuf3_u                   0.0000      0.0    0.0000     0.0000  0.0000  windowBuf3x3
iterCalc/winBuf3_u/add_1465          0.0000      0.0    0.0000     0.0000  0.0000  *ADD_UNS_OP_9_1_9
iterCalc/winBuf3_u/add_1465/*cell*489    0.0000     0.0   0.0000    0.0000 0.0000  DW01_inc_width9
iterCalc/winBuf3_u/add_1472          0.0000      0.0    0.0000     0.0000  0.0000  *ADD_UNS_OP_9_1_9
iterCalc/winBuf3_u/add_1472/*cell*491    0.0000     0.0   0.0000    0.0000 0.0000  DW01_inc_width9
iterCalc/winBuf3_u/row1buf           0.0000      0.0    0.0000     0.0000  0.0000  hsOptFlowTop_uvIteration_windowBuf3x3__row1buf
iterCalc/winBuf3_u/row2buf           0.0000      0.0    0.0000     0.0000  0.0000  hsOptFlowTop_uvIteration_windowBuf3x3__row2buf
iterCalc/winBuf3_v                   0.0000      0.0    0.0000     0.0000  0.0000  windowBuf3x3
iterCalc/winBuf3_v/add_1465          0.0000      0.0    0.0000     0.0000  0.0000  *ADD_UNS_OP_9_1_9
iterCalc/winBuf3_v/add_1465/*cell*494    0.0000     0.0   0.0000    0.0000 0.0000  DW01_inc_width9
iterCalc/winBuf3_v/add_1472          0.0000      0.0    0.0000     0.0000  0.0000  *ADD_UNS_OP_9_1_9
iterCalc/winBuf3_v/add_1472/*cell*496    0.0000     0.0   0.0000    0.0000 0.0000  DW01_inc_width9
iterCalc/winBuf3_v/row1buf           0.0000      0.0    0.0000     0.0000  0.0000  hsOptFlowTop_uvIteration_windowBuf3x3__row1buf
iterCalc/winBuf3_v/row2buf           0.0000      0.0    0.0000     0.0000  0.0000  hsOptFlowTop_uvIteration_windowBuf3x3__row2buf
pDeriv                               0.0000      0.0    0.0000     0.0000  0.0000  partialDeriv
pDeriv/add_1364                      0.0000      0.0    0.0000     0.0000  0.0000  *ADD_TC_OP_26_26_26
pDeriv/add_1364/*cell*425            0.0000      0.0    0.0000     0.0000  0.0000  DW01_add_width26
pDeriv/add_1366                      0.0000      0.0    0.0000     0.0000  0.0000  *ADD_TC_OP_26_26_26
pDeriv/add_1366/*cell*431            0.0000      0.0    0.0000     0.0000  0.0000  DW01_add_width26
pDeriv/add_1369                      0.0000      0.0    0.0000     0.0000  0.0000  *ADD_TC_OP_26_26_26
pDeriv/add_1369/*cell*440            0.0000      0.0    0.0000     0.0000  0.0000  DW01_add_width26
pDeriv/add_1373                      0.0000      0.0    0.0000     0.0000  0.0000  *ADD_TC_OP_26_26_26
pDeriv/add_1373/*cell*446            0.0000      0.0    0.0000     0.0000  0.0000  DW01_add_width26
pDeriv/add_1375                      0.0000      0.0    0.0000     0.0000  0.0000  *ADD_TC_OP_26_26_26
pDeriv/add_1375/*cell*452            0.0000      0.0    0.0000     0.0000  0.0000  DW01_add_width26
pDeriv/add_1378                      0.0000      0.0    0.0000     0.0000  0.0000  *ADD_TC_OP_26_26_26
pDeriv/add_1378/*cell*461            0.0000      0.0    0.0000     0.0000  0.0000  DW01_add_width26
pDeriv/add_1382                      0.0000      0.0    0.0000     0.0000  0.0000  *ADD_TC_OP_26_26_26
pDeriv/add_1382/*cell*467            0.0000      0.0    0.0000     0.0000  0.0000  DW01_add_width26
pDeriv/add_1384                      0.0000      0.0    0.0000     0.0000  0.0000  *ADD_TC_OP_26_26_26
pDeriv/add_1384/*cell*473            0.0000      0.0    0.0000     0.0000  0.0000  DW01_add_width26
pDeriv/add_1387                      0.0000      0.0    0.0000     0.0000  0.0000  *ADD_TC_OP_26_26_26
pDeriv/add_1387/*cell*482            0.0000      0.0    0.0000     0.0000  0.0000  DW01_add_width26
pDeriv/sub_1365                      0.0000      0.0    0.0000     0.0000  0.0000  *SUB_TC_OP_26_26_26
pDeriv/sub_1365/*cell*428            0.0000      0.0    0.0000     0.0000  0.0000  DW01_sub_width26
pDeriv/sub_1367                      0.0000      0.0    0.0000     0.0000  0.0000  *SUB_TC_OP_26_26_26
pDeriv/sub_1367/*cell*434            0.0000      0.0    0.0000     0.0000  0.0000  DW01_sub_width26
pDeriv/sub_1368                      0.0000      0.0    0.0000     0.0000  0.0000  *SUB_TC_OP_26_26_26
pDeriv/sub_1368/*cell*437            0.0000      0.0    0.0000     0.0000  0.0000  DW01_sub_width26
pDeriv/sub_1370                      0.0000      0.0    0.0000     0.0000  0.0000  *SUB_TC_OP_26_26_26
pDeriv/sub_1370/*cell*443            0.0000      0.0    0.0000     0.0000  0.0000  DW01_sub_width26
pDeriv/sub_1374                      0.0000      0.0    0.0000     0.0000  0.0000  *SUB_TC_OP_26_26_26
pDeriv/sub_1374/*cell*449            0.0000      0.0    0.0000     0.0000  0.0000  DW01_sub_width26
pDeriv/sub_1376                      0.0000      0.0    0.0000     0.0000  0.0000  *SUB_TC_OP_26_26_26
pDeriv/sub_1376/*cell*455            0.0000      0.0    0.0000     0.0000  0.0000  DW01_sub_width26
pDeriv/sub_1377                      0.0000      0.0    0.0000     0.0000  0.0000  *SUB_TC_OP_26_26_26
pDeriv/sub_1377/*cell*458            0.0000      0.0    0.0000     0.0000  0.0000  DW01_sub_width26
pDeriv/sub_1379                      0.0000      0.0    0.0000     0.0000  0.0000  *SUB_TC_OP_26_26_26
pDeriv/sub_1379/*cell*464            0.0000      0.0    0.0000     0.0000  0.0000  DW01_sub_width26
pDeriv/sub_1383                      0.0000      0.0    0.0000     0.0000  0.0000  *SUB_TC_OP_26_26_26
pDeriv/sub_1383/*cell*470            0.0000      0.0    0.0000     0.0000  0.0000  DW01_sub_width26
pDeriv/sub_1385                      0.0000      0.0    0.0000     0.0000  0.0000  *SUB_TC_OP_26_26_26
pDeriv/sub_1385/*cell*476            0.0000      0.0    0.0000     0.0000  0.0000  DW01_sub_width26
pDeriv/sub_1386                      0.0000      0.0    0.0000     0.0000  0.0000  *SUB_TC_OP_26_26_26
pDeriv/sub_1386/*cell*479            0.0000      0.0    0.0000     0.0000  0.0000  DW01_sub_width26
pDeriv/sub_1388                      0.0000      0.0    0.0000     0.0000  0.0000  *SUB_TC_OP_26_26_26
pDeriv/sub_1388/*cell*485            0.0000      0.0    0.0000     0.0000  0.0000  DW01_sub_width26
winBuf2x2x2                          0.0000      0.0    0.0000     0.0000  0.0000  windowBuf2x2x2
winBuf2x2x2/add_1273                 0.0000      0.0    0.0000     0.0000  0.0000  *ADD_UNS_OP_9_1_9
winBuf2x2x2/add_1273/*cell*422       0.0000      0.0    0.0000     0.0000  0.0000  DW01_inc_width9
winBuf2x2x2/rowbuf1                  0.0000      0.0    0.0000     0.0000  0.0000  hsOptFlowTop_windowBuf2x2x2__rowbuf1
winBuf2x2x2/rowbuf2                  0.0000      0.0    0.0000     0.0000  0.0000  hsOptFlowTop_windowBuf2x2x2__rowbuf2
winBuf5x5_1                          0.0000      0.0    0.0000     0.0000  0.0000  windowBuf5x5
winBuf5x5_1/add_411                  0.0000      0.0    0.0000     0.0000  0.0000  *ADD_UNS_OP_9_1_9
winBuf5x5_1/add_411/*cell*116        0.0000      0.0    0.0000     0.0000  0.0000  DW01_inc_width9
winBuf5x5_1/add_418                  0.0000      0.0    0.0000     0.0000  0.0000  *ADD_UNS_OP_9_1_9
winBuf5x5_1/add_418/*cell*118        0.0000      0.0    0.0000     0.0000  0.0000  DW01_inc_width9
winBuf5x5_1/rowbuf                   0.0000      0.0    0.0000     0.0000  0.0000  hsOptFlowTop_windowBuf5x5__rowbuf
winBuf5x5_2                          0.0000      0.0    0.0000     0.0000  0.0000  windowBuf5x5_1
winBuf5x5_2/add_628                  0.0000      0.0    0.0000     0.0000  0.0000  *ADD_UNS_OP_9_1_9
winBuf5x5_2/add_628/*cell*121        0.0000      0.0    0.0000     0.0000  0.0000  DW01_inc_width9
winBuf5x5_2/add_635                  0.0000      0.0    0.0000     0.0000  0.0000  *ADD_UNS_OP_9_1_9
winBuf5x5_2/add_635/*cell*123        0.0000      0.0    0.0000     0.0000  0.0000  DW01_inc_width9
winBuf5x5_2/rowbuf                   0.0000      0.0    0.0000     0.0000  0.0000  hsOptFlowTop_windowBuf5x5__rowbuf
--------------------------------  ---------  -------  --------  ---------  ------  ----------------------------------------------
Total                                                   0.0000     0.0000  0.0000

1
