Warning: Design 'hsOptFlowTop' has '5' unresolved references. For more detailed information, use the "link" command. (UID-341)
 
****************************************
Report : reference
Design : hsOptFlowTop
Version: G-2012.06-SP3
Date   : Sun Dec  2 00:20:33 2012
****************************************

Attributes:
    b - black box (unknown)
   bo - allows boundary optimization
    d - dont_touch
   mo - map_only
    h - hierarchical
    n - noncombinational
    r - removable
    s - synthetic operator
    u - contains unmapped logic

Reference          Library       Unit Area   Count    Total Area   Attributes
-----------------------------------------------------------------------------
**SEQGEN**                        0.000000      55      0.000000  n, u
*SELECT_OP_2.25_2.1_25            0.000000       2      0.000000  s, u
*SELECT_OP_2.26_2.1_26            0.000000       2      0.000000  s, u
GTECH_BUF          gtech          0.000000       4      0.000000  u
GTECH_NOT          gtech          0.000000       2      0.000000  u
control                           0.000000       1      0.000000  h, n, u
gaussian                          0.000000       2      0.000000  h, u
partialDeriv                      0.000000       1      0.000000  h, u
uvIteration                       0.000000       1      0.000000  b, h, n, u
windowBuf2x2x2                    0.000000       1      0.000000  b, h, n, u
windowBuf5x5                      0.000000       1      0.000000  b, h, n, u
windowBuf5x5_1                    0.000000       1      0.000000  b, h, n, u
-----------------------------------------------------------------------------
Total 12 references                                     0.000000

****************************************
Design: control 
****************************************
Reference          Library       Unit Area   Count    Total Area   Attributes
-----------------------------------------------------------------------------
**SEQGEN**                        0.000000      29      0.000000  n, u
*ADD_UNS_OP_8_1_8                 0.000000       6      0.000000  s, u
*ADD_UNS_OP_9_1_9                 0.000000       3      0.000000  s, u
*EQ_UNS_OP_9_9_1                  0.000000       9      0.000000  s, u
*SELECT_OP_2.1_2.1_1              0.000000       1      0.000000  s, u
*SELECT_OP_2.2_2.1_2              0.000000       3      0.000000  s, u
*SELECT_OP_2.8_2.1_8              0.000000      14      0.000000  s, u
*SELECT_OP_2.9_2.1_9              0.000000       7      0.000000  s, u
*SUB_UNS_OP_9_2_9                 0.000000       1      0.000000  s, u
GTECH_AND2         gtech          0.000000      81      0.000000  u
GTECH_BUF          gtech          0.000000      31      0.000000  u
GTECH_NOT          gtech          0.000000      42      0.000000  u
GTECH_OR2          gtech          0.000000      99      0.000000  u
-----------------------------------------------------------------------------
Total 13 references                                     0.000000

****************************************
Design: *ADD_UNS_OP_8_1_8 
****************************************
Reference          Library       Unit Area   Count    Total Area   Attributes
-----------------------------------------------------------------------------
DW01_inc_width8                   0.000000       1      0.000000  h, u
-----------------------------------------------------------------------------
Total 1 references                                      0.000000

****************************************
Design: DW01_inc_width8 
****************************************
Reference          Library       Unit Area   Count    Total Area   Attributes
-----------------------------------------------------------------------------
GTECH_ADD_AB       gtech          0.000000       6      0.000000  u
GTECH_NOT          gtech          0.000000       1      0.000000  u
GTECH_XOR2         gtech          0.000000       1      0.000000  u
-----------------------------------------------------------------------------
Total 3 references                                      0.000000

****************************************
Design: *ADD_UNS_OP_9_1_9 
****************************************
Reference          Library       Unit Area   Count    Total Area   Attributes
-----------------------------------------------------------------------------
DW01_inc_width9                   0.000000       1      0.000000  h, u
-----------------------------------------------------------------------------
Total 1 references                                      0.000000

****************************************
Design: DW01_inc_width9 
****************************************
Reference          Library       Unit Area   Count    Total Area   Attributes
-----------------------------------------------------------------------------
GTECH_ADD_AB       gtech          0.000000       7      0.000000  u
GTECH_NOT          gtech          0.000000       1      0.000000  u
GTECH_XOR2         gtech          0.000000       1      0.000000  u
-----------------------------------------------------------------------------
Total 3 references                                      0.000000

****************************************
Design: *EQ_UNS_OP_9_9_1 
****************************************
Reference          Library       Unit Area   Count    Total Area   Attributes
-----------------------------------------------------------------------------
DW01_cmp6_width9                  0.000000       1      0.000000  h, u
-----------------------------------------------------------------------------
Total 1 references                                      0.000000

****************************************
Design: DW01_cmp6_width9 
****************************************
Reference          Library       Unit Area   Count    Total Area   Attributes
-----------------------------------------------------------------------------
GTECH_AND_NOT      gtech          0.000000       2      0.000000  u
GTECH_NAND2        gtech          0.000000      32      0.000000  u
GTECH_NOR2         gtech          0.000000       1      0.000000  u
GTECH_NOT          gtech          0.000000       3      0.000000  u
GTECH_OR_NOT       gtech          0.000000      16      0.000000  u
GTECH_XNOR2        gtech          0.000000       8      0.000000  u
GTECH_XOR2         gtech          0.000000       2      0.000000  u
-----------------------------------------------------------------------------
Total 7 references                                      0.000000

****************************************
Design: *SUB_UNS_OP_9_2_9 
****************************************
Reference          Library       Unit Area   Count    Total Area   Attributes
-----------------------------------------------------------------------------
DW01_sub_width9                   0.000000       1      0.000000  h, u
-----------------------------------------------------------------------------
Total 1 references                                      0.000000

****************************************
Design: DW01_sub_width9 
****************************************
Reference          Library       Unit Area   Count    Total Area   Attributes
-----------------------------------------------------------------------------
GTECH_ADD_ABC      gtech          0.000000       9      0.000000  u
GTECH_NOT          gtech          0.000000      11      0.000000  u
-----------------------------------------------------------------------------
Total 2 references                                      0.000000

****************************************
Design: gaussian 
****************************************
Reference          Library       Unit Area   Count    Total Area   Attributes
-----------------------------------------------------------------------------
*ADD_UNS_OP_19_20_21              0.000000       3      0.000000  s, u
*ADD_UNS_OP_20_20_21              0.000000       3      0.000000  s, u
*ADD_UNS_OP_20_21_22              0.000000       1      0.000000  s, u
*ADD_UNS_OP_21_20_22              0.000000       2      0.000000  s, u
*ADD_UNS_OP_21_21_22              0.000000       4      0.000000  s, u
*ADD_UNS_OP_21_22_23              0.000000       1      0.000000  s, u
*ADD_UNS_OP_22_21_23              0.000000       1      0.000000  s, u
*ADD_UNS_OP_22_22_23              0.000000       2      0.000000  s, u
*ADD_UNS_OP_22_23_24              0.000000       1      0.000000  s, u
*ADD_UNS_OP_23_21_24              0.000000       1      0.000000  s, u
*ADD_UNS_OP_23_22_24              0.000000       1      0.000000  s, u
*ADD_UNS_OP_23_24_25              0.000000       1      0.000000  s, u
*ADD_UNS_OP_24_19_25              0.000000       1      0.000000  s, u
*ADD_UNS_OP_24_25_25              0.000000       1      0.000000  s, u
*ADD_UNS_OP_25_25_25              0.000000       1      0.000000  s, u
*MULT_UNS_OP_11_8_19              0.000000       4      0.000000  s, u
*MULT_UNS_OP_12_8_20              0.000000      12      0.000000  s, u
*MULT_UNS_OP_13_8_21              0.000000       8      0.000000  s, u
*MULT_UNS_OP_14_8_22              0.000000       1      0.000000  s, u
-----------------------------------------------------------------------------
Total 19 references                                     0.000000

****************************************
Design: *ADD_UNS_OP_19_20_21 
****************************************
Reference          Library       Unit Area   Count    Total Area   Attributes
-----------------------------------------------------------------------------
DW01_add_width21                  0.000000       1      0.000000  h, u
-----------------------------------------------------------------------------
Total 1 references                                      0.000000

****************************************
Design: DW01_add_width21 
****************************************
Reference          Library       Unit Area   Count    Total Area   Attributes
-----------------------------------------------------------------------------
GTECH_ADD_ABC      gtech          0.000000      21      0.000000  u
-----------------------------------------------------------------------------
Total 1 references                                      0.000000

****************************************
Design: *ADD_UNS_OP_20_20_21 
****************************************
Reference          Library       Unit Area   Count    Total Area   Attributes
-----------------------------------------------------------------------------
DW01_add_width21                  0.000000       1      0.000000  h, u
-----------------------------------------------------------------------------
Total 1 references                                      0.000000

****************************************
Design: DW01_add_width21 
****************************************
Reference          Library       Unit Area   Count    Total Area   Attributes
-----------------------------------------------------------------------------
GTECH_ADD_ABC      gtech          0.000000      21      0.000000  u
-----------------------------------------------------------------------------
Total 1 references                                      0.000000

****************************************
Design: *ADD_UNS_OP_20_21_22 
****************************************
Reference          Library       Unit Area   Count    Total Area   Attributes
-----------------------------------------------------------------------------
DW01_add_width22                  0.000000       1      0.000000  h, u
-----------------------------------------------------------------------------
Total 1 references                                      0.000000

****************************************
Design: DW01_add_width22 
****************************************
Reference          Library       Unit Area   Count    Total Area   Attributes
-----------------------------------------------------------------------------
GTECH_ADD_ABC      gtech          0.000000      22      0.000000  u
-----------------------------------------------------------------------------
Total 1 references                                      0.000000

****************************************
Design: *ADD_UNS_OP_21_20_22 
****************************************
Reference          Library       Unit Area   Count    Total Area   Attributes
-----------------------------------------------------------------------------
DW01_add_width22                  0.000000       1      0.000000  h, u
-----------------------------------------------------------------------------
Total 1 references                                      0.000000

****************************************
Design: DW01_add_width22 
****************************************
Reference          Library       Unit Area   Count    Total Area   Attributes
-----------------------------------------------------------------------------
GTECH_ADD_ABC      gtech          0.000000      22      0.000000  u
-----------------------------------------------------------------------------
Total 1 references                                      0.000000

****************************************
Design: *ADD_UNS_OP_21_21_22 
****************************************
Reference          Library       Unit Area   Count    Total Area   Attributes
-----------------------------------------------------------------------------
DW01_add_width22                  0.000000       1      0.000000  h, u
-----------------------------------------------------------------------------
Total 1 references                                      0.000000

****************************************
Design: DW01_add_width22 
****************************************
Reference          Library       Unit Area   Count    Total Area   Attributes
-----------------------------------------------------------------------------
GTECH_ADD_ABC      gtech          0.000000      22      0.000000  u
-----------------------------------------------------------------------------
Total 1 references                                      0.000000

****************************************
Design: *ADD_UNS_OP_21_22_23 
****************************************
Reference          Library       Unit Area   Count    Total Area   Attributes
-----------------------------------------------------------------------------
DW01_add_width23                  0.000000       1      0.000000  h, u
-----------------------------------------------------------------------------
Total 1 references                                      0.000000

****************************************
Design: DW01_add_width23 
****************************************
Reference          Library       Unit Area   Count    Total Area   Attributes
-----------------------------------------------------------------------------
GTECH_ADD_ABC      gtech          0.000000      23      0.000000  u
-----------------------------------------------------------------------------
Total 1 references                                      0.000000

****************************************
Design: *ADD_UNS_OP_22_21_23 
****************************************
Reference          Library       Unit Area   Count    Total Area   Attributes
-----------------------------------------------------------------------------
DW01_add_width23                  0.000000       1      0.000000  h, u
-----------------------------------------------------------------------------
Total 1 references                                      0.000000

****************************************
Design: DW01_add_width23 
****************************************
Reference          Library       Unit Area   Count    Total Area   Attributes
-----------------------------------------------------------------------------
GTECH_ADD_ABC      gtech          0.000000      23      0.000000  u
-----------------------------------------------------------------------------
Total 1 references                                      0.000000

****************************************
Design: *ADD_UNS_OP_22_22_23 
****************************************
Reference          Library       Unit Area   Count    Total Area   Attributes
-----------------------------------------------------------------------------
DW01_add_width23                  0.000000       1      0.000000  h, u
-----------------------------------------------------------------------------
Total 1 references                                      0.000000

****************************************
Design: DW01_add_width23 
****************************************
Reference          Library       Unit Area   Count    Total Area   Attributes
-----------------------------------------------------------------------------
GTECH_ADD_ABC      gtech          0.000000      23      0.000000  u
-----------------------------------------------------------------------------
Total 1 references                                      0.000000

****************************************
Design: *ADD_UNS_OP_22_23_24 
****************************************
Reference          Library       Unit Area   Count    Total Area   Attributes
-----------------------------------------------------------------------------
DW01_add_width24                  0.000000       1      0.000000  h, u
-----------------------------------------------------------------------------
Total 1 references                                      0.000000

****************************************
Design: DW01_add_width24 
****************************************
Reference          Library       Unit Area   Count    Total Area   Attributes
-----------------------------------------------------------------------------
GTECH_ADD_ABC      gtech          0.000000      24      0.000000  u
-----------------------------------------------------------------------------
Total 1 references                                      0.000000

****************************************
Design: *ADD_UNS_OP_23_21_24 
****************************************
Reference          Library       Unit Area   Count    Total Area   Attributes
-----------------------------------------------------------------------------
DW01_add_width24                  0.000000       1      0.000000  h, u
-----------------------------------------------------------------------------
Total 1 references                                      0.000000

****************************************
Design: DW01_add_width24 
****************************************
Reference          Library       Unit Area   Count    Total Area   Attributes
-----------------------------------------------------------------------------
GTECH_ADD_ABC      gtech          0.000000      24      0.000000  u
-----------------------------------------------------------------------------
Total 1 references                                      0.000000

****************************************
Design: *ADD_UNS_OP_23_22_24 
****************************************
Reference          Library       Unit Area   Count    Total Area   Attributes
-----------------------------------------------------------------------------
DW01_add_width24                  0.000000       1      0.000000  h, u
-----------------------------------------------------------------------------
Total 1 references                                      0.000000

****************************************
Design: DW01_add_width24 
****************************************
Reference          Library       Unit Area   Count    Total Area   Attributes
-----------------------------------------------------------------------------
GTECH_ADD_ABC      gtech          0.000000      24      0.000000  u
-----------------------------------------------------------------------------
Total 1 references                                      0.000000

****************************************
Design: *ADD_UNS_OP_23_24_25 
****************************************
Reference          Library       Unit Area   Count    Total Area   Attributes
-----------------------------------------------------------------------------
DW01_add_width25                  0.000000       1      0.000000  h, u
-----------------------------------------------------------------------------
Total 1 references                                      0.000000

****************************************
Design: DW01_add_width25 
****************************************
Reference          Library       Unit Area   Count    Total Area   Attributes
-----------------------------------------------------------------------------
GTECH_ADD_ABC      gtech          0.000000      25      0.000000  u
-----------------------------------------------------------------------------
Total 1 references                                      0.000000

****************************************
Design: *ADD_UNS_OP_24_19_25 
****************************************
Reference          Library       Unit Area   Count    Total Area   Attributes
-----------------------------------------------------------------------------
DW01_add_width25                  0.000000       1      0.000000  h, u
-----------------------------------------------------------------------------
Total 1 references                                      0.000000

****************************************
Design: DW01_add_width25 
****************************************
Reference          Library       Unit Area   Count    Total Area   Attributes
-----------------------------------------------------------------------------
GTECH_ADD_ABC      gtech          0.000000      25      0.000000  u
-----------------------------------------------------------------------------
Total 1 references                                      0.000000

****************************************
Design: *ADD_UNS_OP_24_25_25 
****************************************
Reference          Library       Unit Area   Count    Total Area   Attributes
-----------------------------------------------------------------------------
DW01_add_width25                  0.000000       1      0.000000  h, u
-----------------------------------------------------------------------------
Total 1 references                                      0.000000

****************************************
Design: DW01_add_width25 
****************************************
Reference          Library       Unit Area   Count    Total Area   Attributes
-----------------------------------------------------------------------------
GTECH_ADD_ABC      gtech          0.000000      25      0.000000  u
-----------------------------------------------------------------------------
Total 1 references                                      0.000000

****************************************
Design: *ADD_UNS_OP_25_25_25 
****************************************
Reference          Library       Unit Area   Count    Total Area   Attributes
-----------------------------------------------------------------------------
DW01_add_width25                  0.000000       1      0.000000  h, u
-----------------------------------------------------------------------------
Total 1 references                                      0.000000

****************************************
Design: DW01_add_width25 
****************************************
Reference          Library       Unit Area   Count    Total Area   Attributes
-----------------------------------------------------------------------------
GTECH_ADD_ABC      gtech          0.000000      25      0.000000  u
-----------------------------------------------------------------------------
Total 1 references                                      0.000000

****************************************
Design: *MULT_UNS_OP_11_8_19 
****************************************
Reference          Library       Unit Area   Count    Total Area   Attributes
-----------------------------------------------------------------------------
DW02_mult                         0.000000       1      0.000000  h, u
-----------------------------------------------------------------------------
Total 1 references                                      0.000000

****************************************
Design: DW02_mult 
****************************************
Reference          Library       Unit Area   Count    Total Area   Attributes
-----------------------------------------------------------------------------
GTECH_ADD_AB       gtech          0.000000       7      0.000000  u
GTECH_ADD_ABC      gtech          0.000000      85      0.000000  u
GTECH_AND2         gtech          0.000000       2      0.000000  u
GTECH_NOR2         gtech          0.000000      88      0.000000  u
GTECH_NOT          gtech          0.000000      22      0.000000  u
GTECH_OR2          gtech          0.000000      20      0.000000  u
GTECH_XNOR2        gtech          0.000000       1      0.000000  u
GTECH_XOR2         gtech          0.000000       2      0.000000  u
GTECH_XOR3         gtech          0.000000       1      0.000000  u
-----------------------------------------------------------------------------
Total 9 references                                      0.000000

****************************************
Design: *MULT_UNS_OP_12_8_20 
****************************************
Reference          Library       Unit Area   Count    Total Area   Attributes
-----------------------------------------------------------------------------
DW02_mult                         0.000000       1      0.000000  h, u
-----------------------------------------------------------------------------
Total 1 references                                      0.000000

****************************************
Design: DW02_mult 
****************************************
Reference          Library       Unit Area   Count    Total Area   Attributes
-----------------------------------------------------------------------------
GTECH_ADD_AB       gtech          0.000000       7      0.000000  u
GTECH_ADD_ABC      gtech          0.000000      93      0.000000  u
GTECH_AND2         gtech          0.000000       2      0.000000  u
GTECH_NOR2         gtech          0.000000      96      0.000000  u
GTECH_NOT          gtech          0.000000      23      0.000000  u
GTECH_OR2          gtech          0.000000      21      0.000000  u
GTECH_XNOR2        gtech          0.000000       1      0.000000  u
GTECH_XOR2         gtech          0.000000       2      0.000000  u
GTECH_XOR3         gtech          0.000000       1      0.000000  u
-----------------------------------------------------------------------------
Total 9 references                                      0.000000

****************************************
Design: *MULT_UNS_OP_13_8_21 
****************************************
Reference          Library       Unit Area   Count    Total Area   Attributes
-----------------------------------------------------------------------------
DW02_mult                         0.000000       1      0.000000  h, u
-----------------------------------------------------------------------------
Total 1 references                                      0.000000

****************************************
Design: DW02_mult 
****************************************
Reference          Library       Unit Area   Count    Total Area   Attributes
-----------------------------------------------------------------------------
GTECH_ADD_AB       gtech          0.000000       7      0.000000  u
GTECH_ADD_ABC      gtech          0.000000     101      0.000000  u
GTECH_AND2         gtech          0.000000       2      0.000000  u
GTECH_NOR2         gtech          0.000000     104      0.000000  u
GTECH_NOT          gtech          0.000000      24      0.000000  u
GTECH_OR2          gtech          0.000000      22      0.000000  u
GTECH_XNOR2        gtech          0.000000       1      0.000000  u
GTECH_XOR2         gtech          0.000000       2      0.000000  u
GTECH_XOR3         gtech          0.000000       1      0.000000  u
-----------------------------------------------------------------------------
Total 9 references                                      0.000000

****************************************
Design: *MULT_UNS_OP_14_8_22 
****************************************
Reference          Library       Unit Area   Count    Total Area   Attributes
-----------------------------------------------------------------------------
DW02_mult                         0.000000       1      0.000000  h, u
-----------------------------------------------------------------------------
Total 1 references                                      0.000000

****************************************
Design: DW02_mult 
****************************************
Reference          Library       Unit Area   Count    Total Area   Attributes
-----------------------------------------------------------------------------
GTECH_ADD_AB       gtech          0.000000       7      0.000000  u
GTECH_ADD_ABC      gtech          0.000000     109      0.000000  u
GTECH_AND2         gtech          0.000000       2      0.000000  u
GTECH_NOR2         gtech          0.000000     112      0.000000  u
GTECH_NOT          gtech          0.000000      25      0.000000  u
GTECH_OR2          gtech          0.000000      23      0.000000  u
GTECH_XNOR2        gtech          0.000000       1      0.000000  u
GTECH_XOR2         gtech          0.000000       2      0.000000  u
GTECH_XOR3         gtech          0.000000       1      0.000000  u
-----------------------------------------------------------------------------
Total 9 references                                      0.000000

****************************************
Design: partialDeriv 
****************************************
Reference          Library       Unit Area   Count    Total Area   Attributes
-----------------------------------------------------------------------------
*ADD_TC_OP_26_26_26               0.000000       9      0.000000  s, u
*SUB_TC_OP_26_26_26               0.000000      12      0.000000  s, u
-----------------------------------------------------------------------------
Total 2 references                                      0.000000

****************************************
Design: *ADD_TC_OP_26_26_26 
****************************************
Reference          Library       Unit Area   Count    Total Area   Attributes
-----------------------------------------------------------------------------
DW01_add_width26                  0.000000       1      0.000000  h, u
-----------------------------------------------------------------------------
Total 1 references                                      0.000000

****************************************
Design: DW01_add_width26 
****************************************
Reference          Library       Unit Area   Count    Total Area   Attributes
-----------------------------------------------------------------------------
GTECH_ADD_ABC      gtech          0.000000      26      0.000000  u
-----------------------------------------------------------------------------
Total 1 references                                      0.000000

****************************************
Design: *SUB_TC_OP_26_26_26 
****************************************
Reference          Library       Unit Area   Count    Total Area   Attributes
-----------------------------------------------------------------------------
DW01_sub_width26                  0.000000       1      0.000000  h, u
-----------------------------------------------------------------------------
Total 1 references                                      0.000000

****************************************
Design: DW01_sub_width26 
****************************************
Reference          Library       Unit Area   Count    Total Area   Attributes
-----------------------------------------------------------------------------
GTECH_ADD_ABC      gtech          0.000000      26      0.000000  u
GTECH_NOT          gtech          0.000000      28      0.000000  u
-----------------------------------------------------------------------------
Total 2 references                                      0.000000

****************************************
Design: uvIteration 
****************************************
Reference          Library       Unit Area   Count    Total Area   Attributes
-----------------------------------------------------------------------------
uvAvg                             0.000000       1      0.000000  h, u
uvCalc                            0.000000       1      0.000000  h, u
windowBuf3x3                      0.000000       2      0.000000  b, h, n, u
-----------------------------------------------------------------------------
Total 3 references                                      0.000000

****************************************
Design: uvAvg 
****************************************
Reference          Library       Unit Area   Count    Total Area   Attributes
-----------------------------------------------------------------------------
*ADD_UNS_OP_26_26_26              0.000000      12      0.000000  s, u
*ADD_UNS_OP_32_32_32              0.000000       2      0.000000  s, u
*MULT_UNS_OP_26_13_32             0.000000       2      0.000000  s, u
*MULT_UNS_OP_26_14_32             0.000000       2      0.000000  s, u
-----------------------------------------------------------------------------
Total 4 references                                      0.000000

****************************************
Design: *ADD_UNS_OP_26_26_26 
****************************************
Reference          Library       Unit Area   Count    Total Area   Attributes
-----------------------------------------------------------------------------
DW01_add_width26                  0.000000       1      0.000000  h, u
-----------------------------------------------------------------------------
Total 1 references                                      0.000000

****************************************
Design: DW01_add_width26 
****************************************
Reference          Library       Unit Area   Count    Total Area   Attributes
-----------------------------------------------------------------------------
GTECH_ADD_ABC      gtech          0.000000      26      0.000000  u
-----------------------------------------------------------------------------
Total 1 references                                      0.000000

****************************************
Design: *ADD_UNS_OP_32_32_32 
****************************************
Reference          Library       Unit Area   Count    Total Area   Attributes
-----------------------------------------------------------------------------
DW01_add_width32                  0.000000       1      0.000000  h, u
-----------------------------------------------------------------------------
Total 1 references                                      0.000000

****************************************
Design: DW01_add_width32 
****************************************
Reference          Library       Unit Area   Count    Total Area   Attributes
-----------------------------------------------------------------------------
GTECH_ADD_ABC      gtech          0.000000      32      0.000000  u
-----------------------------------------------------------------------------
Total 1 references                                      0.000000

****************************************
Design: *MULT_UNS_OP_26_13_32 
****************************************
Reference          Library       Unit Area   Count    Total Area   Attributes
-----------------------------------------------------------------------------
DW02_mult                         0.000000       1      0.000000  h, u
-----------------------------------------------------------------------------
Total 1 references                                      0.000000

****************************************
Design: DW02_mult 
****************************************
Reference          Library       Unit Area   Count    Total Area   Attributes
-----------------------------------------------------------------------------
GTECH_ADD_AB       gtech          0.000000      12      0.000000  u
GTECH_ADD_ABC      gtech          0.000000     335      0.000000  u
GTECH_AND2         gtech          0.000000       2      0.000000  u
GTECH_BUF          gtech          0.000000      28      0.000000  u
GTECH_NOR2         gtech          0.000000     338      0.000000  u
GTECH_NOT          gtech          0.000000      42      0.000000  u
GTECH_OR2          gtech          0.000000      40      0.000000  u
GTECH_XNOR2        gtech          0.000000       1      0.000000  u
GTECH_XOR2         gtech          0.000000       2      0.000000  u
GTECH_XOR3         gtech          0.000000       1      0.000000  u
-----------------------------------------------------------------------------
Total 10 references                                     0.000000

****************************************
Design: *MULT_UNS_OP_26_14_32 
****************************************
Reference          Library       Unit Area   Count    Total Area   Attributes
-----------------------------------------------------------------------------
DW02_mult                         0.000000       1      0.000000  h, u
-----------------------------------------------------------------------------
Total 1 references                                      0.000000

****************************************
Design: DW02_mult 
****************************************
Reference          Library       Unit Area   Count    Total Area   Attributes
-----------------------------------------------------------------------------
GTECH_ADD_AB       gtech          0.000000      13      0.000000  u
GTECH_ADD_ABC      gtech          0.000000     361      0.000000  u
GTECH_AND2         gtech          0.000000       2      0.000000  u
GTECH_BUF          gtech          0.000000      30      0.000000  u
GTECH_NOR2         gtech          0.000000     364      0.000000  u
GTECH_NOT          gtech          0.000000      43      0.000000  u
GTECH_OR2          gtech          0.000000      41      0.000000  u
GTECH_XNOR2        gtech          0.000000       1      0.000000  u
GTECH_XOR2         gtech          0.000000       2      0.000000  u
GTECH_XOR3         gtech          0.000000       1      0.000000  u
-----------------------------------------------------------------------------
Total 10 references                                     0.000000

****************************************
Design: uvCalc 
****************************************
Reference          Library       Unit Area   Count    Total Area   Attributes
-----------------------------------------------------------------------------
*ADD_TC_OP_32_26_32               0.000000       1      0.000000  s, u
*ADD_TC_OP_32_32_32               0.000000       1      0.000000  s, u
*ADD_TC_OP_48_34_48               0.000000       1      0.000000  s, u
*ADD_TC_OP_48_48_48               0.000000       1      0.000000  s, u
*DIV_TC_OP_58_32_58               0.000000       2      0.000000  s, u
*MULT_TC_OP_26_26_32              0.000000       2      0.000000  s, u
*MULT_TC_OP_26_26_48              0.000000       2      0.000000  s, u
*MULT_TC_OP_26_32_58              0.000000       2      0.000000  s, u
*SUB_TC_OP_26_26_26               0.000000       2      0.000000  s, u
-----------------------------------------------------------------------------
Total 9 references                                      0.000000

****************************************
Design: *ADD_TC_OP_32_26_32 
****************************************
Reference          Library       Unit Area   Count    Total Area   Attributes
-----------------------------------------------------------------------------
DW01_add_width32                  0.000000       1      0.000000  h, u
-----------------------------------------------------------------------------
Total 1 references                                      0.000000

****************************************
Design: DW01_add_width32 
****************************************
Reference          Library       Unit Area   Count    Total Area   Attributes
-----------------------------------------------------------------------------
GTECH_ADD_ABC      gtech          0.000000      32      0.000000  u
-----------------------------------------------------------------------------
Total 1 references                                      0.000000

****************************************
Design: *ADD_TC_OP_32_32_32 
****************************************
Reference          Library       Unit Area   Count    Total Area   Attributes
-----------------------------------------------------------------------------
DW01_add_width32                  0.000000       1      0.000000  h, u
-----------------------------------------------------------------------------
Total 1 references                                      0.000000

****************************************
Design: DW01_add_width32 
****************************************
Reference          Library       Unit Area   Count    Total Area   Attributes
-----------------------------------------------------------------------------
GTECH_ADD_ABC      gtech          0.000000      32      0.000000  u
-----------------------------------------------------------------------------
Total 1 references                                      0.000000

****************************************
Design: *ADD_TC_OP_48_34_48 
****************************************
Reference          Library       Unit Area   Count    Total Area   Attributes
-----------------------------------------------------------------------------
DW01_add_width48                  0.000000       1      0.000000  h, u
-----------------------------------------------------------------------------
Total 1 references                                      0.000000

****************************************
Design: DW01_add_width48 
****************************************
Reference          Library       Unit Area   Count    Total Area   Attributes
-----------------------------------------------------------------------------
GTECH_ADD_ABC      gtech          0.000000      48      0.000000  u
-----------------------------------------------------------------------------
Total 1 references                                      0.000000

****************************************
Design: *ADD_TC_OP_48_48_48 
****************************************
Reference          Library       Unit Area   Count    Total Area   Attributes
-----------------------------------------------------------------------------
DW01_add_width48                  0.000000       1      0.000000  h, u
-----------------------------------------------------------------------------
Total 1 references                                      0.000000

****************************************
Design: DW01_add_width48 
****************************************
Reference          Library       Unit Area   Count    Total Area   Attributes
-----------------------------------------------------------------------------
GTECH_ADD_ABC      gtech          0.000000      48      0.000000  u
-----------------------------------------------------------------------------
Total 1 references                                      0.000000

****************************************
Design: *DIV_TC_OP_58_32_58 
****************************************
Reference          Library       Unit Area   Count    Total Area   Attributes
-----------------------------------------------------------------------------
DW_div_tc_a_width58_b_width32     0.000000       1      0.000000  b, h, u
-----------------------------------------------------------------------------
Total 1 references                                      0.000000

****************************************
Design: DW_div_tc_a_width58_b_width32 
****************************************
Reference          Library       Unit Area   Count    Total Area   Attributes
-----------------------------------------------------------------------------
DW01_absval_width58.model.cla     0.000000       1      0.000000  b
DW01_add_pparch_1.model           0.000000       1      0.000000  b
DW01_add_pparch_2.model           0.000000       1      0.000000  b
DW01_add_pparch_3.model           0.000000       1      0.000000  b
DW01_add_pparch_4.model           0.000000       1      0.000000  b
DW01_add_pparch_5.model           0.000000       1      0.000000  b
DW01_add_pparch_6.model           0.000000       1      0.000000  b
DW01_add_pparch_7.model           0.000000       1      0.000000  b
DW01_add_pparch_8.model           0.000000       1      0.000000  b
DW01_add_pparch_9.model           0.000000       1      0.000000  b
DW01_add_pparch_10.model          0.000000       1      0.000000  b
DW01_add_pparch_11.model          0.000000       1      0.000000  b
DW01_add_pparch_12.model          0.000000       1      0.000000  b
DW01_add_pparch_13.model          0.000000       1      0.000000  b
DW01_add_pparch_14.model          0.000000       1      0.000000  b
DW01_add_pparch_15.model          0.000000       1      0.000000  b
DW01_add_pparch_16.model          0.000000       1      0.000000  b
DW01_add_pparch_17.model          0.000000       1      0.000000  b
DW01_add_pparch_18.model          0.000000       1      0.000000  b
DW01_add_pparch_19.model          0.000000       1      0.000000  b
DW01_add_pparch_20.model          0.000000       1      0.000000  b
DW01_add_pparch_21.model          0.000000       1      0.000000  b
DW01_add_pparch_22.model          0.000000       1      0.000000  b
DW01_add_pparch_23.model          0.000000       1      0.000000  b
DW01_add_pparch_24.model          0.000000       1      0.000000  b
DW01_add_pparch_25.model          0.000000       1      0.000000  b
DW01_add_pparch_26.model          0.000000       1      0.000000  b
DW01_add_pparch_27.model          0.000000       1      0.000000  b
DW01_add_pparch_28.model          0.000000       1      0.000000  b
DW01_add_pparch_29.model          0.000000       1      0.000000  b
DW01_add_pparch_30.model          0.000000       1      0.000000  b
DW01_add_pparch_31.model          0.000000      27      0.000000  b
DW_inc_pparch_32.model            0.000000       1      0.000000  b
DW_inc_pparch_58.model            0.000000       1      0.000000  b
GTECH_ADD_ABC      gtech          0.000000      58      0.000000  u
GTECH_AND2         gtech          0.000000      66      0.000000  u
GTECH_MUX2         gtech          0.000000    1360      0.000000  u
GTECH_NOT          gtech          0.000000      60      0.000000  u
GTECH_XOR2         gtech          0.000000     123      0.000000  u
-----------------------------------------------------------------------------
Total 39 references                                     0.000000

****************************************
Design: *MULT_TC_OP_26_26_32 
****************************************
Reference          Library       Unit Area   Count    Total Area   Attributes
-----------------------------------------------------------------------------
DW02_mult                         0.000000       1      0.000000  h, u
-----------------------------------------------------------------------------
Total 1 references                                      0.000000

****************************************
Design: DW02_mult 
****************************************
Reference          Library       Unit Area   Count    Total Area   Attributes
-----------------------------------------------------------------------------
GTECH_ADD_AB       gtech          0.000000      26      0.000000  u
GTECH_ADD_ABC      gtech          0.000000     672      0.000000  u
GTECH_AND2         gtech          0.000000       2      0.000000  u
GTECH_BUF          gtech          0.000000     108      0.000000  u
GTECH_NOR2         gtech          0.000000     676      0.000000  u
GTECH_NOT          gtech          0.000000      54      0.000000  u
GTECH_OR2          gtech          0.000000      53      0.000000  u
GTECH_XNOR2        gtech          0.000000       1      0.000000  u
GTECH_XOR2         gtech          0.000000       2      0.000000  u
GTECH_XOR3         gtech          0.000000       1      0.000000  u
-----------------------------------------------------------------------------
Total 10 references                                     0.000000

****************************************
Design: *MULT_TC_OP_26_26_48 
****************************************
Reference          Library       Unit Area   Count    Total Area   Attributes
-----------------------------------------------------------------------------
DW02_mult                         0.000000       1      0.000000  h, u
-----------------------------------------------------------------------------
Total 1 references                                      0.000000

****************************************
Design: DW02_mult 
****************************************
Reference          Library       Unit Area   Count    Total Area   Attributes
-----------------------------------------------------------------------------
GTECH_ADD_AB       gtech          0.000000      26      0.000000  u
GTECH_ADD_ABC      gtech          0.000000     672      0.000000  u
GTECH_AND2         gtech          0.000000       2      0.000000  u
GTECH_BUF          gtech          0.000000     108      0.000000  u
GTECH_NOR2         gtech          0.000000     676      0.000000  u
GTECH_NOT          gtech          0.000000      54      0.000000  u
GTECH_OR2          gtech          0.000000      53      0.000000  u
GTECH_XNOR2        gtech          0.000000       1      0.000000  u
GTECH_XOR2         gtech          0.000000       2      0.000000  u
GTECH_XOR3         gtech          0.000000       1      0.000000  u
-----------------------------------------------------------------------------
Total 10 references                                     0.000000

****************************************
Design: *MULT_TC_OP_26_32_58 
****************************************
Reference          Library       Unit Area   Count    Total Area   Attributes
-----------------------------------------------------------------------------
DW02_mult                         0.000000       1      0.000000  h, u
-----------------------------------------------------------------------------
Total 1 references                                      0.000000

****************************************
Design: DW02_mult 
****************************************
Reference          Library       Unit Area   Count    Total Area   Attributes
-----------------------------------------------------------------------------
GTECH_ADD_AB       gtech          0.000000      25      0.000000  u
GTECH_ADD_ABC      gtech          0.000000     829      0.000000  u
GTECH_AND2         gtech          0.000000       2      0.000000  u
GTECH_BUF          gtech          0.000000     147      0.000000  u
GTECH_NOR2         gtech          0.000000     832      0.000000  u
GTECH_NOT          gtech          0.000000      61      0.000000  u
GTECH_OR2          gtech          0.000000      59      0.000000  u
GTECH_XNOR2        gtech          0.000000       1      0.000000  u
GTECH_XOR2         gtech          0.000000       2      0.000000  u
GTECH_XOR3         gtech          0.000000       1      0.000000  u
-----------------------------------------------------------------------------
Total 10 references                                     0.000000

****************************************
Design: *SUB_TC_OP_26_26_26 
****************************************
Reference          Library       Unit Area   Count    Total Area   Attributes
-----------------------------------------------------------------------------
DW01_sub_width26                  0.000000       1      0.000000  h, u
-----------------------------------------------------------------------------
Total 1 references                                      0.000000

****************************************
Design: DW01_sub_width26 
****************************************
Reference          Library       Unit Area   Count    Total Area   Attributes
-----------------------------------------------------------------------------
GTECH_ADD_ABC      gtech          0.000000      26      0.000000  u
GTECH_NOT          gtech          0.000000      28      0.000000  u
-----------------------------------------------------------------------------
Total 2 references                                      0.000000

****************************************
Design: windowBuf3x3 
****************************************
Reference          Library       Unit Area   Count    Total Area   Attributes
-----------------------------------------------------------------------------
**SEQGEN**                        0.000000     243      0.000000  n, u
*ADD_UNS_OP_9_1_9                 0.000000       2      0.000000  s, u
*SELECT_OP_2.9_2.1_9              0.000000       3      0.000000  s, u
*SELECT_OP_2.26_2.1_26            0.000000       9      0.000000  s, u
GTECH_AND2         gtech          0.000000       1      0.000000  u
GTECH_BUF          gtech          0.000000      33      0.000000  u
GTECH_NOT          gtech          0.000000      34      0.000000  u
GTECH_OR2          gtech          0.000000      26      0.000000  u
hsOptFlowTop_uvIteration_windowBuf3x3__row1buf     0.000000       1     0.000000 b, h, u
hsOptFlowTop_uvIteration_windowBuf3x3__row2buf     0.000000       1     0.000000 b, h, u
-----------------------------------------------------------------------------
Total 10 references                                     0.000000

****************************************
Design: *ADD_UNS_OP_9_1_9 
****************************************
Reference          Library       Unit Area   Count    Total Area   Attributes
-----------------------------------------------------------------------------
DW01_inc_width9                   0.000000       1      0.000000  h, u
-----------------------------------------------------------------------------
Total 1 references                                      0.000000

****************************************
Design: DW01_inc_width9 
****************************************
Reference          Library       Unit Area   Count    Total Area   Attributes
-----------------------------------------------------------------------------
GTECH_ADD_AB       gtech          0.000000       7      0.000000  u
GTECH_NOT          gtech          0.000000       1      0.000000  u
GTECH_XOR2         gtech          0.000000       1      0.000000  u
-----------------------------------------------------------------------------
Total 3 references                                      0.000000

****************************************
Design: hsOptFlowTop_uvIteration_windowBuf3x3__row1buf 
****************************************
Reference          Library       Unit Area   Count    Total Area   Attributes
-----------------------------------------------------------------------------
GTECH_NOT          gtech          0.000000       3      0.000000  u
SRAM1R1W512x32                    0.000000       1      0.000000  b
-----------------------------------------------------------------------------
Total 2 references                                      0.000000

****************************************
Design: hsOptFlowTop_uvIteration_windowBuf3x3__row2buf 
****************************************
Reference          Library       Unit Area   Count    Total Area   Attributes
-----------------------------------------------------------------------------
GTECH_NOT          gtech          0.000000       3      0.000000  u
SRAM1R1W512x32                    0.000000       1      0.000000  b
-----------------------------------------------------------------------------
Total 2 references                                      0.000000

****************************************
Design: windowBuf2x2x2 
****************************************
Reference          Library       Unit Area   Count    Total Area   Attributes
-----------------------------------------------------------------------------
**SEQGEN**                        0.000000     217      0.000000  n, u
*ADD_UNS_OP_9_1_9                 0.000000       1      0.000000  s, u
*SELECT_OP_2.9_2.1_9              0.000000       2      0.000000  s, u
*SELECT_OP_2.26_2.1_26            0.000000       8      0.000000  s, u
GTECH_AND2         gtech          0.000000       1      0.000000  u
GTECH_BUF          gtech          0.000000      28      0.000000  u
GTECH_NOT          gtech          0.000000      24      0.000000  u
GTECH_OR2          gtech          0.000000      18      0.000000  u
hsOptFlowTop_windowBuf2x2x2__rowbuf1     0.000000       1     0.000000 b, h, u
hsOptFlowTop_windowBuf2x2x2__rowbuf2     0.000000       1     0.000000 b, h, u
-----------------------------------------------------------------------------
Total 10 references                                     0.000000

****************************************
Design: *ADD_UNS_OP_9_1_9 
****************************************
Reference          Library       Unit Area   Count    Total Area   Attributes
-----------------------------------------------------------------------------
DW01_inc_width9                   0.000000       1      0.000000  h, u
-----------------------------------------------------------------------------
Total 1 references                                      0.000000

****************************************
Design: DW01_inc_width9 
****************************************
Reference          Library       Unit Area   Count    Total Area   Attributes
-----------------------------------------------------------------------------
GTECH_ADD_AB       gtech          0.000000       7      0.000000  u
GTECH_NOT          gtech          0.000000       1      0.000000  u
GTECH_XOR2         gtech          0.000000       1      0.000000  u
-----------------------------------------------------------------------------
Total 3 references                                      0.000000

****************************************
Design: hsOptFlowTop_windowBuf2x2x2__rowbuf1 
****************************************
Reference          Library       Unit Area   Count    Total Area   Attributes
-----------------------------------------------------------------------------
GTECH_NOT          gtech          0.000000       3      0.000000  u
SRAM1R1W512x32                    0.000000       1      0.000000  b
-----------------------------------------------------------------------------
Total 2 references                                      0.000000

****************************************
Design: hsOptFlowTop_windowBuf2x2x2__rowbuf2 
****************************************
Reference          Library       Unit Area   Count    Total Area   Attributes
-----------------------------------------------------------------------------
GTECH_NOT          gtech          0.000000       3      0.000000  u
SRAM1R1W512x32                    0.000000       1      0.000000  b
-----------------------------------------------------------------------------
Total 2 references                                      0.000000

****************************************
Design: windowBuf5x5 
****************************************
Reference          Library       Unit Area   Count    Total Area   Attributes
-----------------------------------------------------------------------------
**SEQGEN**                        0.000000     209      0.000000  n, u
*ADD_UNS_OP_9_1_9                 0.000000       2      0.000000  s, u
*SELECT_OP_2.8_2.1_8              0.000000      25      0.000000  s, u
*SELECT_OP_2.9_2.1_9              0.000000       3      0.000000  s, u
GTECH_AND2         gtech          0.000000       1      0.000000  u
GTECH_BUF          gtech          0.000000      81      0.000000  u
GTECH_NOT          gtech          0.000000      49      0.000000  u
GTECH_OR2          gtech          0.000000      26      0.000000  u
hsOptFlowTop_windowBuf5x5__rowbuf     0.000000       1     0.000000 b, h, u
-----------------------------------------------------------------------------
Total 9 references                                      0.000000

****************************************
Design: *ADD_UNS_OP_9_1_9 
****************************************
Reference          Library       Unit Area   Count    Total Area   Attributes
-----------------------------------------------------------------------------
DW01_inc_width9                   0.000000       1      0.000000  h, u
-----------------------------------------------------------------------------
Total 1 references                                      0.000000

****************************************
Design: DW01_inc_width9 
****************************************
Reference          Library       Unit Area   Count    Total Area   Attributes
-----------------------------------------------------------------------------
GTECH_ADD_AB       gtech          0.000000       7      0.000000  u
GTECH_NOT          gtech          0.000000       1      0.000000  u
GTECH_XOR2         gtech          0.000000       1      0.000000  u
-----------------------------------------------------------------------------
Total 3 references                                      0.000000

****************************************
Design: hsOptFlowTop_windowBuf5x5__rowbuf 
****************************************
Reference          Library       Unit Area   Count    Total Area   Attributes
-----------------------------------------------------------------------------
GTECH_NOT          gtech          0.000000       3      0.000000  u
SRAM1R1W512x32                    0.000000       1      0.000000  b
-----------------------------------------------------------------------------
Total 2 references                                      0.000000

****************************************
Design: windowBuf5x5_1 
****************************************
Reference          Library       Unit Area   Count    Total Area   Attributes
-----------------------------------------------------------------------------
**SEQGEN**                        0.000000     209      0.000000  n, u
*ADD_UNS_OP_9_1_9                 0.000000       2      0.000000  s, u
*SELECT_OP_2.8_2.1_8              0.000000      25      0.000000  s, u
*SELECT_OP_2.9_2.1_9              0.000000       3      0.000000  s, u
GTECH_AND2         gtech          0.000000       1      0.000000  u
GTECH_BUF          gtech          0.000000      81      0.000000  u
GTECH_NOT          gtech          0.000000      49      0.000000  u
GTECH_OR2          gtech          0.000000      26      0.000000  u
hsOptFlowTop_windowBuf5x5__rowbuf     0.000000       1     0.000000 b, h, u
-----------------------------------------------------------------------------
Total 9 references                                      0.000000

****************************************
Design: *ADD_UNS_OP_9_1_9 
****************************************
Reference          Library       Unit Area   Count    Total Area   Attributes
-----------------------------------------------------------------------------
DW01_inc_width9                   0.000000       1      0.000000  h, u
-----------------------------------------------------------------------------
Total 1 references                                      0.000000

****************************************
Design: DW01_inc_width9 
****************************************
Reference          Library       Unit Area   Count    Total Area   Attributes
-----------------------------------------------------------------------------
GTECH_ADD_AB       gtech          0.000000       7      0.000000  u
GTECH_NOT          gtech          0.000000       1      0.000000  u
GTECH_XOR2         gtech          0.000000       1      0.000000  u
-----------------------------------------------------------------------------
Total 3 references                                      0.000000

****************************************
Design: hsOptFlowTop_windowBuf5x5__rowbuf 
****************************************
Reference          Library       Unit Area   Count    Total Area   Attributes
-----------------------------------------------------------------------------
GTECH_NOT          gtech          0.000000       3      0.000000  u
SRAM1R1W512x32                    0.000000       1      0.000000  b
-----------------------------------------------------------------------------
Total 2 references                                      0.000000
1
