Information: Propagating switching activity (low effort zero delay simulation). (PWR-6)
Warning: Design has unannotated primary inputs. (PWR-414)
Warning: Design has unannotated sequential cell outputs. (PWR-415)
Warning: Design has unannotated black box outputs. (PWR-428)
 
****************************************
Report : power
        -hier
        -analysis_effort low
Design : hsOptFlowTop
Version: G-2012.06-ICC-SP3
Date   : Tue Dec  4 01:31:38 2012
****************************************


Library(s) Used:

    saed32hvt_tt1p05v25c (File: /home/ff/cs250/stdcells/synopsys-32nm/multi_vt/db/saed32hvt_tt1p05v25c.db)
    saed32rvt_tt1p05v25c (File: /home/ff/cs250/stdcells/synopsys-32nm/multi_vt/db/saed32rvt_tt1p05v25c.db)
    saed32lvt_tt1p05v25c (File: /home/ff/cs250/stdcells/synopsys-32nm/multi_vt/db/saed32lvt_tt1p05v25c.db)
    SRAM1R1W512x32 (File: /scratch/hsOptFlow/vlsi/ref/SRAM1R1W512x32.db)
    SRAM1R1W131072x32 (File: /scratch/hsOptFlow/vlsi/ref/SRAM1R1W131072x32.db)


Operating Conditions: tt1p05v25c   Library: saed32hvt_tt1p05v25c
Wire Load Model Mode: top

Design        Wire Load Model            Library
------------------------------------------------
hsOptFlowTop           ForQA             saed32hvt_tt1p05v25c


Global Operating Voltage = 1.05 
Power-specific unit information :
    Voltage Units = 1V
    Capacitance Units = 1.000000ff
    Time Units = 1ns
    Dynamic Power Units = 1uW    (derived from V,C,T units)
    Leakage Power Units = 1pW


--------------------------------------------------------------------------------
                                       Switch   Int      Leak     Total
Hierarchy                              Power    Power    Power    Power    %
--------------------------------------------------------------------------------
hsOptFlowTop                            494.657 4.45e+03 4.37e+09 9.32e+03 100.0
  control (control)                       1.849    4.561 5.45e+06   11.858   0.1
  winBuf5x5_1 (windowBuf5x5)              4.888   89.038 9.25e+07  186.441   2.0
  winBuf5x5_2 (windowBuf5x5_1)            8.704   92.145 5.71e+07  157.964   1.7
  gaussianF1 (gaussian_0)                 6.553   11.691 1.00e+07   28.240   0.3
  gaussianF2 (gaussian_1)                 6.419   11.678 1.02e+07   28.304   0.3
  winBuf2x2x2 (windowBuf2x2x2)            4.745  154.912 1.26e+08  286.121   3.1
  pDeriv (partialDeriv)                   6.131    7.719 1.95e+08  208.615   2.2
  iterCalc (uvIteration)                410.167  721.433 2.58e+09 3.71e+03  39.9
    winBuf3_u_row1buf (hsOptFlowTop_uvIteration_windowBuf3x3__row1buf_0)    0.127   65.643 1.01e+06   66.778   0.7
    winBuf3_u_row2buf (hsOptFlowTop_uvIteration_windowBuf3x3__row2buf_0)    0.446   65.791 4.12e+06   70.358   0.8
    winBuf3_v_row1buf (hsOptFlowTop_uvIteration_windowBuf3x3__row1buf_1)    0.222   65.700 4.99e+06   70.908   0.8
    winBuf3_v_row2buf (hsOptFlowTop_uvIteration_windowBuf3x3__row2buf_1)    0.400   65.893 3.23e+06   69.525   0.7
  uvMemory (uvMem)                        2.051 3.32e+03 9.47e+08 4.27e+03  45.8
1
