 
****************************************
Report : reference
Design : hsOptFlowTop
Version: G-2012.06-ICC-SP3
Date   : Tue Dec  4 01:31:39 2012
****************************************

Attributes:
    b - black box (unknown)
   bo - allows boundary optimization
    d - dont_touch
   mo - map_only
    h - hierarchical
    n - noncombinational
    r - removable
    s - synthetic operator
    u - contains unmapped logic

Reference          Library       Unit Area   Count    Total Area   Attributes
-----------------------------------------------------------------------------
AND2X1_HVT         saed32hvt_tt1p05v25c     2.033152      58   117.922822
AND2X1_RVT         saed32rvt_tt1p05v25c     2.033152       4     8.132608
AND2X2_HVT         saed32hvt_tt1p05v25c     2.287296       6    13.723776
AND2X4_HVT         saed32hvt_tt1p05v25c     2.795584      18    50.320511
AO22X1_HVT         saed32hvt_tt1p05v25c     2.541440       4    10.165760
AO22X2_HVT         saed32hvt_tt1p05v25c     2.795584      12    33.547008
DELLN3X2_HVT       saed32hvt_tt1p05v25c     9.657472       1     9.657472
DFFX1_HVT          saed32hvt_tt1p05v25c     6.607744      39   257.702024 n
DFFX2_HVT          saed32hvt_tt1p05v25c     7.624320      15   114.364800 n
DFFX2_LVT          saed32lvt_tt1p05v25c     7.116032       1     7.116032 n
INVX0_HVT          saed32hvt_tt1p05v25c     1.270720      16    20.331520
INVX2_HVT          saed32hvt_tt1p05v25c     1.524864      86   131.138300
INVX2_LVT          saed32lvt_tt1p05v25c     1.524864       1     1.524864
INVX4_HVT          saed32hvt_tt1p05v25c     2.033152       6    12.198913
INVX4_RVT          saed32rvt_tt1p05v25c     2.033152       1     2.033152
INVX8_HVT          saed32hvt_tt1p05v25c     3.049728       1     3.049728
INVX8_LVT          saed32lvt_tt1p05v25c     3.049728       9    27.447551
INVX8_RVT          saed32rvt_tt1p05v25c     3.049728       2     6.099456
INVX16_HVT         saed32hvt_tt1p05v25c     5.082880       2    10.165760
INVX16_LVT         saed32lvt_tt1p05v25c     5.082880       6    30.497280
INVX16_RVT         saed32rvt_tt1p05v25c     5.082880       6    30.497280
INVX32_HVT         saed32hvt_tt1p05v25c     9.149184       4    36.596737
INVX32_LVT         saed32lvt_tt1p05v25c     9.149184       5    45.745921
INVX32_RVT         saed32rvt_tt1p05v25c     9.149184       2    18.298368
NBUFFX2_HVT        saed32hvt_tt1p05v25c     2.033152     658  1337.814084
NBUFFX2_RVT        saed32rvt_tt1p05v25c     2.033152      11    22.364673
NBUFFX4_HVT        saed32hvt_tt1p05v25c     2.541440       1     2.541440
NBUFFX4_RVT        saed32rvt_tt1p05v25c     2.541440       2     5.082880
NBUFFX8_LVT        saed32lvt_tt1p05v25c     3.812160       5    19.060800
control                         611.724622       1    611.724622  b, h, n
gaussian_0                     2574.732818       1   2574.732818  h
gaussian_1                     2638.014679       1   2638.014679  h
partialDeriv                   2436.986817       1   2436.986817  h
uvIteration                   178268.938212       1 178268.938212 b, h, n
uvMem                         3979739.835160       1 3979739.835160 b, h, n
windowBuf2x2x2                21388.319732       1  21388.319732  b, h, n
windowBuf5x5                  12008.973896       1  12008.973896  b, h, n
windowBuf5x5_1                12104.277904       1  12104.277904  b, h, n
-----------------------------------------------------------------------------
Total 38 references                                 4214156.945363

****************************************
Design: control 
****************************************
Reference          Library       Unit Area   Count    Total Area   Attributes
-----------------------------------------------------------------------------
AND2X1_HVT         saed32hvt_tt1p05v25c     2.033152      31    63.027715
AND3X1_HVT         saed32hvt_tt1p05v25c     2.287296       4     9.149184
AND3X4_HVT         saed32hvt_tt1p05v25c     3.049728       1     3.049728
AND4X1_HVT         saed32hvt_tt1p05v25c     2.541440       1     2.541440
AO21X1_HVT         saed32hvt_tt1p05v25c     2.541440       1     2.541440
AO22X1_HVT         saed32hvt_tt1p05v25c     2.541440       3     7.624320
AO222X1_HVT        saed32hvt_tt1p05v25c     3.303872       1     3.303872
DFFX1_HVT          saed32hvt_tt1p05v25c     6.607744      40   264.309769 n
INVX0_HVT          saed32hvt_tt1p05v25c     1.270720      40    50.828800
INVX1_LVT          saed32lvt_tt1p05v25c     1.270720       1     1.270720
INVX2_HVT          saed32hvt_tt1p05v25c     1.524864       2     3.049728
INVX8_HVT          saed32hvt_tt1p05v25c     3.049728       1     3.049728
INVX8_LVT          saed32lvt_tt1p05v25c     3.049728       1     3.049728
NAND2X0_HVT        saed32hvt_tt1p05v25c     1.524864      16    24.397823
NAND2X2_HVT        saed32hvt_tt1p05v25c     2.795584       2     5.591168
NAND3X0_HVT        saed32hvt_tt1p05v25c     1.779008      10    17.790080
NAND3X2_HVT        saed32hvt_tt1p05v25c     3.049728       1     3.049728
NAND4X0_HVT        saed32hvt_tt1p05v25c     2.033152       7    14.232065
NBUFFX2_HVT        saed32hvt_tt1p05v25c     2.033152       8    16.265217
NOR2X0_HVT         saed32hvt_tt1p05v25c     2.541440       1     2.541440
NOR2X2_HVT         saed32hvt_tt1p05v25c     2.795584       1     2.795584
NOR4X0_HVT         saed32hvt_tt1p05v25c     3.049728       2     6.099456
OA21X1_HVT         saed32hvt_tt1p05v25c     2.541440       5    12.707200
OA221X1_HVT        saed32hvt_tt1p05v25c     3.049728       8    24.397823
OA222X1_HVT        saed32hvt_tt1p05v25c     3.303872       2     6.607744
OAI22X1_HVT        saed32hvt_tt1p05v25c     3.049728       4    12.198912
OR2X1_HVT          saed32hvt_tt1p05v25c     2.033152      11    22.364673
OR2X4_HVT          saed32hvt_tt1p05v25c     2.795584       1     2.795584
OR3X1_HVT          saed32hvt_tt1p05v25c     2.287296       3     6.861888
OR3X2_HVT          saed32hvt_tt1p05v25c     2.541440       1     2.541440
SNPS_CLOCK_GATE_HIGH_control_0     5.845312       1     5.845312  b, h
SNPS_CLOCK_GATE_HIGH_control_1     5.845312       1     5.845312  b, h
-----------------------------------------------------------------------------
Total 32 references                                   611.724622

****************************************
Design: SNPS_CLOCK_GATE_HIGH_control_0 
****************************************
Reference          Library       Unit Area   Count    Total Area   Attributes
-----------------------------------------------------------------------------
CGLPPRX2_HVT       saed32hvt_tt1p05v25c     5.845312       1     5.845312 b, d
-----------------------------------------------------------------------------
Total 1 references                                      5.845312

****************************************
Design: SNPS_CLOCK_GATE_HIGH_control_1 
****************************************
Reference          Library       Unit Area   Count    Total Area   Attributes
-----------------------------------------------------------------------------
CGLPPRX2_HVT       saed32hvt_tt1p05v25c     5.845312       1     5.845312 b, d
-----------------------------------------------------------------------------
Total 1 references                                      5.845312

****************************************
Design: gaussian_0 
****************************************
Reference          Library       Unit Area   Count    Total Area   Attributes
-----------------------------------------------------------------------------
AND2X1_HVT         saed32hvt_tt1p05v25c     2.033152       7    14.232065
AND3X2_HVT         saed32hvt_tt1p05v25c     2.541440       2     5.082880
AO21X1_HVT         saed32hvt_tt1p05v25c     2.541440       1     2.541440
AO22X1_HVT         saed32hvt_tt1p05v25c     2.541440      21    53.370240
AO22X2_HVT         saed32hvt_tt1p05v25c     2.795584       1     2.795584
AO221X1_HVT        saed32hvt_tt1p05v25c     3.049728       2     6.099456
AO222X1_HVT        saed32hvt_tt1p05v25c     3.303872       2     6.607744
AO222X2_HVT        saed32hvt_tt1p05v25c     3.558016       1     3.558016
AOI22X1_HVT        saed32hvt_tt1p05v25c     3.049728       1     3.049728
FADDX1_HVT         saed32hvt_tt1p05v25c     4.828736     355  1714.201219 r
FADDX2_HVT         saed32hvt_tt1p05v25c     5.337024      29   154.773702 r
HADDX1_HVT         saed32hvt_tt1p05v25c     3.303872      11    36.342593 r
INVX0_HVT          saed32hvt_tt1p05v25c     1.270720     178   226.188161
INVX2_HVT          saed32hvt_tt1p05v25c     1.524864      32    48.795647
INVX4_HVT          saed32hvt_tt1p05v25c     2.033152       1     2.033152
NAND2X0_HVT        saed32hvt_tt1p05v25c     1.524864      28    42.696191
NBUFFX2_HVT        saed32hvt_tt1p05v25c     2.033152      78   158.585864
OA21X1_HVT         saed32hvt_tt1p05v25c     2.541440      14    35.580160
OA21X2_HVT         saed32hvt_tt1p05v25c     2.795584       1     2.795584
OA22X1_HVT         saed32hvt_tt1p05v25c     2.541440      13    33.038720
OA22X2_HVT         saed32hvt_tt1p05v25c     2.795584       1     2.795584
OAI22X1_HVT        saed32hvt_tt1p05v25c     3.049728       1     3.049728
OAI222X1_HVT       saed32hvt_tt1p05v25c     3.812160       2     7.624320
XNOR2X1_HVT        saed32hvt_tt1p05v25c     4.320448       1     4.320448
XOR2X2_HVT         saed32hvt_tt1p05v25c     4.574592       1     4.574592
-----------------------------------------------------------------------------
Total 25 references                                  2574.732818

****************************************
Design: gaussian_1 
****************************************
Reference          Library       Unit Area   Count    Total Area   Attributes
-----------------------------------------------------------------------------
AND2X1_HVT         saed32hvt_tt1p05v25c     2.033152       7    14.232065
AND3X1_HVT         saed32hvt_tt1p05v25c     2.287296       1     2.287296
AND3X2_HVT         saed32hvt_tt1p05v25c     2.541440       1     2.541440
AO21X1_HVT         saed32hvt_tt1p05v25c     2.541440       1     2.541440
AO22X1_HVT         saed32hvt_tt1p05v25c     2.541440      20    50.828800
AO22X2_HVT         saed32hvt_tt1p05v25c     2.795584       2     5.591168
AO221X1_HVT        saed32hvt_tt1p05v25c     3.049728       2     6.099456
AO222X1_HVT        saed32hvt_tt1p05v25c     3.303872       2     6.607744
AO222X2_HVT        saed32hvt_tt1p05v25c     3.558016       1     3.558016
AOI22X1_HVT        saed32hvt_tt1p05v25c     3.049728       1     3.049728
FADDX1_HVT         saed32hvt_tt1p05v25c     4.828736     350  1690.057540 r
FADDX2_HVT         saed32hvt_tt1p05v25c     5.337024      34   181.458823 r
HADDX1_HVT         saed32hvt_tt1p05v25c     3.303872      10    33.038721 r
HADDX2_HVT         saed32hvt_tt1p05v25c     3.812160       1     3.812160 r
INVX0_HVT          saed32hvt_tt1p05v25c     1.270720     206   261.768321
INVX2_HVT          saed32hvt_tt1p05v25c     1.524864      23    35.071871
INVX4_HVT          saed32hvt_tt1p05v25c     2.033152       5    10.165761
NAND2X0_HVT        saed32hvt_tt1p05v25c     1.524864      28    42.696191
NBUFFX2_HVT        saed32hvt_tt1p05v25c     2.033152      93   189.083146
OA21X1_HVT         saed32hvt_tt1p05v25c     2.541440      15    38.121600
OA22X1_HVT         saed32hvt_tt1p05v25c     2.541440      14    35.580160
OAI22X2_HVT        saed32hvt_tt1p05v25c     3.303872       1     3.303872
OAI222X1_HVT       saed32hvt_tt1p05v25c     3.812160       2     7.624320
XNOR2X2_HVT        saed32hvt_tt1p05v25c     4.574592       1     4.574592
XOR2X1_HVT         saed32hvt_tt1p05v25c     4.320448       1     4.320448
-----------------------------------------------------------------------------
Total 25 references                                  2638.014679

****************************************
Design: partialDeriv 
****************************************
Reference          Library       Unit Area   Count    Total Area   Attributes
-----------------------------------------------------------------------------
AND2X1_HVT         saed32hvt_tt1p05v25c     2.033152       6    12.198913
AO222X1_HVT        saed32hvt_tt1p05v25c     3.303872       2     6.607744
AO222X2_HVT        saed32hvt_tt1p05v25c     3.558016       1     3.558016
DELLN1X2_HVT       saed32hvt_tt1p05v25c     5.082880       1     5.082880
DELLN3X2_HVT       saed32hvt_tt1p05v25c     9.657472       1     9.657472
FADDX1_HVT         saed32hvt_tt1p05v25c     4.828736      64   309.039093 r
FADDX1_LVT         saed32lvt_tt1p05v25c     4.828736       1     4.828736 r
FADDX1_RVT         saed32rvt_tt1p05v25c     4.828736      77   371.812659 r
FADDX2_HVT         saed32hvt_tt1p05v25c     5.337024      24   128.088581 r
FADDX2_RVT         saed32rvt_tt1p05v25c     5.337024      60   320.221453 r
HADDX1_HVT         saed32hvt_tt1p05v25c     3.303872       6    19.823233 r
INVX0_HVT          saed32hvt_tt1p05v25c     1.270720     209   265.580481
INVX0_RVT          saed32rvt_tt1p05v25c     1.270720       2     2.541440
INVX1_HVT          saed32hvt_tt1p05v25c     1.270720       1     1.270720
INVX1_RVT          saed32rvt_tt1p05v25c     1.270720       1     1.270720
INVX2_HVT          saed32hvt_tt1p05v25c     1.524864      13    19.823231
INVX4_HVT          saed32hvt_tt1p05v25c     2.033152      17    34.563586
INVX4_RVT          saed32rvt_tt1p05v25c     2.033152       6    12.198913
INVX8_HVT          saed32hvt_tt1p05v25c     3.049728       5    15.248640
INVX8_RVT          saed32rvt_tt1p05v25c     3.049728       2     6.099456
NAND2X0_HVT        saed32hvt_tt1p05v25c     1.524864      80   121.989117
NAND2X0_LVT        saed32lvt_tt1p05v25c     1.524864      46    70.143742
NAND2X0_RVT        saed32rvt_tt1p05v25c     1.524864      18    27.447551
NAND2X1_RVT        saed32rvt_tt1p05v25c     2.541440       1     2.541440
NAND2X2_HVT        saed32hvt_tt1p05v25c     2.795584       5    13.977920
NAND2X2_RVT        saed32rvt_tt1p05v25c     2.795584       2     5.591168
NAND2X4_HVT        saed32hvt_tt1p05v25c     3.303872       4    13.215488
NAND2X4_RVT        saed32rvt_tt1p05v25c     3.303872       1     3.303872
NAND3X0_HVT        saed32hvt_tt1p05v25c     1.779008       7    12.453056
NAND3X0_LVT        saed32lvt_tt1p05v25c     1.779008      22    39.138177
NAND3X0_RVT        saed32rvt_tt1p05v25c     1.779008      13    23.127104
NAND3X1_RVT        saed32rvt_tt1p05v25c     2.795584       1     2.795584
NAND3X2_RVT        saed32rvt_tt1p05v25c     3.049728       2     6.099456
NAND4X0_HVT        saed32hvt_tt1p05v25c     2.033152       1     2.033152
NBUFFX2_HVT        saed32hvt_tt1p05v25c     2.033152     102   207.381515
NBUFFX2_RVT        saed32rvt_tt1p05v25c     2.033152       4     8.132608
NBUFFX4_HVT        saed32hvt_tt1p05v25c     2.541440       6    15.248640
NBUFFX4_RVT        saed32rvt_tt1p05v25c     2.541440       3     7.624320
NBUFFX8_HVT        saed32hvt_tt1p05v25c     3.812160       1     3.812160
NBUFFX8_RVT        saed32rvt_tt1p05v25c     3.812160       1     3.812160
NBUFFX16_RVT       saed32rvt_tt1p05v25c     6.099456       1     6.099456
OR2X1_HVT          saed32hvt_tt1p05v25c     2.033152       1     2.033152
OR2X2_RVT          saed32rvt_tt1p05v25c     2.287296       1     2.287296
OR3X2_HVT          saed32hvt_tt1p05v25c     2.541440       1     2.541440
XNOR2X1_HVT        saed32hvt_tt1p05v25c     4.320448       1     4.320448
XOR2X1_HVT         saed32hvt_tt1p05v25c     4.320448      19    82.088511
XOR2X1_RVT         saed32rvt_tt1p05v25c     4.320448       2     8.640896
XOR2X2_HVT         saed32hvt_tt1p05v25c     4.574592      10    45.745921
XOR2X2_RVT         saed32rvt_tt1p05v25c     4.574592       1     4.574592
XOR3X1_HVT         saed32hvt_tt1p05v25c     7.116032       1     7.116032
XOR3X1_RVT         saed32rvt_tt1p05v25c     7.116032       2    14.232064
XOR3X2_HVT         saed32hvt_tt1p05v25c     7.370176      10    73.701758
XOR3X2_RVT         saed32rvt_tt1p05v25c     7.370176       6    44.221055
-----------------------------------------------------------------------------
Total 53 references                                  2436.986817

****************************************
Design: uvIteration 
****************************************
Reference          Library       Unit Area   Count    Total Area   Attributes
-----------------------------------------------------------------------------
AND2X1_HVT         saed32hvt_tt1p05v25c     2.033152    1225  2490.611327
AND2X1_RVT         saed32rvt_tt1p05v25c     2.033152     124   252.110861
AND2X2_HVT         saed32hvt_tt1p05v25c     2.287296     171   391.127626
AND2X2_RVT         saed32rvt_tt1p05v25c     2.287296      13    29.734849
AND2X4_HVT         saed32hvt_tt1p05v25c     2.795584      56   156.552702
AND2X4_RVT         saed32rvt_tt1p05v25c     2.795584      75   209.668797
AND3X1_HVT         saed32hvt_tt1p05v25c     2.287296     178   407.138698
AND3X1_RVT         saed32rvt_tt1p05v25c     2.287296      29    66.331586
AND3X2_HVT         saed32hvt_tt1p05v25c     2.541440      22    55.911680
AND3X2_RVT         saed32rvt_tt1p05v25c     2.541440       2     5.082880
AND3X4_RVT         saed32rvt_tt1p05v25c     3.049728       2     6.099456
AND4X1_HVT         saed32hvt_tt1p05v25c     2.541440       4    10.165760
AO21X1_HVT         saed32hvt_tt1p05v25c     2.541440     144   365.967361
AO21X1_RVT         saed32rvt_tt1p05v25c     2.541440      25    63.536000
AO21X2_HVT         saed32hvt_tt1p05v25c     2.795584      43   120.210110
AO21X2_RVT         saed32rvt_tt1p05v25c     2.795584       4    11.182336
AO22X1_HVT         saed32hvt_tt1p05v25c     2.541440      34    86.408960
AO22X1_RVT         saed32rvt_tt1p05v25c     2.541440      10    25.414400
AO22X2_HVT         saed32hvt_tt1p05v25c     2.795584       3     8.386752
AO222X1_HVT        saed32hvt_tt1p05v25c     3.303872       5    16.519361
AO222X1_RVT        saed32rvt_tt1p05v25c     3.303872       6    19.823233
AOI21X1_HVT        saed32hvt_tt1p05v25c     3.049728    1983  6047.610459
AOI21X1_RVT        saed32rvt_tt1p05v25c     3.049728     256   780.730347
AOI21X2_HVT        saed32hvt_tt1p05v25c     3.303872     122   403.072397
AOI21X2_RVT        saed32rvt_tt1p05v25c     3.303872     108   356.818188
DELLN1X2_HVT       saed32hvt_tt1p05v25c     5.082880      11    55.911680
DELLN1X2_RVT       saed32rvt_tt1p05v25c     5.082880       2    10.165760
DELLN2X2_HVT       saed32hvt_tt1p05v25c     6.607744       3    19.823233
DELLN3X2_HVT       saed32hvt_tt1p05v25c     9.657472      76   733.967846
DFFX1_HVT          saed32hvt_tt1p05v25c     6.607744     421  2781.860315 n
DFFX1_RVT          saed32rvt_tt1p05v25c     6.607744       3    19.823233 n
DFFX2_HVT          saed32hvt_tt1p05v25c     7.624320      61   465.083522 n
DFFX2_RVT          saed32rvt_tt1p05v25c     7.116032       1     7.116032 n
FADDX1_HVT         saed32hvt_tt1p05v25c     4.828736    1622  7832.209514 r
FADDX1_RVT         saed32rvt_tt1p05v25c     4.828736     500  2414.367914 r
FADDX2_HVT         saed32hvt_tt1p05v25c     5.337024     114   608.420760 r
FADDX2_RVT         saed32rvt_tt1p05v25c     5.337024      86   458.984082 r
HADDX1_HVT         saed32hvt_tt1p05v25c     3.303872      95   313.867850 r
HADDX1_RVT         saed32rvt_tt1p05v25c     3.303872       5    16.519361 r
HADDX2_HVT         saed32hvt_tt1p05v25c     3.812160      13    49.558080 r
HADDX2_RVT         saed32rvt_tt1p05v25c     3.812160       4    15.248640 r
IBUFFX2_HVT        saed32hvt_tt1p05v25c     2.541440       4    10.165760
IBUFFX4_LVT        saed32lvt_tt1p05v25c     3.049728       3     9.149184
IBUFFX16_RVT       saed32rvt_tt1p05v25c     6.607744       1     6.607744
INVX0_HVT          saed32hvt_tt1p05v25c     1.270720    7166  9105.979556
INVX0_RVT          saed32rvt_tt1p05v25c     1.270720      92   116.906240
INVX1_HVT          saed32hvt_tt1p05v25c     1.270720     100   127.072001
INVX1_RVT          saed32rvt_tt1p05v25c     1.270720     116   147.403521
INVX2_HVT          saed32hvt_tt1p05v25c     1.524864     459   699.912557
INVX2_RVT          saed32rvt_tt1p05v25c     1.524864      66   100.641021
INVX4_HVT          saed32hvt_tt1p05v25c     2.033152     470   955.581489
INVX4_LVT          saed32lvt_tt1p05v25c     2.033152       1     2.033152
INVX4_RVT          saed32rvt_tt1p05v25c     2.033152      70   142.320647
INVX8_HVT          saed32hvt_tt1p05v25c     3.049728     325   991.161573
INVX8_LVT          saed32lvt_tt1p05v25c     3.049728       2     6.099456
INVX8_RVT          saed32rvt_tt1p05v25c     3.049728      75   228.729594
INVX16_HVT         saed32hvt_tt1p05v25c     5.082880      92   467.624962
INVX16_LVT         saed32lvt_tt1p05v25c     5.082880       2    10.165760
INVX16_RVT         saed32rvt_tt1p05v25c     5.082880      20   101.657600
INVX32_HVT         saed32hvt_tt1p05v25c     9.149184      95   869.172502
INVX32_LVT         saed32lvt_tt1p05v25c     9.149184       1     9.149184
INVX32_RVT         saed32rvt_tt1p05v25c     9.149184       1     9.149184
MUX21X1_HVT        saed32hvt_tt1p05v25c     3.303872    1293  4271.906636
MUX21X1_LVT        saed32lvt_tt1p05v25c     3.303872       3     9.911616
MUX21X1_RVT        saed32rvt_tt1p05v25c     3.303872     221   730.155736
MUX21X2_HVT        saed32hvt_tt1p05v25c     3.558016     870  3095.473974
MUX21X2_LVT        saed32lvt_tt1p05v25c     3.558016       1     3.558016
MUX21X2_RVT        saed32rvt_tt1p05v25c     3.558016     344  1223.957525
NAND2X0_HVT        saed32hvt_tt1p05v25c     1.524864    9172 13986.052226
NAND2X0_LVT        saed32lvt_tt1p05v25c     1.524864     243   370.541942
NAND2X0_RVT        saed32rvt_tt1p05v25c     1.524864     196   298.873336
NAND2X1_HVT        saed32hvt_tt1p05v25c     2.541440      26    66.077440
NAND2X1_RVT        saed32rvt_tt1p05v25c     2.541440      55   139.779201
NAND2X2_HVT        saed32hvt_tt1p05v25c     2.795584     667  1864.654504
NAND2X2_RVT        saed32rvt_tt1p05v25c     2.795584      41   114.618942
NAND2X4_HVT        saed32hvt_tt1p05v25c     3.303872     110   363.425932
NAND2X4_RVT        saed32rvt_tt1p05v25c     3.303872      13    42.950337
NAND3X0_HVT        saed32hvt_tt1p05v25c     1.779008     188   334.453510
NAND3X0_LVT        saed32lvt_tt1p05v25c     1.779008      51    90.729410
NAND3X0_RVT        saed32rvt_tt1p05v25c     1.779008     151   268.630213
NAND3X1_HVT        saed32hvt_tt1p05v25c     2.795584       2     5.591168
NAND3X1_RVT        saed32rvt_tt1p05v25c     2.795584       9    25.160256
NAND3X2_HVT        saed32hvt_tt1p05v25c     3.049728      61   186.033403
NAND3X2_RVT        saed32rvt_tt1p05v25c     3.049728      10    30.497279
NAND3X4_HVT        saed32hvt_tt1p05v25c     3.558016       1     3.558016
NAND4X0_HVT        saed32hvt_tt1p05v25c     2.033152       3     6.099456
NAND4X0_RVT        saed32rvt_tt1p05v25c     2.033152      14    28.464129
NAND4X1_HVT        saed32hvt_tt1p05v25c     3.049728       2     6.099456
NBUFFX2_HVT        saed32hvt_tt1p05v25c     2.033152    6466 13146.361501
NBUFFX2_LVT        saed32lvt_tt1p05v25c     2.033152       1     2.033152
NBUFFX2_RVT        saed32rvt_tt1p05v25c     2.033152     317   644.509217
NBUFFX4_HVT        saed32hvt_tt1p05v25c     2.541440      98   249.061121
NBUFFX4_LVT        saed32lvt_tt1p05v25c     2.541440       2     5.082880
NBUFFX4_RVT        saed32rvt_tt1p05v25c     2.541440     152   386.298882
NBUFFX8_HVT        saed32hvt_tt1p05v25c     3.812160     218   831.050883
NBUFFX8_LVT        saed32lvt_tt1p05v25c     3.812160       2     7.624320
NBUFFX8_RVT        saed32rvt_tt1p05v25c     3.812160      93   354.530881
NBUFFX16_HVT       saed32hvt_tt1p05v25c     6.099456       6    36.596735
NBUFFX16_LVT       saed32lvt_tt1p05v25c     6.099456       1     6.099456
NBUFFX16_RVT       saed32rvt_tt1p05v25c     6.099456       3    18.298368
NOR2X0_HVT         saed32hvt_tt1p05v25c     2.541440    4178 10618.136362
NOR2X0_RVT         saed32rvt_tt1p05v25c     2.541440     254   645.525763
NOR2X1_HVT         saed32hvt_tt1p05v25c     2.541440      73   185.525121
NOR2X2_HVT         saed32hvt_tt1p05v25c     2.795584     178   497.613945
NOR2X2_RVT         saed32rvt_tt1p05v25c     2.795584      32    89.458687
NOR2X4_HVT         saed32hvt_tt1p05v25c     3.303872     187   617.824084
NOR2X4_RVT         saed32rvt_tt1p05v25c     3.303872       6    19.823233
OA21X1_HVT         saed32hvt_tt1p05v25c     2.541440     227   576.906882
OA21X1_RVT         saed32rvt_tt1p05v25c     2.541440      41   104.199040
OA21X2_HVT         saed32hvt_tt1p05v25c     2.795584      89   248.806973
OA21X2_RVT         saed32rvt_tt1p05v25c     2.795584      18    50.320511
OA221X2_HVT        saed32hvt_tt1p05v25c     3.303872       2     6.607744
OA222X1_HVT        saed32hvt_tt1p05v25c     3.303872       2     6.607744
OAI21X1_HVT        saed32hvt_tt1p05v25c     3.049728    3407 10390.423012
OAI21X1_RVT        saed32rvt_tt1p05v25c     3.049728      12    36.596735
OAI21X2_HVT        saed32hvt_tt1p05v25c     3.303872     665  2197.074952
OAI21X2_RVT        saed32rvt_tt1p05v25c     3.303872      10    33.038721
OAI22X1_HVT        saed32hvt_tt1p05v25c     3.049728    1162  3543.783839
OAI22X1_RVT        saed32rvt_tt1p05v25c     3.049728      18    54.895103
OAI22X2_HVT        saed32hvt_tt1p05v25c     3.303872     184   607.912468
OR2X1_HVT          saed32hvt_tt1p05v25c     2.033152     432   878.321709
OR2X1_LVT          saed32lvt_tt1p05v25c     2.033152       1     2.033152
OR2X1_RVT          saed32rvt_tt1p05v25c     2.033152      60   121.989126
OR2X2_HVT          saed32hvt_tt1p05v25c     2.287296      50   114.364803
OR2X2_RVT          saed32rvt_tt1p05v25c     2.287296      49   112.077507
OR2X4_HVT          saed32hvt_tt1p05v25c     2.795584      22    61.502847
OR2X4_RVT          saed32rvt_tt1p05v25c     2.795584      16    44.729343
OR3X1_HVT          saed32hvt_tt1p05v25c     2.287296       2     4.574592
XNOR2X1_HVT        saed32hvt_tt1p05v25c     4.320448    3285 14192.671423
XNOR2X1_RVT        saed32rvt_tt1p05v25c     4.320448      57   246.265532
XNOR2X2_HVT        saed32hvt_tt1p05v25c     4.574592     196   896.620054
XNOR2X2_RVT        saed32rvt_tt1p05v25c     4.574592      51   233.304198
XNOR3X2_HVT        saed32hvt_tt1p05v25c     6.353600       3    19.060800
XOR2X1_HVT         saed32hvt_tt1p05v25c     4.320448    1079  4661.763308
XOR2X1_RVT         saed32rvt_tt1p05v25c     4.320448       8    34.563583
XOR2X2_HVT         saed32hvt_tt1p05v25c     4.574592     211   965.238936
XOR2X2_RVT         saed32rvt_tt1p05v25c     4.574592       9    41.171329
XOR3X1_HVT         saed32hvt_tt1p05v25c     7.116032      41   291.757317
XOR3X1_RVT         saed32rvt_tt1p05v25c     7.116032      41   291.757317
XOR3X2_HVT         saed32hvt_tt1p05v25c     7.370176      79   582.243891
XOR3X2_RVT         saed32rvt_tt1p05v25c     7.370176      24   176.884220
hsOptFlowTop_uvIteration_windowBuf3x3__row1buf_0  9535.136119       1  9535.136119 b, h
hsOptFlowTop_uvIteration_windowBuf3x3__row1buf_1  9575.290870       1  9575.290870 b, h
hsOptFlowTop_uvIteration_windowBuf3x3__row2buf_0  9547.335031       1  9547.335031 b, h
hsOptFlowTop_uvIteration_windowBuf3x3__row2buf_1  9546.572598       1  9546.572598 b, h
-----------------------------------------------------------------------------
Total 145 references                                178268.938212

****************************************
Design: hsOptFlowTop_uvIteration_windowBuf3x3__row1buf_0 
****************************************
Reference          Library       Unit Area   Count    Total Area   Attributes
-----------------------------------------------------------------------------
NBUFFX2_HVT        saed32hvt_tt1p05v25c     2.033152      55   111.823366
NBUFFX4_HVT        saed32hvt_tt1p05v25c     2.541440       3     7.624320
NBUFFX8_HVT        saed32hvt_tt1p05v25c     3.812160       3    11.436480
SRAM1R1W512x32     SRAM1R1W512x32  9404.251953       1  9404.251953 b
-----------------------------------------------------------------------------
Total 4 references                                   9535.136119

****************************************
Design: hsOptFlowTop_uvIteration_windowBuf3x3__row1buf_1 
****************************************
Reference          Library       Unit Area   Count    Total Area   Attributes
-----------------------------------------------------------------------------
NBUFFX2_HVT        saed32hvt_tt1p05v25c     2.033152      40    81.326084
NBUFFX2_RVT        saed32rvt_tt1p05v25c     2.033152       1     2.033152
NBUFFX4_HVT        saed32hvt_tt1p05v25c     2.541440       5    12.707200
NBUFFX4_RVT        saed32rvt_tt1p05v25c     2.541440       1     2.541440
NBUFFX8_HVT        saed32hvt_tt1p05v25c     3.812160      18    68.618880
NBUFFX8_RVT        saed32rvt_tt1p05v25c     3.812160       1     3.812160
SRAM1R1W512x32     SRAM1R1W512x32  9404.251953       1  9404.251953 b
-----------------------------------------------------------------------------
Total 7 references                                   9575.290870

****************************************
Design: hsOptFlowTop_uvIteration_windowBuf3x3__row2buf_0 
****************************************
Reference          Library       Unit Area   Count    Total Area   Attributes
-----------------------------------------------------------------------------
NBUFFX2_HVT        saed32hvt_tt1p05v25c     2.033152      52   105.723909
NBUFFX2_RVT        saed32rvt_tt1p05v25c     2.033152       4     8.132608
NBUFFX4_HVT        saed32hvt_tt1p05v25c     2.541440       6    15.248640
NBUFFX4_RVT        saed32rvt_tt1p05v25c     2.541440       1     2.541440
NBUFFX8_HVT        saed32hvt_tt1p05v25c     3.812160       3    11.436480
SRAM1R1W512x32     SRAM1R1W512x32  9404.251953       1  9404.251953 b
-----------------------------------------------------------------------------
Total 6 references                                   9547.335031

****************************************
Design: hsOptFlowTop_uvIteration_windowBuf3x3__row2buf_1 
****************************************
Reference          Library       Unit Area   Count    Total Area   Attributes
-----------------------------------------------------------------------------
NBUFFX2_HVT        saed32hvt_tt1p05v25c     2.033152      38    77.259780
NBUFFX2_RVT        saed32rvt_tt1p05v25c     2.033152       2     4.066304
NBUFFX4_HVT        saed32hvt_tt1p05v25c     2.541440       5    12.707200
NBUFFX4_RVT        saed32rvt_tt1p05v25c     2.541440       1     2.541440
NBUFFX8_HVT        saed32hvt_tt1p05v25c     3.812160      12    45.745920
SRAM1R1W512x32     SRAM1R1W512x32  9404.251953       1  9404.251953 b
-----------------------------------------------------------------------------
Total 6 references                                   9546.572598

****************************************
Design: uvMem 
****************************************
Reference          Library       Unit Area   Count    Total Area   Attributes
-----------------------------------------------------------------------------
AND2X1_HVT         saed32hvt_tt1p05v25c     2.033152      30    60.994563
AO22X1_HVT         saed32hvt_tt1p05v25c     2.541440       2     5.082880
DELLN1X2_HVT       saed32hvt_tt1p05v25c     5.082880       9    45.745920
DELLN1X2_RVT       saed32rvt_tt1p05v25c     5.082880       1     5.082880
DELLN2X2_HVT       saed32hvt_tt1p05v25c     6.607744       1     6.607744
DELLN3X2_HVT       saed32hvt_tt1p05v25c     9.657472      16   154.519547
DFFX1_HVT          saed32hvt_tt1p05v25c     6.607744      17   112.331652 n
DFFX2_HVT          saed32hvt_tt1p05v25c     7.624320       3    22.872960 n
HADDX1_HVT         saed32hvt_tt1p05v25c     3.303872       1     3.303872 r
IBUFFX2_RVT        saed32rvt_tt1p05v25c     2.541440       2     5.082880
IBUFFX8_LVT        saed32lvt_tt1p05v25c     4.320448       1     4.320448
IBUFFX16_LVT       saed32lvt_tt1p05v25c     6.607744       5    33.038721
IBUFFX16_RVT       saed32rvt_tt1p05v25c     6.607744       3    19.823233
INVX0_HVT          saed32hvt_tt1p05v25c     1.270720      65    82.596800
INVX0_LVT          saed32lvt_tt1p05v25c     1.270720       2     2.541440
INVX0_RVT          saed32rvt_tt1p05v25c     1.270720      15    19.060800
INVX1_HVT          saed32hvt_tt1p05v25c     1.270720       1     1.270720
INVX1_LVT          saed32lvt_tt1p05v25c     1.270720       2     2.541440
INVX1_RVT          saed32rvt_tt1p05v25c     1.270720       2     2.541440
INVX2_HVT          saed32hvt_tt1p05v25c     1.524864      28    42.696191
INVX2_LVT          saed32lvt_tt1p05v25c     1.524864       2     3.049728
INVX2_RVT          saed32rvt_tt1p05v25c     1.524864       5     7.624320
INVX4_HVT          saed32hvt_tt1p05v25c     2.033152     170   345.635858
INVX4_LVT          saed32lvt_tt1p05v25c     2.033152      11    22.364673
INVX4_RVT          saed32rvt_tt1p05v25c     2.033152      72   146.386951
INVX8_HVT          saed32hvt_tt1p05v25c     3.049728      81   247.027961
INVX8_LVT          saed32lvt_tt1p05v25c     3.049728       5    15.248640
INVX8_RVT          saed32rvt_tt1p05v25c     3.049728      72   219.580410
INVX16_HVT         saed32hvt_tt1p05v25c     5.082880      30   152.486401
INVX16_LVT         saed32lvt_tt1p05v25c     5.082880       1     5.082880
INVX16_RVT         saed32rvt_tt1p05v25c     5.082880      12    60.994560
INVX32_HVT         saed32hvt_tt1p05v25c     9.149184      29   265.326343
INVX32_RVT         saed32rvt_tt1p05v25c     9.149184      24   219.580421
NAND2X0_HVT        saed32hvt_tt1p05v25c     1.524864      22    33.547007
NAND3X0_HVT        saed32hvt_tt1p05v25c     1.779008       2     3.558016
NAND4X0_HVT        saed32hvt_tt1p05v25c     2.033152       2     4.066304
NBUFFX2_HVT        saed32hvt_tt1p05v25c     2.033152     377   766.498343
NBUFFX2_RVT        saed32rvt_tt1p05v25c     2.033152      25    50.828803
NBUFFX4_HVT        saed32hvt_tt1p05v25c     2.541440      12    30.497280
NBUFFX4_LVT        saed32lvt_tt1p05v25c     2.541440       3     7.624320
NBUFFX4_RVT        saed32rvt_tt1p05v25c     2.541440       6    15.248640
NBUFFX8_HVT        saed32hvt_tt1p05v25c     3.812160       4    15.248640
NBUFFX8_RVT        saed32rvt_tt1p05v25c     3.812160      18    68.618880
NBUFFX16_HVT       saed32hvt_tt1p05v25c     6.099456       8    48.795647
NBUFFX16_LVT       saed32lvt_tt1p05v25c     6.099456       1     6.099456
NBUFFX16_RVT       saed32rvt_tt1p05v25c     6.099456       4    24.397823
NBUFFX32_HVT       saed32hvt_tt1p05v25c    10.674048       7    74.718339
NBUFFX32_LVT       saed32lvt_tt1p05v25c    10.674048       1    10.674048
OA21X1_HVT         saed32hvt_tt1p05v25c     2.541440       6    15.248640
OA21X2_HVT         saed32hvt_tt1p05v25c     2.795584       5    13.977920
OA221X1_HVT        saed32hvt_tt1p05v25c     3.049728       3     9.149184
OR2X1_HVT          saed32hvt_tt1p05v25c     2.033152      15    30.497282
SNPS_CLOCK_GATE_HIGH_uvMem        5.845312       1      5.845312  b, h
SRAM1R1W131072x32  SRAM1R1W131072x32 1988081.125000       2 3976162.250000 b
-----------------------------------------------------------------------------
Total 54 references                                 3979739.835160

****************************************
Design: SNPS_CLOCK_GATE_HIGH_uvMem 
****************************************
Reference          Library       Unit Area   Count    Total Area   Attributes
-----------------------------------------------------------------------------
CGLPPRX2_HVT       saed32hvt_tt1p05v25c     5.845312       1     5.845312 b, d
-----------------------------------------------------------------------------
Total 1 references                                      5.845312

****************************************
Design: windowBuf2x2x2 
****************************************
Reference          Library       Unit Area   Count    Total Area   Attributes
-----------------------------------------------------------------------------
AND2X1_HVT         saed32hvt_tt1p05v25c     2.033152     166   337.503249
AND2X2_HVT         saed32hvt_tt1p05v25c     2.287296      44   100.641026
AND2X4_HVT         saed32hvt_tt1p05v25c     2.795584       8    22.364672
DELLN2X2_HVT       saed32hvt_tt1p05v25c     6.607744       1     6.607744
DELLN3X2_HVT       saed32hvt_tt1p05v25c     9.657472       1     9.657472
DFFX1_HVT          saed32hvt_tt1p05v25c     6.607744     188  1242.255913 n
DFFX1_LVT          saed32lvt_tt1p05v25c     6.607744       1     6.607744 n
DFFX1_RVT          saed32rvt_tt1p05v25c     6.607744       1     6.607744 n
DFFX2_HVT          saed32hvt_tt1p05v25c     7.624320      19   144.862081 n
DFFX2_LVT          saed32lvt_tt1p05v25c     7.116032       3    21.348096 n
DFFX2_RVT          saed32rvt_tt1p05v25c     7.116032       1     7.116032 n
INVX0_HVT          saed32hvt_tt1p05v25c     1.270720      15    19.060800
INVX2_HVT          saed32hvt_tt1p05v25c     1.524864      19    28.972415
INVX4_HVT          saed32hvt_tt1p05v25c     2.033152       7    14.232065
INVX8_HVT          saed32hvt_tt1p05v25c     3.049728       1     3.049728
INVX16_HVT         saed32hvt_tt1p05v25c     5.082880       1     5.082880
INVX32_RVT         saed32rvt_tt1p05v25c     9.149184       1     9.149184
NAND2X0_HVT        saed32hvt_tt1p05v25c     1.524864       4     6.099456
NAND3X0_HVT        saed32hvt_tt1p05v25c     1.779008       1     1.779008
NAND4X0_HVT        saed32hvt_tt1p05v25c     2.033152       3     6.099456
NBUFFX2_HVT        saed32hvt_tt1p05v25c     2.033152     171   347.669010
NBUFFX2_LVT        saed32lvt_tt1p05v25c     2.033152       1     2.033152
NBUFFX2_RVT        saed32rvt_tt1p05v25c     2.033152      10    20.331521
NBUFFX4_HVT        saed32hvt_tt1p05v25c     2.541440      15    38.121600
NBUFFX4_RVT        saed32rvt_tt1p05v25c     2.541440       2     5.082880
NBUFFX8_HVT        saed32hvt_tt1p05v25c     3.812160      29   110.552640
NBUFFX8_RVT        saed32rvt_tt1p05v25c     3.812160       4    15.248640
NBUFFX16_HVT       saed32hvt_tt1p05v25c     6.099456       2    12.198912
NBUFFX16_RVT       saed32rvt_tt1p05v25c     6.099456       1     6.099456
NOR2X0_HVT         saed32hvt_tt1p05v25c     2.541440       1     2.541440
NOR3X0_HVT         saed32hvt_tt1p05v25c     2.795584       1     2.795584
OA21X2_HVT         saed32hvt_tt1p05v25c     2.795584       1     2.795584
OA221X1_HVT        saed32hvt_tt1p05v25c     3.049728       1     3.049728
OR2X1_HVT          saed32hvt_tt1p05v25c     2.033152       6    12.198913
SRAM1R1W512x32     SRAM1R1W512x32  9404.251953       2 18808.503906 b
-----------------------------------------------------------------------------
Total 35 references                                 21388.319732

****************************************
Design: windowBuf5x5 
****************************************
Reference          Library       Unit Area   Count    Total Area   Attributes
-----------------------------------------------------------------------------
AND2X1_HVT         saed32hvt_tt1p05v25c     2.033152     199   404.597269
AND2X2_HVT         saed32hvt_tt1p05v25c     2.287296      20    45.745921
AND2X4_HVT         saed32hvt_tt1p05v25c     2.795584       1     2.795584
AND4X1_HVT         saed32hvt_tt1p05v25c     2.541440       2     5.082880
AO22X1_HVT         saed32hvt_tt1p05v25c     2.541440       1     2.541440
DFFX1_HVT          saed32hvt_tt1p05v25c     6.607744     181  1196.001703 n
DFFX2_HVT          saed32hvt_tt1p05v25c     7.624320      25   190.608001 n
DFFX2_LVT          saed32lvt_tt1p05v25c     7.116032       3    21.348096 n
INVX0_HVT          saed32hvt_tt1p05v25c     1.270720      20    25.414400
INVX2_HVT          saed32hvt_tt1p05v25c     1.524864      28    42.696191
INVX4_HVT          saed32hvt_tt1p05v25c     2.033152       6    12.198913
INVX8_HVT          saed32hvt_tt1p05v25c     3.049728       1     3.049728
INVX16_HVT         saed32hvt_tt1p05v25c     5.082880       1     5.082880
NAND2X0_HVT        saed32hvt_tt1p05v25c     1.524864       4     6.099456
NAND3X0_HVT        saed32hvt_tt1p05v25c     1.779008       1     1.779008
NAND3X2_HVT        saed32hvt_tt1p05v25c     3.049728       1     3.049728
NAND4X0_HVT        saed32hvt_tt1p05v25c     2.033152       1     2.033152
NBUFFX2_HVT        saed32hvt_tt1p05v25c     2.033152     214   435.094550
NBUFFX2_RVT        saed32rvt_tt1p05v25c     2.033152      27    54.895107
NBUFFX4_HVT        saed32hvt_tt1p05v25c     2.541440       6    15.248640
NBUFFX4_RVT        saed32rvt_tt1p05v25c     2.541440       1     2.541440
NBUFFX8_HVT        saed32hvt_tt1p05v25c     3.812160      29   110.552640
OA221X1_HVT        saed32hvt_tt1p05v25c     3.049728       2     6.099456
OR2X1_HVT          saed32hvt_tt1p05v25c     2.033152       5    10.165761
SRAM1R1W512x32     SRAM1R1W512x32  9404.251953       1  9404.251953 b
-----------------------------------------------------------------------------
Total 25 references                                 12008.973896

****************************************
Design: windowBuf5x5_1 
****************************************
Reference          Library       Unit Area   Count    Total Area   Attributes
-----------------------------------------------------------------------------
AND2X1_HVT         saed32hvt_tt1p05v25c     2.033152     207   420.862485
AND2X2_HVT         saed32hvt_tt1p05v25c     2.287296      12    27.447553
AND2X4_HVT         saed32hvt_tt1p05v25c     2.795584       1     2.795584
AND4X1_HVT         saed32hvt_tt1p05v25c     2.541440       2     5.082880
AO22X2_HVT         saed32hvt_tt1p05v25c     2.795584       1     2.795584
DFFX1_HVT          saed32hvt_tt1p05v25c     6.607744     189  1248.863657 n
DFFX2_HVT          saed32hvt_tt1p05v25c     7.624320      19   144.862081 n
DFFX2_LVT          saed32lvt_tt1p05v25c     7.116032       1     7.116032 n
INVX0_HVT          saed32hvt_tt1p05v25c     1.270720      18    22.872960
INVX2_HVT          saed32hvt_tt1p05v25c     1.524864      35    53.370239
INVX4_HVT          saed32hvt_tt1p05v25c     2.033152       8    16.265217
INVX8_HVT          saed32hvt_tt1p05v25c     3.049728       7    21.348095
INVX8_LVT          saed32lvt_tt1p05v25c     3.049728       1     3.049728
INVX16_HVT         saed32hvt_tt1p05v25c     5.082880       1     5.082880
INVX16_LVT         saed32lvt_tt1p05v25c     5.082880       2    10.165760
INVX16_RVT         saed32rvt_tt1p05v25c     5.082880       1     5.082880
NAND2X0_HVT        saed32hvt_tt1p05v25c     1.524864       4     6.099456
NAND3X0_HVT        saed32hvt_tt1p05v25c     1.779008       1     1.779008
NAND3X2_HVT        saed32hvt_tt1p05v25c     3.049728       1     3.049728
NAND4X0_HVT        saed32hvt_tt1p05v25c     2.033152       1     2.033152
NBUFFX2_HVT        saed32hvt_tt1p05v25c     2.033152     294   597.746718
NBUFFX2_RVT        saed32rvt_tt1p05v25c     2.033152      13    26.430977
NBUFFX4_HVT        saed32hvt_tt1p05v25c     2.541440       3     7.624320
NBUFFX8_HVT        saed32hvt_tt1p05v25c     3.812160      11    41.933760
OA221X1_HVT        saed32hvt_tt1p05v25c     3.049728       2     6.099456
OR2X1_HVT          saed32hvt_tt1p05v25c     2.033152       5    10.165761
SRAM1R1W512x32     SRAM1R1W512x32  9404.251953       1  9404.251953 b
-----------------------------------------------------------------------------
Total 27 references                                 12104.277904
1
