 
****************************************
Report : area
Design : hsOptFlowTop
Version: G-2012.06-ICC-SP3
Date   : Tue Dec  4 01:31:31 2012
****************************************

Library(s) Used:

    saed32hvt_tt1p05v25c (File: /home/ff/cs250/stdcells/synopsys-32nm/multi_vt/db/saed32hvt_tt1p05v25c.db)
    saed32rvt_tt1p05v25c (File: /home/ff/cs250/stdcells/synopsys-32nm/multi_vt/db/saed32rvt_tt1p05v25c.db)
    saed32lvt_tt1p05v25c (File: /home/ff/cs250/stdcells/synopsys-32nm/multi_vt/db/saed32lvt_tt1p05v25c.db)
    SRAM1R1W512x32 (File: /scratch/hsOptFlow/vlsi/ref/SRAM1R1W512x32.db)
    SRAM1R1W131072x32 (File: /scratch/hsOptFlow/vlsi/ref/SRAM1R1W131072x32.db)

Number of ports:                           74
Number of nets:                          1868
Number of cells:                          991
Number of combinational cells:            927
Number of sequential cells:                55
Number of macros:                          10
Number of buf/inv:                        825
Number of references:                      38

Combinational area:       154452.966282
Buf/Inv area:             40046.233516
Noncombinational area:    4059703.979081
Net Interconnect area:    77830.309166 

Total cell area:          4214156.945363
Total area:               4291987.254529

Hierarchical area distribution
------------------------------

                                  Global cell area                 Local cell area
                                  ---------------------  ------------------------------------ 
Hierarchical cell                 Absolute      Percent  Combi-       Noncombi-  Black
                                  Total         Total    national     national   boxes         Design
--------------------------------  ------------  -------  -----------  ---------  ------------  ------------------------------------------------
hsOptFlowTop                      4214156.9454    100.0    2005.9587   379.1829        0.0000  hsOptFlowTop
control                               611.7246      0.0     335.7242   264.3098        0.0000  control
control/clk_gate_count_x_reg            5.8453      0.0       0.0000     5.8453        0.0000  SNPS_CLOCK_GATE_HIGH_control_1
control/clk_gate_iterCount_reg          5.8453      0.0       0.0000     5.8453        0.0000  SNPS_CLOCK_GATE_HIGH_control_0
gaussianF1                           2574.7328      0.1    2574.7328     0.0000        0.0000  gaussian_0
gaussianF2                           2638.0147      0.1    2638.0147     0.0000        0.0000  gaussian_1
iterCalc                           178268.9382      4.2  136790.7205  3273.8831        0.0000  uvIteration
iterCalc/winBuf3_u_row1buf           9535.1361      0.2     130.8842     0.0000     9404.2520  hsOptFlowTop_uvIteration_windowBuf3x3__row1buf_0
iterCalc/winBuf3_u_row2buf           9547.3350      0.2     143.0831     0.0000     9404.2520  hsOptFlowTop_uvIteration_windowBuf3x3__row2buf_0
iterCalc/winBuf3_v_row1buf           9575.2909      0.2     171.0389     0.0000     9404.2520  hsOptFlowTop_uvIteration_windowBuf3x3__row1buf_1
iterCalc/winBuf3_v_row2buf           9546.5726      0.2     142.3206     0.0000     9404.2520  hsOptFlowTop_uvIteration_windowBuf3x3__row2buf_1
pDeriv                               2436.9868      0.1    2436.9868     0.0000        0.0000  partialDeriv
uvMemory                          3979739.8352     94.4    3436.5352   135.2046  3976162.2500  uvMem
uvMemory/clk_gate_count_reg             5.8453      0.0       0.0000     5.8453        0.0000  SNPS_CLOCK_GATE_HIGH_uvMem
winBuf2x2x2                         21388.3197      0.5    1151.0182  1428.7976    18808.5039  windowBuf2x2x2
winBuf5x5_1                         12008.9739      0.3    1196.7641  1407.9578     9404.2520  windowBuf5x5
winBuf5x5_2                         12104.2779      0.3    1299.1842  1400.8418     9404.2520  windowBuf5x5_1
--------------------------------  ------------  -------  -----------  ---------  ------------  ------------------------------------------------
Total                                                    154452.9663  8307.7135  4051396.2656

1
