Warning: Cell 'winBuf5x5_1/rowbuf_sram' is being marked as "dont_touch" because it has 
	a fixed_placement attribute. (PSYN-040)
Warning: Cell 'winBuf5x5_2/rowbuf_sram' is being marked as "dont_touch" because it has 
	a fixed_placement attribute. (PSYN-040)
Warning: Cell 'winBuf2x2x2/rowbuf1_sram' is being marked as "dont_touch" because it has 
	a fixed_placement attribute. (PSYN-040)
Warning: Cell 'winBuf2x2x2/rowbuf2_sram' is being marked as "dont_touch" because it has 
	a fixed_placement attribute. (PSYN-040)
Warning: Cell 'iterCalc/winBuf3_u_row1buf/sram' is being marked as "dont_touch" because it has 
	a fixed_placement attribute. (PSYN-040)
Warning: Cell 'iterCalc/winBuf3_u_row2buf/sram' is being marked as "dont_touch" because it has 
	a fixed_placement attribute. (PSYN-040)
Warning: Cell 'iterCalc/winBuf3_v_row1buf/sram' is being marked as "dont_touch" because it has 
	a fixed_placement attribute. (PSYN-040)
Warning: Cell 'iterCalc/winBuf3_v_row2buf/sram' is being marked as "dont_touch" because it has 
	a fixed_placement attribute. (PSYN-040)
Warning: Cell 'uvMemory/uMem_sram' is being marked as "dont_touch" because it has 
	a fixed_placement attribute. (PSYN-040)
Warning: Cell 'uvMemory/vMem_sram' is being marked as "dont_touch" because it has 
	a fixed_placement attribute. (PSYN-040)

  Loading design 'hsOptFlowTop'




Information: Library Manufacturing Grid(GridResolution) : 1
Information: Time Unit from Milkyway design library: 'ns' 
Information: Design Library and main library timing units are matched - 1.000 ns. 
Information: Resistance Unit from Milkyway design library: 'kohm' 
Warning: Mismatch in the main library and the Milkyway library resistance units. In the main library it is 1000.000 kohm and in the Milkyway design library it is 1.000 kohm. Check and correct the resistance units in the .tf and .db files. (PSYN-476)
Information: Capacitance Unit from Milkyway design library: 'ff' 
Information: Design Library and main library capacitance units are matched - 0.001 pf. 
Warning: Inconsistent library data found for layer PO. (RCEX-018)
Information: Layer M1 is ignored for resistance and capacitance computation. (RCEX-019)
Information: Layer M8 is ignored for resistance and capacitance computation. (RCEX-019)
Information: Layer M9 is ignored for resistance and capacitance computation. (RCEX-019)
Information: Layer MRDL is ignored for resistance and capacitance computation. (RCEX-019)

TLU+ File = /home/ff/cs250/stdcells/synopsys-32nm/multi_vt/tluplus/max.tluplus
TLU+ File = /home/ff/cs250/stdcells/synopsys-32nm/multi_vt/tluplus/min.tluplus

--------- Sanity Check on TLUPlus Files -------------
1. Checking the conducting layer names in ITF and mapping file ... 
[ Passed! ]
2. Checking the via layer names in ITF and mapping file ... 
[ Passed! ]
3. Checking the consistency of Min Width and Min Spacing between MW-tech and ITF ... 
[ Passed! ]
----------------- Check Ends ------------------
Information: The distance unit in Capacitance and Resistance is 1 micron. (RCEX-007)
Information: The RC model used is detail route TLU+. (RCEX-015)
Information: Start mixed mode parasitic extraction. (RCEX-023)
Information: Start rc extraction...
Information: extraction with 2 threads (RCEX-208)
Information: Parasitic source is LPE. (RCEX-040)
Information: Parasitic mode is RealRC. (RCEX-041)
Information: Using virtual shield extraction. (RCEX-081)
Information: Extraction mode is MIN_MAX. (RCEX-042)
Information: Extraction derate is 25/25/25. (RCEX-043)
Information: Coupling capacitances are explicitly created. (RCEX-044)
Information: Start back annotation for parasitic extraction. (RCEX-023)
Information: End back annotation for parasitic extraction. (RCEX-023)
Information: Start timing update for parasitic extraction. (RCEX-023)
Information: End timing update for parasitic extraction. (RCEX-023)
Information: End parasitic extraction. (RCEX-023)
Note - message 'PSYN-040' limit (10) exceeded.  Remainder will be suppressed.
Information: Using 2 cores for timing computations. (TIM-270)
Information: Converting capacitance units for library 'SRAM1R1W512x32' since those in library 'saed32hvt_tt1p05v25c' differ. (TIM-106)
Warning: The trip points for the library named SRAM1R1W512x32 differ from those in the library named saed32hvt_tt1p05v25c. (TIM-164)
Information: Converting capacitance units for library 'SRAM1R1W131072x32' since those in library 'saed32hvt_tt1p05v25c' differ. (TIM-106)
Warning: The trip points for the library named SRAM1R1W131072x32 differ from those in the library named saed32hvt_tt1p05v25c. (TIM-164)
Information: Updating graph... (UID-83)

************************************************************
SI options:
Delta Delay Computation:           true
Static Noise Computation:          false
Timing window analysis for SI:     false
Reselection in timing window:      false
Min Delta Delay for SI:            true
Analysis Effort:                   medium
Max Transition Mode:               normal_slew
Static Noise Thresholds:           0.35 (0.37V) above low
                                   0.35 (0.37V) below high
Route xtalk prevention:            true
Route xtalk prevention threshold:  0.25
************************************************************

Information: Input delay ('rise') on clock port 'clk' will be added to the clock's propagated skew. (TIM-112)
Information: Input delay ('fall') on clock port 'clk' will be added to the clock's propagated skew. (TIM-112)
Information: Input delay ('rise') on clock port 'clk' will be added to the clock's propagated skew. (TIM-112)
Information: Input delay ('fall') on clock port 'clk' will be added to the clock's propagated skew. (TIM-112)
 
****************************************
Report : clock tree
Design : hsOptFlowTop
Version: G-2012.06-ICC-SP3
Date   : Tue Dec  4 20:16:56 2012
****************************************

Information: Float pin scale factor for the 'max' operating condition of scenario 'default' is set to 1.000 (CTS-375)

============= Clock Tree Summary ==============
Clock                Sinks     CTBuffers ClkCells  Skew      LongestPath TotalDRC   BufferArea
-----------------------------------------------------------------------------------------------
clk                  1252      62        65        0.0213    0.3285      10           346.9064
1
