 
****************************************
Report : qor
Design : hsOptFlowTop
Version: G-2012.06-ICC-SP3
Date   : Tue Dec  4 20:17:09 2012
****************************************


  Timing Path Group 'REGIN'
  -----------------------------------
  Levels of Logic:               8.00
  Critical Path Length:          0.77
  Critical Path Slack:          63.35
  Critical Path Clk Period:     64.00
  Total Negative Slack:          0.00
  No. of Violating Paths:        0.00
  Worst Hold Violation:          0.00
  Total Hold Violation:          0.00
  No. of Hold Violations:        0.00
  -----------------------------------

  Timing Path Group 'REGOUT'
  -----------------------------------
  Levels of Logic:              16.00
  Critical Path Length:          1.49
  Critical Path Slack:          62.05
  Critical Path Clk Period:     64.00
  Total Negative Slack:          0.00
  No. of Violating Paths:        0.00
  Worst Hold Violation:          0.00
  Total Hold Violation:          0.00
  No. of Hold Violations:        0.00
  -----------------------------------

  Timing Path Group 'clk'
  -----------------------------------
  Levels of Logic:             734.00
  Critical Path Length:         63.89
  Critical Path Slack:           0.00
  Critical Path Clk Period:     64.00
  Total Negative Slack:         -0.00
  No. of Violating Paths:        1.00
  Worst Hold Violation:          0.00
  Total Hold Violation:          0.00
  No. of Hold Violations:        0.00
  -----------------------------------


  Cell Count
  -----------------------------------
  Hierarchical Cell Count:         16
  Hierarchical Port Count:       2430
  Leaf Cell Count:              54489
  Buf/Inv Cell Count:           15681
  CT Buf/Inv Cell Count:           62
  Combinational Cell Count:     53244
  Sequential Cell Count:         1245
  Macro Count:                     10
  -----------------------------------


  Area
  -----------------------------------
  Combinational Area:   137895.738284
  Noncombinational Area:
                       4059670.432079
  Buf/Inv Area:          28574.173019
  Net Area:              72750.837652
  Net XLength        :      578725.62
  Net YLength        :      812257.62
  -----------------------------------
  Cell Area:           4197566.170363
  Design Area:         4270317.008015
  Net Length        :      1390983.25


  Design Rules
  -----------------------------------
  Total Number of Nets:         58533
  Nets With Violations:           100
  Max Trans Violations:            49
  Max Cap Violations:              90
  -----------------------------------


  Hostname: icluster16.EECS.Berkeley.EDU

  Compile CPU Statistics
  -----------------------------------------
  Resource Sharing:                   17.91
  Logic Optimization:                473.09
  Mapping Optimization:             1760.88
  -----------------------------------------
  Overall Compile Time:             2383.15
  Overall Compile Wall Clock Time:  1926.15

1
